<?xml version="1.0" encoding="UTF-8"?>
<robot generator="Robot 3.2.1 (Python 3.6.9 on linux)" generated="20200626 12:26:08.388" rpa="false">
<suite id="s1" name="vendedorTestAPI" source="/home/cndr/workspace/Robot/suiteCaruana/adquirenciaAPI/tests/vendedorTestAPI.robot">
<kw name="Connect to API" library="resourceAPI" type="setup">
<kw name="Create Session" library="RequestsLibrary">
<doc>Create Session: create a HTTP session to a server</doc>
<arguments>
<arg>Adquirencia_API</arg>
<arg>${URL_API}</arg>
</arguments>
<msg timestamp="20200626 12:26:08.528" level="INFO">Creating Session using : alias=Adquirencia_API, url=http://18.230.42.118:5100/api, headers={},                     cookies={}, auth=None, timeout=None, proxies=None, verify=False,                     debug=0 </msg>
<status status="PASS" starttime="20200626 12:26:08.527" endtime="20200626 12:26:08.529"></status>
</kw>
<status status="PASS" starttime="20200626 12:26:08.527" endtime="20200626 12:26:08.529"></status>
</kw>
<test id="s1-t1" name="Listar os headers da API (GET)">
<kw name="GET nos headers" library="resourceAPI">
<kw name="Get Request" library="RequestsLibrary">
<doc>Send a GET request on the session object found using the
given `alias`</doc>
<arguments>
<arg>Adquirencia_API</arg>
<arg>Usuario/CheckLogin</arg>
</arguments>
<assign>
<var>${RESPOSTA}</var>
</assign>
<msg timestamp="20200626 12:26:08.566" level="INFO">GET Request : url=http://18.230.42.118:5100/api/Usuario/CheckLogin 
 path_url=/api/Usuario/CheckLogin 
 headers={'User-Agent': 'python-requests/2.23.0', 'Accept-Encoding': 'gzip, deflate', 'Accept': '*/*', 'Connection': 'keep-alive'} 
 body=None 
 </msg>
<msg timestamp="20200626 12:26:08.566" level="INFO">GET Response : url=http://18.230.42.118:5100/api/Usuario/CheckLogin 
 status=401, reason=Unauthorized 
 body=None 
 </msg>
<msg timestamp="20200626 12:26:08.567" level="INFO">${RESPOSTA} = &lt;Response [401]&gt;</msg>
<status status="PASS" starttime="20200626 12:26:08.531" endtime="20200626 12:26:08.567"></status>
</kw>
<status status="PASS" starttime="20200626 12:26:08.530" endtime="20200626 12:26:08.567"></status>
</kw>
<tags>
<tag>caso04</tag>
</tags>
<status status="PASS" starttime="20200626 12:26:08.529" endtime="20200626 12:26:08.567" critical="yes"></status>
</test>
<doc>http://18.230.42.118:5100/subadquirencia/cadastro/swagger/index.html#/</doc>
<status status="PASS" starttime="20200626 12:26:08.390" endtime="20200626 12:26:08.569"></status>
</suite>
<statistics>
<total>
<stat pass="1" fail="0">Critical Tests</stat>
<stat pass="1" fail="0">All Tests</stat>
</total>
<tag>
<stat pass="1" fail="0">caso04</stat>
</tag>
<suite>
<stat pass="1" fail="0" id="s1" name="vendedorTestAPI">vendedorTestAPI</stat>
</suite>
</statistics>
<errors>
</errors>
</robot>
