<?xml version="1.0" encoding="UTF-8"?>
<robot generator="Robot 3.2.1 (Python 3.6.9 on linux)" generated="20200627 19:57:29.186" rpa="false">
<suite id="s1" name="testAPI" source="/home/cndr/workspace/Robot/suiteCaruana/adquirenciaAPI/tests/testAPI.robot">
<kw name="Connect to API" library="resourceAPI" type="setup">
<kw name="Create Session" library="RequestsLibrary">
<doc>Create Session: create a HTTP session to a server</doc>
<arguments>
<arg>Adquirencia_API</arg>
<arg>${URL_API}</arg>
</arguments>
<msg timestamp="20200627 19:57:29.345" level="INFO">Creating Session using : alias=Adquirencia_API, url=http://18.230.42.118:5100/api, headers={},                     cookies={}, auth=None, timeout=None, proxies=None, verify=False,                     debug=0 </msg>
<status status="PASS" starttime="20200627 19:57:29.345" endtime="20200627 19:57:29.346"></status>
</kw>
<status status="PASS" starttime="20200627 19:57:29.344" endtime="20200627 19:57:29.346"></status>
</kw>
<test id="s1-t1" name="Listar um vendedor (GET)">
<kw name="GET em um vendedor &quot;5&quot;" library="resourceAPI">
<kw name="Get Request" library="RequestsLibrary">
<doc>Send a GET request on the session object found using the
given `alias`</doc>
<arguments>
<arg>Adquirencia_API</arg>
<arg>Vendedor/${ID_VENDEDOR}</arg>
</arguments>
<assign>
<var>${GET_VENDEDOR}</var>
</assign>
<msg timestamp="20200627 19:57:29.390" level="INFO">GET Request : url=http://18.230.42.118:5100/api/Vendedor/5 
 path_url=/api/Vendedor/5 
 headers={'User-Agent': 'python-requests/2.23.0', 'Accept-Encoding': 'gzip, deflate', 'Accept': '*/*', 'Connection': 'keep-alive'} 
 body=None 
 </msg>
<msg timestamp="20200627 19:57:29.390" level="INFO">GET Response : url=http://18.230.42.118:5100/api/Vendedor/5 
 status=200, reason=OK 
 body={"login":"Mm","nome":"Maisa Malta","cpf":"15975365478","telefone":"32165498645","email":"conrado+00046@b2ml.com.br","metaMensal":5,"localidade":{"id":162,"cidade":"Manaus","estado":"AM"},"status":1,"id":5,"dataCriacao":"2020-04-24T14:00:50.1750279+00:00","dataModificacao":"0001-01-01T00:00:00+00:00","ativo":true,"responsavelCriacao":10019,"responsavelModificacao":0} 
 </msg>
<msg timestamp="20200627 19:57:29.391" level="INFO">${GET_VENDEDOR} = &lt;Response [200]&gt;</msg>
<status status="PASS" starttime="20200627 19:57:29.348" endtime="20200627 19:57:29.391"></status>
</kw>
<kw name="Set Test Variable" library="BuiltIn">
<doc>Makes a variable available everywhere within the scope of the current test.</doc>
<arguments>
<arg>${GET_VENDEDOR}</arg>
</arguments>
<msg timestamp="20200627 19:57:29.392" level="INFO">${GET_VENDEDOR} = &lt;Response [200]&gt;</msg>
<status status="PASS" starttime="20200627 19:57:29.391" endtime="20200627 19:57:29.393"></status>
</kw>
<status status="PASS" starttime="20200627 19:57:29.347" endtime="20200627 19:57:29.393"></status>
</kw>
<kw name="Conferir o status code" library="resourceAPI">
<arguments>
<arg>200</arg>
</arguments>
<kw name="Should Be Equal As Strings" library="BuiltIn">
<doc>Fails if objects are unequal after converting them to strings.</doc>
<arguments>
<arg>${GET_VENDEDOR.status_code}</arg>
<arg>${STATUS_CODE_VERIFY}</arg>
</arguments>
<msg timestamp="20200627 19:57:29.395" level="INFO">Argument types are:
&lt;class 'int'&gt;
&lt;type 'unicode'&gt;</msg>
<status status="PASS" starttime="20200627 19:57:29.394" endtime="20200627 19:57:29.395"></status>
</kw>
<status status="PASS" starttime="20200627 19:57:29.393" endtime="20200627 19:57:29.396"></status>
</kw>
<kw name="Conferir o reason" library="resourceAPI">
<arguments>
<arg>OK</arg>
</arguments>
<kw name="Should Be Equal As Strings" library="BuiltIn">
<doc>Fails if objects are unequal after converting them to strings.</doc>
<arguments>
<arg>${GET_VENDEDOR.reason}</arg>
<arg>${REASON_VERIFY}</arg>
</arguments>
<status status="PASS" starttime="20200627 19:57:29.398" endtime="20200627 19:57:29.399"></status>
</kw>
<status status="PASS" starttime="20200627 19:57:29.397" endtime="20200627 19:57:29.399"></status>
</kw>
<kw name="Exibir os dados do vendedor" library="resourceAPI">
<kw name="Log" library="BuiltIn">
<doc>Logs the given message with the given level.</doc>
<arguments>
<arg>${GET_VENDEDOR.json()}</arg>
</arguments>
<msg timestamp="20200627 19:57:29.403" level="INFO">{'login': 'Mm', 'nome': 'Maisa Malta', 'cpf': '15975365478', 'telefone': '32165498645', 'email': 'conrado+00046@b2ml.com.br', 'metaMensal': 5, 'localidade': {'id': 162, 'cidade': 'Manaus', 'estado': 'AM'}, 'status': 1, 'id': 5, 'dataCriacao': '2020-04-24T14:00:50.1750279+00:00', 'dataModificacao': '0001-01-01T00:00:00+00:00', 'ativo': True, 'responsavelCriacao': 10019, 'responsavelModificacao': 0}</msg>
<status status="PASS" starttime="20200627 19:57:29.401" endtime="20200627 19:57:29.403"></status>
</kw>
<kw name="Get Substring" library="String">
<doc>Returns a substring from ``start`` index to ``end`` index.</doc>
<arguments>
<arg>${GET_VENDEDOR.text}</arg>
<arg>0</arg>
</arguments>
<assign>
<var>${LOGIN_NAME}</var>
</assign>
<msg timestamp="20200627 19:57:29.408" level="INFO">${LOGIN_NAME} = {"login":"Mm","nome":"Maisa Malta","cpf":"15975365478","telefone":"32165498645","email":"conrado+00046@b2ml.com.br","metaMensal":5,"localidade":{"id":162,"cidade":"Manaus","estado":"AM"},"status":1,"i...</msg>
<status status="PASS" starttime="20200627 19:57:29.403" endtime="20200627 19:57:29.408"></status>
</kw>
<status status="PASS" starttime="20200627 19:57:29.400" endtime="20200627 19:57:29.409"></status>
</kw>
<tags>
<tag>caso03</tag>
</tags>
<status status="PASS" starttime="20200627 19:57:29.346" endtime="20200627 19:57:29.409" critical="yes"></status>
</test>
<doc>http://18.230.42.118:5100/subadquirencia/cadastro/swagger/index.html#/</doc>
<status status="PASS" starttime="20200627 19:57:29.188" endtime="20200627 19:57:29.410"></status>
</suite>
<statistics>
<total>
<stat pass="1" fail="0">Critical Tests</stat>
<stat pass="1" fail="0">All Tests</stat>
</total>
<tag>
<stat pass="1" fail="0">caso03</stat>
</tag>
<suite>
<stat pass="1" fail="0" id="s1" name="testAPI">testAPI</stat>
</suite>
</statistics>
<errors>
</errors>
</robot>
