<?xml version="1.0" encoding="UTF-8"?>
<robot generator="Robot 3.2.1 (Python 3.6.9 on linux)" generated="20200627 18:27:30.476" rpa="false">
<suite id="s1" name="testAPI" source="/home/cndr/workspace/Robot/suiteCaruana/adquirenciaAPI/tests/testAPI.robot">
<kw name="Connect to API" library="resourceAPI" type="setup">
<kw name="Create Session" library="RequestsLibrary">
<doc>Create Session: create a HTTP session to a server</doc>
<arguments>
<arg>Adquirencia_API</arg>
<arg>${URL_API}</arg>
</arguments>
<msg timestamp="20200627 18:27:30.621" level="INFO">Creating Session using : alias=Adquirencia_API, url=http://18.230.42.118:5100/api, headers={},                     cookies={}, auth=None, timeout=None, proxies=None, verify=False,                     debug=0 </msg>
<status status="PASS" starttime="20200627 18:27:30.621" endtime="20200627 18:27:30.624"></status>
</kw>
<status status="PASS" starttime="20200627 18:27:30.620" endtime="20200627 18:27:30.625"></status>
</kw>
<test id="s1-t1" name="Listar um EC">
<kw name="GET em um EC &quot;5&quot;" library="resourceAPI">
<kw name="Get Request" library="RequestsLibrary">
<doc>Send a GET request on the session object found using the
given `alias`</doc>
<arguments>
<arg>Adquirencia_API</arg>
<arg>Estabelecimentopf/${ID_EC}</arg>
</arguments>
<assign>
<var>${GET_EC}</var>
</assign>
<msg timestamp="20200627 18:27:30.669" level="INFO">GET Request : url=http://18.230.42.118:5100/api/Estabelecimentopf/5 
 path_url=/api/Estabelecimentopf/5 
 headers={'User-Agent': 'python-requests/2.23.0', 'Accept-Encoding': 'gzip, deflate', 'Accept': '*/*', 'Connection': 'keep-alive'} 
 body=None 
 </msg>
<msg timestamp="20200627 18:27:30.669" level="INFO">GET Response : url=http://18.230.42.118:5100/api/Estabelecimentopf/5 
 status=200, reason=OK 
 body={"tipo":2,"nomeCompleto":"Academia Maromba","nomeMae":"Kátia Alves","dataNascimento":"0001-01-01T00:00:00+00:00","documentoIdentificacao":"12345678945","etapa":5,"email":"conrado+00017@b2ml.com.br","pep":false,"mcc":{"id":7911,"descricao":"Academias/Estudios de Dança - Salões de Baile "},"endereco":{"logradouro":"Avenida Joaquim Nabuco","numero":154,"complemento":"até 783/784","cep":69005080,"cepstr":"69005080","primario":false,"bairro":"Centro","localidade":{"id":162,"cidade":"Manaus","estado":"AM"},"id":5,"dataCriacao":"0001-01-01T00:00:00+00:00","dataModificacao":"0001-01-01T00:00:00+00:00","ativo":false,"responsavelCriacao":0,"responsavelModificacao":0},"contatos":[{"nome":"Wanda Alves","telefone":"(12) 34567-8945","representanteLegal":false,"id":8,"dataCriacao":"0001-01-01T00:00:00+00:00","dataModificacao":"0001-01-01T00:00:00+00:00","ativo":false,"responsavelCriacao":0,"responsavelModificacao":0}],"faturamentoMensal":{"ticketMedio":0.0,"transacoesDiarias":0,"volumeMensal":0.0,"taxaDebito":0.00000,"taxaCredito":0.00000,"id":5,"dataCriacao":"2020-04-17T14:48:27.0088046+00:00","dataModificacao":"0001-01-01T00:00:00+00:00","ativo":true,"responsavelCriacao":0,"responsavelModificacao":0},"documentos":[],"taxas":[],"domicilio":{"banco":"335","conta":"000456","agencia":"401","tipoConta":"Conta Salário","id":5,"dataCriacao":"0001-01-01T00:00:00+00:00","dataModificacao":"0001-01-01T00:00:00+00:00","ativo":false,"responsavelCriacao":0,"responsavelModificacao":0},"equipamentos":[],"telefone":"1234567894","maxParcelas":12,"aprovadoForca":false,"taxaAntecipacaoMensal":3.0,"id":5,"dataCriacao":"2020-04-17T14:48:27.0088034+00:00","dataModificacao":"2020-06-24T14:07:53.1135674+00:00","ativo":true,"responsavelCriacao":0,"responsavelModificacao":0} 
 </msg>
<msg timestamp="20200627 18:27:30.670" level="INFO">${GET_EC} = &lt;Response [200]&gt;</msg>
<status status="PASS" starttime="20200627 18:27:30.626" endtime="20200627 18:27:30.670"></status>
</kw>
<kw name="Log" library="BuiltIn">
<doc>Logs the given message with the given level.</doc>
<arguments>
<arg>${GET_EC.text}</arg>
</arguments>
<msg timestamp="20200627 18:27:30.671" level="INFO">{"tipo":2,"nomeCompleto":"Academia Maromba","nomeMae":"Kátia Alves","dataNascimento":"0001-01-01T00:00:00+00:00","documentoIdentificacao":"12345678945","etapa":5,"email":"conrado+00017@b2ml.com.br","pep":false,"mcc":{"id":7911,"descricao":"Academias/Estudios de Dança - Salões de Baile "},"endereco":{"logradouro":"Avenida Joaquim Nabuco","numero":154,"complemento":"até 783/784","cep":69005080,"cepstr":"69005080","primario":false,"bairro":"Centro","localidade":{"id":162,"cidade":"Manaus","estado":"AM"},"id":5,"dataCriacao":"0001-01-01T00:00:00+00:00","dataModificacao":"0001-01-01T00:00:00+00:00","ativo":false,"responsavelCriacao":0,"responsavelModificacao":0},"contatos":[{"nome":"Wanda Alves","telefone":"(12) 34567-8945","representanteLegal":false,"id":8,"dataCriacao":"0001-01-01T00:00:00+00:00","dataModificacao":"0001-01-01T00:00:00+00:00","ativo":false,"responsavelCriacao":0,"responsavelModificacao":0}],"faturamentoMensal":{"ticketMedio":0.0,"transacoesDiarias":0,"volumeMensal":0.0,"taxaDebito":0.00000,"taxaCredito":0.00000,"id":5,"dataCriacao":"2020-04-17T14:48:27.0088046+00:00","dataModificacao":"0001-01-01T00:00:00+00:00","ativo":true,"responsavelCriacao":0,"responsavelModificacao":0},"documentos":[],"taxas":[],"domicilio":{"banco":"335","conta":"000456","agencia":"401","tipoConta":"Conta Salário","id":5,"dataCriacao":"0001-01-01T00:00:00+00:00","dataModificacao":"0001-01-01T00:00:00+00:00","ativo":false,"responsavelCriacao":0,"responsavelModificacao":0},"equipamentos":[],"telefone":"1234567894","maxParcelas":12,"aprovadoForca":false,"taxaAntecipacaoMensal":3.0,"id":5,"dataCriacao":"2020-04-17T14:48:27.0088034+00:00","dataModificacao":"2020-06-24T14:07:53.1135674+00:00","ativo":true,"responsavelCriacao":0,"responsavelModificacao":0}</msg>
<status status="PASS" starttime="20200627 18:27:30.670" endtime="20200627 18:27:30.672"></status>
</kw>
<kw name="Set Test Variable" library="BuiltIn">
<doc>Makes a variable available everywhere within the scope of the current test.</doc>
<arguments>
<arg>${GET_EC}</arg>
</arguments>
<msg timestamp="20200627 18:27:30.672" level="INFO">${GET_EC} = &lt;Response [200]&gt;</msg>
<status status="PASS" starttime="20200627 18:27:30.672" endtime="20200627 18:27:30.672"></status>
</kw>
<status status="PASS" starttime="20200627 18:27:30.626" endtime="20200627 18:27:30.673"></status>
</kw>
<kw name="Conferir o status code do EC" library="resourceAPI">
<arguments>
<arg>200</arg>
</arguments>
<kw name="Should Be Equal As Strings" library="BuiltIn">
<doc>Fails if objects are unequal after converting them to strings.</doc>
<arguments>
<arg>${GET_EC.status_code}</arg>
<arg>${STATUS_CODE_EC_VERIFY}</arg>
</arguments>
<msg timestamp="20200627 18:27:30.674" level="INFO">Argument types are:
&lt;class 'int'&gt;
&lt;type 'unicode'&gt;</msg>
<status status="PASS" starttime="20200627 18:27:30.674" endtime="20200627 18:27:30.675"></status>
</kw>
<status status="PASS" starttime="20200627 18:27:30.673" endtime="20200627 18:27:30.675"></status>
</kw>
<kw name="Conferir o reason do EC" library="resourceAPI">
<arguments>
<arg>OK</arg>
</arguments>
<kw name="Should Be Equal As Strings" library="BuiltIn">
<doc>Fails if objects are unequal after converting them to strings.</doc>
<arguments>
<arg>${GET_EC.reason}</arg>
<arg>${REASON_EC_VERIFY}</arg>
</arguments>
<status status="PASS" starttime="20200627 18:27:30.676" endtime="20200627 18:27:30.677"></status>
</kw>
<status status="PASS" starttime="20200627 18:27:30.675" endtime="20200627 18:27:30.677"></status>
</kw>
<kw name="Exibir os dados do EC" library="resourceAPI">
<kw name="Log" library="BuiltIn">
<doc>Logs the given message with the given level.</doc>
<arguments>
<arg>${GET_EC.json()}</arg>
</arguments>
<msg timestamp="20200627 18:27:30.679" level="INFO">{'tipo': 2, 'nomeCompleto': 'Academia Maromba', 'nomeMae': 'Kátia Alves', 'dataNascimento': '0001-01-01T00:00:00+00:00', 'documentoIdentificacao': '12345678945', 'etapa': 5, 'email': 'conrado+00017@b2ml.com.br', 'pep': False, 'mcc': {'id': 7911, 'descricao': 'Academias/Estudios de Dança - Salões de Baile '}, 'endereco': {'logradouro': 'Avenida Joaquim Nabuco', 'numero': 154, 'complemento': 'até 783/784', 'cep': 69005080, 'cepstr': '69005080', 'primario': False, 'bairro': 'Centro', 'localidade': {'id': 162, 'cidade': 'Manaus', 'estado': 'AM'}, 'id': 5, 'dataCriacao': '0001-01-01T00:00:00+00:00', 'dataModificacao': '0001-01-01T00:00:00+00:00', 'ativo': False, 'responsavelCriacao': 0, 'responsavelModificacao': 0}, 'contatos': [{'nome': 'Wanda Alves', 'telefone': '(12) 34567-8945', 'representanteLegal': False, 'id': 8, 'dataCriacao': '0001-01-01T00:00:00+00:00', 'dataModificacao': '0001-01-01T00:00:00+00:00', 'ativo': False, 'responsavelCriacao': 0, 'responsavelModificacao': 0}], 'faturamentoMensal': {'ticketMedio': 0.0, 'transacoesDiarias': 0, 'volumeMensal': 0.0, 'taxaDebito': 0.0, 'taxaCredito': 0.0, 'id': 5, 'dataCriacao': '2020-04-17T14:48:27.0088046+00:00', 'dataModificacao': '0001-01-01T00:00:00+00:00', 'ativo': True, 'responsavelCriacao': 0, 'responsavelModificacao': 0}, 'documentos': [], 'taxas': [], 'domicilio': {'banco': '335', 'conta': '000456', 'agencia': '401', 'tipoConta': 'Conta Salário', 'id': 5, 'dataCriacao': '0001-01-01T00:00:00+00:00', 'dataModificacao': '0001-01-01T00:00:00+00:00', 'ativo': False, 'responsavelCriacao': 0, 'responsavelModificacao': 0}, 'equipamentos': [], 'telefone': '1234567894', 'maxParcelas': 12, 'aprovadoForca': False, 'taxaAntecipacaoMensal': 3.0, 'id': 5, 'dataCriacao': '2020-04-17T14:48:27.0088034+00:00', 'dataModificacao': '2020-06-24T14:07:53.1135674+00:00', 'ativo': True, 'responsavelCriacao': 0, 'responsavelModificacao': 0}</msg>
<status status="PASS" starttime="20200627 18:27:30.678" endtime="20200627 18:27:30.679"></status>
</kw>
<status status="PASS" starttime="20200627 18:27:30.678" endtime="20200627 18:27:30.680"></status>
</kw>
<tags>
<tag>caso05</tag>
</tags>
<status status="PASS" starttime="20200627 18:27:30.625" endtime="20200627 18:27:30.680" critical="yes"></status>
</test>
<doc>http://18.230.42.118:5100/subadquirencia/cadastro/swagger/index.html#/</doc>
<status status="PASS" starttime="20200627 18:27:30.478" endtime="20200627 18:27:30.681"></status>
</suite>
<statistics>
<total>
<stat pass="1" fail="0">Critical Tests</stat>
<stat pass="1" fail="0">All Tests</stat>
</total>
<tag>
<stat pass="1" fail="0">caso05</stat>
</tag>
<suite>
<stat pass="1" fail="0" id="s1" name="testAPI">testAPI</stat>
</suite>
</statistics>
<errors>
</errors>
</robot>
