<?xml version="1.0" encoding="UTF-8"?>
<robot generator="Robot 3.2.1 (Python 3.6.9 on linux)" generated="20200627 22:33:40.339" rpa="false">
<suite id="s1" name="testAPI" source="/home/cndr/workspace/Robot/suiteCaruana/adquirenciaAPI/tests/testAPI.robot">
<kw name="Connect to API" library="resourceAPI" type="setup">
<kw name="Create Session" library="RequestsLibrary">
<doc>Create Session: create a HTTP session to a server</doc>
<arguments>
<arg>Adquirencia_API</arg>
<arg>${URL_API}</arg>
</arguments>
<msg timestamp="20200627 22:33:40.493" level="INFO">Creating Session using : alias=Adquirencia_API, url=http://18.230.42.118:5100/api, headers={},                     cookies={}, auth=None, timeout=None, proxies=None, verify=False,                     debug=0 </msg>
<status status="PASS" starttime="20200627 22:33:40.493" endtime="20200627 22:33:40.494"></status>
</kw>
<status status="PASS" starttime="20200627 22:33:40.492" endtime="20200627 22:33:40.494"></status>
</kw>
<test id="s1-t1" name="Listar os headers da API (POST)">
<kw name="POST em usuario login" library="resourceAPI">
<kw name="Create Dictionary" library="BuiltIn">
<doc>Creates and returns a dictionary based on the given ``items``.</doc>
<arguments>
<arg>Content-Type=application/json</arg>
</arguments>
<assign>
<var>${HEADERS_TOKEN}</var>
</assign>
<msg timestamp="20200627 22:33:40.497" level="INFO">${HEADERS_TOKEN} = {'Content-Type': 'application/json'}</msg>
<status status="PASS" starttime="20200627 22:33:40.496" endtime="20200627 22:33:40.497"></status>
</kw>
<kw name="Create Dictionary" library="BuiltIn">
<doc>Creates and returns a dictionary based on the given ``items``.</doc>
<arguments>
<arg>Email=luiz.guilherme@b2ml.com.br</arg>
<arg>Senha=123456</arg>
</arguments>
<assign>
<var>${BODY_TOKEN}</var>
</assign>
<msg timestamp="20200627 22:33:40.498" level="INFO">${BODY_TOKEN} = {'Email': 'luiz.guilherme@b2ml.com.br', 'Senha': '123456'}</msg>
<status status="PASS" starttime="20200627 22:33:40.498" endtime="20200627 22:33:40.498"></status>
</kw>
<kw name="Post Request" library="RequestsLibrary">
<doc>Send a POST request on the session object found using the
given `alias`</doc>
<arguments>
<arg>Adquirencia_API</arg>
<arg>Usuario/Login</arg>
<arg>data=${BODY_TOKEN}</arg>
<arg>headers=${HEADERS_TOKEN}</arg>
</arguments>
<assign>
<var>${POST_TOKEN}</var>
</assign>
<msg timestamp="20200627 22:33:40.848" level="INFO">POST Request : url=http://18.230.42.118:5100/api/Usuario/Login 
 path_url=/api/Usuario/Login 
 headers={'User-Agent': 'python-requests/2.23.0', 'Accept-Encoding': 'gzip, deflate', 'Accept': '*/*', 'Connection': 'keep-alive', 'Content-Type': 'application/json', 'Content-Length': '58'} 
 body={"Email": "luiz.guilherme@b2ml.com.br", "Senha": "123456"} 
 </msg>
<msg timestamp="20200627 22:33:40.848" level="INFO">POST Response : url=http://18.230.42.118:5100/api/Usuario/Login 
 status=200, reason=OK 
 body={"status":302,"descricao":"Login autenticado com sucesso.","resultado":{"id":1,"nome":"Luiz Root","perfil":{"perfilDescricao":1,"descricao":"Root Access","perfisPermissoes":[{"id":1,"perfilId":1,"permissaoId":1000101,"permissao":{"id":1000101,"descricao":"Listar Adiantamentos"}},{"id":2,"perfilId":1,"permissaoId":1000102,"permissao":{"id":1000102,"descricao":"Pegar Adiantamento"}},{"id":3,"perfilId":1,"permissaoId":1000103,"permissao":{"id":1000103,"descricao":"Enviar Adiantamento"}},{"id":4,"perfilId":1,"permissaoId":1000104,"permissao":{"id":1000104,"descricao":"Alterar Adiantamento"}},{"id":5,"perfilId":1,"permissaoId":1000201,"permissao":{"id":1000201,"descricao":"Listar Adquirentes"}},{"id":6,"perfilId":1,"permissaoId":1000202,"permissao":{"id":1000202,"descricao":"Pegar Adquirente"}},{"id":7,"perfilId":1,"permissaoId":1000203,"permissao":{"id":1000203,"descricao":"Enviar Adquirente"}},{"id":8,"perfilId":1,"permissaoId":1000204,"permissao":{"id":1000204,"descricao":"Alterar Adquirente"}},{"id":9,"perfilId":1,"permissaoId":1000301,"permissao":{"id":1000301,"descricao":"Listar Agendamentos"}},{"id":10,"perfilId":1,"permissaoId":1000302,"permissao":{"id":1000302,"descricao":"Pegar Agendamento"}},{"id":11,"perfilId":1,"permissaoId":1000303,"permissao":{"id":1000303,"descricao":"Pegar Agendamento By Captura"}},{"id":12,"perfilId":1,"permissaoId":1000304,"permissao":{"id":1000304,"descricao":"Pegar Agendamentos By Captura"}},{"id":13,"perfilId":1,"permissaoId":1000305,"permissao":{"id":1000305,"descricao":"Enviar Agendamento By Captura"}},{"id":14,"perfilId":1,"permissaoId":1000306,"permissao":{"id":1000306,"descricao":"Enviar Agendamentos By Captura"}},{"id":15,"perfilId":1,"permissaoId":1000307,"permissao":{"id":1000307,"descricao":"Liquidar Agendamento"}},{"id":16,"perfilId":1,"permissaoId":1000308,"permissao":{"id":1000308,"descricao":"Vincular Transação em Agendamento"}},{"id":17,"perfilId":1,"permissaoId":1000309,"permissao":{"id":1000309,"descricao":"Cancelar Transação em Agendamento"}},{"id":18,"perfilId":1,"permissaoId":1000401,"permissao":{"id":1000401,"descricao":"Listar Capturas"}},{"id":19,"perfilId":1,"permissaoId":1000402,"permissao":{"id":1000402,"descricao":"Pegar Captura"}},{"id":20,"perfilId":1,"permissaoId":1000403,"permissao":{"id":1000403,"descricao":"Enviar Captura"}},{"id":21,"perfilId":1,"permissaoId":1000404,"permissao":{"id":1000404,"descricao":"Alterar Captura"}},{"id":22,"perfilId":1,"permissaoId":1000405,"permissao":{"id":1000405,"descricao":"Enviar Captura Incompleta"}},{"id":23,"perfilId":1,"permissaoId":1000501,"permissao":{"id":1000501,"descricao":"Listar Equipamentos"}},{"id":24,"perfilId":1,"permissaoId":1000502,"permissao":{"id":1000502,"descricao":"Pegar Equipamento"}},{"id":25,"perfilId":1,"permissaoId":1000503,"permissao":{"id":1000503,"descricao":"Enviar Equipamento"}},{"id":26,"perfilId":1,"permissaoId":1000504,"permissao":{"id":1000504,"descricao":"Alterar Equipamento"}},{"id":27,"perfilId":1,"permissaoId":1000505,"permissao":{"id":1000505,"descricao":"Listar Equipamento Check Atrasado"}},{"id":28,"perfilId":1,"permissaoId":1000506,"permissao":{"id":1000506,"descricao":"Pegar Equipamento By Token"}},{"id":29,"perfilId":1,"permissaoId":1000507,"permissao":{"id":1000507,"descricao":"Atualizar Equipamento Check"}},{"id":30,"perfilId":1,"permissaoId":1000508,"permissao":{"id":1000508,"descricao":"Pegar Equipamento To Estabelecimento"}},{"id":31,"perfilId":1,"permissaoId":1000601,"permissao":{"id":1000601,"descricao":"Listar Erros"}},{"id":32,"perfilId":1,"permissaoId":1000602,"permissao":{"id":1000602,"descricao":"Pegar Erro"}},{"id":33,"perfilId":1,"permissaoId":1000603,"permissao":{"id":1000603,"descricao":"Enviar Erro"}},{"id":34,"perfilId":1,"permissaoId":1000701,"permissao":{"id":1000701,"descricao":"Listar Estabelecimentos PJ"}},{"id":35,"perfilId":1,"permissaoId":1000702,"permissao":{"id":1000702,"descricao":"Pegar Estabelecimento PJ"}},{"id":36,"perfilId":1,"permissaoId":1000703,"permissao":{"id":1000703,"descricao":"Enviar Estabelecimento PJ"}},{"id":37,"perfilId":1,"permissaoId":1000704,"permissao":{"id":1000704,"descricao":"Alterar Estabelecimento PJ"}},{"id":38,"perfilId":1,"permissaoId":1001001,"permissao":{"id":1001001,"descricao":"Listar Localidade"}},{"id":39,"perfilId":1,"permissaoId":1001002,"permissao":{"id":1001002,"descricao":"Pegar Localidade"}},{"id":40,"perfilId":1,"permissaoId":1001003,"permissao":{"id":1001003,"descricao":"Pegar Estados"}},{"id":41,"perfilId":1,"permissaoId":1001004,"permissao":{"id":1001004,"descricao":"Pegar Cidades Por Estado"}},{"id":42,"perfilId":1,"permissaoId":1001101,"permissao":{"id":1001101,"descricao":"Listar Perfis"}},{"id":43,"perfilId":1,"permissaoId":1001102,"permissao":{"id":1001102,"descricao":"Pegar Perfil"}},{"id":44,"perfilId":1,"permissaoId":1001103,"permissao":{"id":1001103,"descricao":"Enviar Perfil"}},{"id":45,"perfilId":1,"permissaoId":1001104,"permissao":{"id":1001104,"descricao":"Alterar Perfil"}},{"id":46,"perfilId":1,"permissaoId":1001201,"permissao":{"id":1001201,"descricao":"Listar Personalizacoes"}},{"id":47,"perfilId":1,"permissaoId":1001202,"permissao":{"id":1001202,"descricao":"Pegar Personalizacao"}},{"id":48,"perfilId":1,"permissaoId":1001203,"permissao":{"id":1001203,"descricao":"Enviar Personalizacao"}},{"id":49,"perfilId":1,"permissaoId":1001204,"permissao":{"id":1001204,"descricao":"Alterar Personalizacao"}},{"id":50,"perfilId":1,"permissaoId":1001301,"permissao":{"id":1001301,"descricao":"Listar Regras"}},{"id":51,"perfilId":1,"permissaoId":1001302,"permissao":{"id":1001302,"descricao":"Pegar Regra"}},{"id":52,"perfilId":1,"permissaoId":1001303,"permissao":{"id":1001303,"descricao":"Enviar Regra"}},{"id":53,"perfilId":1,"permissaoId":1001304,"permissao":{"id":1001304,"descricao":"Alterar Regra"}},{"id":54,"perfilId":1,"permissaoId":1001401,"permissao":{"id":1001401,"descricao":"Listar Taxas"}},{"id":55,"perfilId":1,"permissaoId":1001402,"permissao":{"id":1001402,"descricao":"Pegar Taxa"}},{"id":56,"perfilId":1,"permissaoId":1001403,"permissao":{"id":1001403,"descricao":"Pegar Taxa By Equipamento Token"}},{"id":57,"perfilId":1,"permissaoId":1001404,"permissao":{"id":1001404,"descricao":"Enviar Taxa"}},{"id":58,"perfilId":1,"permissaoId":1001405,"permissao":{"id":1001405,"descricao":"Alterar Taxa"}},{"id":59,"perfilId":1,"permissaoId":1001501,"permissao":{"id":1001501,"descricao":"Listar Transacoes"}},{"id":60,"perfilId":1,"permissaoId":1001502,"permissao":{"id":1001502,"descricao":"Pegar Transacao"}},{"id":61,"perfilId":1,"permissaoId":1001503,"permissao":{"id":1001503,"descricao":"Enviar Transacao"}},{"id":62,"perfilId":1,"permissaoId":1001504,"permissao":{"id":1001504,"descricao":"Alterar Transacao"}},{"id":63,"perfilId":1,"permissaoId":1001505,"permissao":{"id":1001505,"descricao":"Pegar Trasacao Pld"}},{"id":64,"perfilId":1,"permissaoId":1001506,"permissao":{"id":1001506,"descricao":"Pegar Trasacao By Protocolo e Equipamento"}},{"id":65,"perfilId":1,"permissaoId":1001507,"permissao":{"id":1001507,"descricao":"Pegar Trasações Atuais"}},{"id":66,"perfilId":1,"permissaoId":1001601,"permissao":{"id":1001601,"descricao":"Listar Usuários"}},{"id":67,"perfilId":1,"permissaoId":1001602,"permissao":{"id":1001602,"descricao":"Pegar Usuário"}},{"id":68,"perfilId":1,"permissaoId":1001603,"permissao":{"id":1001603,"descricao":"Enviar Usuário"}},{"id":69,"perfilId":1,"permissaoId":1001604,"permissao":{"id":1001604,"descricao":"Alterar Usuário"}},{"id":70,"perfilId":1,"permissaoId":1001605,"permissao":{"id":1001605,"descricao":"Alterar Senha Usuário"}},{"id":71,"perfilId":1,"permissaoId":1001606,"permissao":{"id":1001606,"descricao":"Realizar Logout Usuário"}},{"id":72,"perfilId":1,"permissaoId":1001607,"permissao":{"id":1001607,"descricao":"Realizar Login Usuário"}},{"id":73,"perfilId":1,"permissaoId":1001801,"permissao":{"id":1001801,"descricao":"Alterar Configuração"}},{"id":74,"perfilId":1,"permissaoId":1001802,"permissao":{"id":1001802,"descricao":"Pegar Configuração"}},{"id":75,"perfilId":1,"permissaoId":1001803,"permissao":{"id":1001803,"descricao":"Listar Configurações"}},{"id":76,"perfilId":1,"permissaoId":1001901,"permissao":{"id":1001901,"descricao":"Listar Alertas"}},{"id":77,"perfilId":1,"permissaoId":1001902,"permissao":{"id":1001902,"descricao":"Pegar Alerta"}},{"id":78,"perfilId":1,"permissaoId":1001903,"permissao":{"id":1001903,"descricao":"Enviar Alerta"}},{"id":79,"perfilId":1,"permissaoId":1001904,"permissao":{"id":1001904,"descricao":"Alterar Alerta"}},{"id":80,"perfilId":1,"permissaoId":1001905,"permissao":{"id":1001905,"descricao":"Enviar Ação"}},{"id":81,"perfilId":1,"permissaoId":1002001,"permissao":{"id":1002001,"descricao":"Listar Mcc"}},{"id":82,"perfilId":1,"permissaoId":1002002,"permissao":{"id":1002002,"descricao":"Pegar Mcc"}},{"id":83,"perfilId":1,"permissaoId":1002101,"permissao":{"id":1002101,"descricao":"Listar Cancelamentos"}},{"id":84,"perfilId":1,"permissaoId":1002102,"permissao":{"id":1002102,"descricao":"Pegar Cancelamento"}},{"id":85,"perfilId":1,"permissaoId":1002103,"permissao":{"id":1002103,"descricao":"Enviar Cancelamento"}},{"id":86,"perfilId":1,"permissaoId":1002104,"permissao":{"id":1002104,"descricao":"Alterar Cancelamento By CapturaId"}},{"id":87,"perfilId":1,"permissaoId":1002201,"permissao":{"id":1002201,"descricao":"Listar Vales"}},{"id":88,"perfilId":1,"permissaoId":1002202,"permissao":{"id":1002202,"descricao":"Pegar Vale"}},{"id":89,"perfilId":1,"permissaoId":1002203,"permissao":{"id":1002203,"descricao":"Enviar Vale"}},{"id":90,"perfilId":1,"permissaoId":1002204,"permissao":{"id":1002204,"descricao":"Alterar Vale By CapturaId"}},{"id":91,"perfilId":1,"permissaoId":1002301,"permissao":{"id":1002301,"descricao":"Listar Todos CashIn"}},{"id":92,"perfilId":1,"permissaoId":1002302,"permissao":{"id":1002302,"descricao":"Pegar CashIn"}},{"id":93,"perfilId":1,"permissaoId":1002303,"permissao":{"id":1002303,"descricao":"Enviar CashIn"}},{"id":94,"perfi... (set the log level to DEBUG or TRACE to see the full content) 
 </msg>
<msg timestamp="20200627 22:33:40.849" level="INFO">${POST_TOKEN} = &lt;Response [200]&gt;</msg>
<status status="PASS" starttime="20200627 22:33:40.499" endtime="20200627 22:33:40.849"></status>
</kw>
<kw name="Log" library="BuiltIn">
<doc>Logs the given message with the given level.</doc>
<arguments>
<arg>${POST_TOKEN.text}</arg>
</arguments>
<msg timestamp="20200627 22:33:40.850" level="INFO">{"status":302,"descricao":"Login autenticado com sucesso.","resultado":{"id":1,"nome":"Luiz Root","perfil":{"perfilDescricao":1,"descricao":"Root Access","perfisPermissoes":[{"id":1,"perfilId":1,"permissaoId":1000101,"permissao":{"id":1000101,"descricao":"Listar Adiantamentos"}},{"id":2,"perfilId":1,"permissaoId":1000102,"permissao":{"id":1000102,"descricao":"Pegar Adiantamento"}},{"id":3,"perfilId":1,"permissaoId":1000103,"permissao":{"id":1000103,"descricao":"Enviar Adiantamento"}},{"id":4,"perfilId":1,"permissaoId":1000104,"permissao":{"id":1000104,"descricao":"Alterar Adiantamento"}},{"id":5,"perfilId":1,"permissaoId":1000201,"permissao":{"id":1000201,"descricao":"Listar Adquirentes"}},{"id":6,"perfilId":1,"permissaoId":1000202,"permissao":{"id":1000202,"descricao":"Pegar Adquirente"}},{"id":7,"perfilId":1,"permissaoId":1000203,"permissao":{"id":1000203,"descricao":"Enviar Adquirente"}},{"id":8,"perfilId":1,"permissaoId":1000204,"permissao":{"id":1000204,"descricao":"Alterar Adquirente"}},{"id":9,"perfilId":1,"permissaoId":1000301,"permissao":{"id":1000301,"descricao":"Listar Agendamentos"}},{"id":10,"perfilId":1,"permissaoId":1000302,"permissao":{"id":1000302,"descricao":"Pegar Agendamento"}},{"id":11,"perfilId":1,"permissaoId":1000303,"permissao":{"id":1000303,"descricao":"Pegar Agendamento By Captura"}},{"id":12,"perfilId":1,"permissaoId":1000304,"permissao":{"id":1000304,"descricao":"Pegar Agendamentos By Captura"}},{"id":13,"perfilId":1,"permissaoId":1000305,"permissao":{"id":1000305,"descricao":"Enviar Agendamento By Captura"}},{"id":14,"perfilId":1,"permissaoId":1000306,"permissao":{"id":1000306,"descricao":"Enviar Agendamentos By Captura"}},{"id":15,"perfilId":1,"permissaoId":1000307,"permissao":{"id":1000307,"descricao":"Liquidar Agendamento"}},{"id":16,"perfilId":1,"permissaoId":1000308,"permissao":{"id":1000308,"descricao":"Vincular Transação em Agendamento"}},{"id":17,"perfilId":1,"permissaoId":1000309,"permissao":{"id":1000309,"descricao":"Cancelar Transação em Agendamento"}},{"id":18,"perfilId":1,"permissaoId":1000401,"permissao":{"id":1000401,"descricao":"Listar Capturas"}},{"id":19,"perfilId":1,"permissaoId":1000402,"permissao":{"id":1000402,"descricao":"Pegar Captura"}},{"id":20,"perfilId":1,"permissaoId":1000403,"permissao":{"id":1000403,"descricao":"Enviar Captura"}},{"id":21,"perfilId":1,"permissaoId":1000404,"permissao":{"id":1000404,"descricao":"Alterar Captura"}},{"id":22,"perfilId":1,"permissaoId":1000405,"permissao":{"id":1000405,"descricao":"Enviar Captura Incompleta"}},{"id":23,"perfilId":1,"permissaoId":1000501,"permissao":{"id":1000501,"descricao":"Listar Equipamentos"}},{"id":24,"perfilId":1,"permissaoId":1000502,"permissao":{"id":1000502,"descricao":"Pegar Equipamento"}},{"id":25,"perfilId":1,"permissaoId":1000503,"permissao":{"id":1000503,"descricao":"Enviar Equipamento"}},{"id":26,"perfilId":1,"permissaoId":1000504,"permissao":{"id":1000504,"descricao":"Alterar Equipamento"}},{"id":27,"perfilId":1,"permissaoId":1000505,"permissao":{"id":1000505,"descricao":"Listar Equipamento Check Atrasado"}},{"id":28,"perfilId":1,"permissaoId":1000506,"permissao":{"id":1000506,"descricao":"Pegar Equipamento By Token"}},{"id":29,"perfilId":1,"permissaoId":1000507,"permissao":{"id":1000507,"descricao":"Atualizar Equipamento Check"}},{"id":30,"perfilId":1,"permissaoId":1000508,"permissao":{"id":1000508,"descricao":"Pegar Equipamento To Estabelecimento"}},{"id":31,"perfilId":1,"permissaoId":1000601,"permissao":{"id":1000601,"descricao":"Listar Erros"}},{"id":32,"perfilId":1,"permissaoId":1000602,"permissao":{"id":1000602,"descricao":"Pegar Erro"}},{"id":33,"perfilId":1,"permissaoId":1000603,"permissao":{"id":1000603,"descricao":"Enviar Erro"}},{"id":34,"perfilId":1,"permissaoId":1000701,"permissao":{"id":1000701,"descricao":"Listar Estabelecimentos PJ"}},{"id":35,"perfilId":1,"permissaoId":1000702,"permissao":{"id":1000702,"descricao":"Pegar Estabelecimento PJ"}},{"id":36,"perfilId":1,"permissaoId":1000703,"permissao":{"id":1000703,"descricao":"Enviar Estabelecimento PJ"}},{"id":37,"perfilId":1,"permissaoId":1000704,"permissao":{"id":1000704,"descricao":"Alterar Estabelecimento PJ"}},{"id":38,"perfilId":1,"permissaoId":1001001,"permissao":{"id":1001001,"descricao":"Listar Localidade"}},{"id":39,"perfilId":1,"permissaoId":1001002,"permissao":{"id":1001002,"descricao":"Pegar Localidade"}},{"id":40,"perfilId":1,"permissaoId":1001003,"permissao":{"id":1001003,"descricao":"Pegar Estados"}},{"id":41,"perfilId":1,"permissaoId":1001004,"permissao":{"id":1001004,"descricao":"Pegar Cidades Por Estado"}},{"id":42,"perfilId":1,"permissaoId":1001101,"permissao":{"id":1001101,"descricao":"Listar Perfis"}},{"id":43,"perfilId":1,"permissaoId":1001102,"permissao":{"id":1001102,"descricao":"Pegar Perfil"}},{"id":44,"perfilId":1,"permissaoId":1001103,"permissao":{"id":1001103,"descricao":"Enviar Perfil"}},{"id":45,"perfilId":1,"permissaoId":1001104,"permissao":{"id":1001104,"descricao":"Alterar Perfil"}},{"id":46,"perfilId":1,"permissaoId":1001201,"permissao":{"id":1001201,"descricao":"Listar Personalizacoes"}},{"id":47,"perfilId":1,"permissaoId":1001202,"permissao":{"id":1001202,"descricao":"Pegar Personalizacao"}},{"id":48,"perfilId":1,"permissaoId":1001203,"permissao":{"id":1001203,"descricao":"Enviar Personalizacao"}},{"id":49,"perfilId":1,"permissaoId":1001204,"permissao":{"id":1001204,"descricao":"Alterar Personalizacao"}},{"id":50,"perfilId":1,"permissaoId":1001301,"permissao":{"id":1001301,"descricao":"Listar Regras"}},{"id":51,"perfilId":1,"permissaoId":1001302,"permissao":{"id":1001302,"descricao":"Pegar Regra"}},{"id":52,"perfilId":1,"permissaoId":1001303,"permissao":{"id":1001303,"descricao":"Enviar Regra"}},{"id":53,"perfilId":1,"permissaoId":1001304,"permissao":{"id":1001304,"descricao":"Alterar Regra"}},{"id":54,"perfilId":1,"permissaoId":1001401,"permissao":{"id":1001401,"descricao":"Listar Taxas"}},{"id":55,"perfilId":1,"permissaoId":1001402,"permissao":{"id":1001402,"descricao":"Pegar Taxa"}},{"id":56,"perfilId":1,"permissaoId":1001403,"permissao":{"id":1001403,"descricao":"Pegar Taxa By Equipamento Token"}},{"id":57,"perfilId":1,"permissaoId":1001404,"permissao":{"id":1001404,"descricao":"Enviar Taxa"}},{"id":58,"perfilId":1,"permissaoId":1001405,"permissao":{"id":1001405,"descricao":"Alterar Taxa"}},{"id":59,"perfilId":1,"permissaoId":1001501,"permissao":{"id":1001501,"descricao":"Listar Transacoes"}},{"id":60,"perfilId":1,"permissaoId":1001502,"permissao":{"id":1001502,"descricao":"Pegar Transacao"}},{"id":61,"perfilId":1,"permissaoId":1001503,"permissao":{"id":1001503,"descricao":"Enviar Transacao"}},{"id":62,"perfilId":1,"permissaoId":1001504,"permissao":{"id":1001504,"descricao":"Alterar Transacao"}},{"id":63,"perfilId":1,"permissaoId":1001505,"permissao":{"id":1001505,"descricao":"Pegar Trasacao Pld"}},{"id":64,"perfilId":1,"permissaoId":1001506,"permissao":{"id":1001506,"descricao":"Pegar Trasacao By Protocolo e Equipamento"}},{"id":65,"perfilId":1,"permissaoId":1001507,"permissao":{"id":1001507,"descricao":"Pegar Trasações Atuais"}},{"id":66,"perfilId":1,"permissaoId":1001601,"permissao":{"id":1001601,"descricao":"Listar Usuários"}},{"id":67,"perfilId":1,"permissaoId":1001602,"permissao":{"id":1001602,"descricao":"Pegar Usuário"}},{"id":68,"perfilId":1,"permissaoId":1001603,"permissao":{"id":1001603,"descricao":"Enviar Usuário"}},{"id":69,"perfilId":1,"permissaoId":1001604,"permissao":{"id":1001604,"descricao":"Alterar Usuário"}},{"id":70,"perfilId":1,"permissaoId":1001605,"permissao":{"id":1001605,"descricao":"Alterar Senha Usuário"}},{"id":71,"perfilId":1,"permissaoId":1001606,"permissao":{"id":1001606,"descricao":"Realizar Logout Usuário"}},{"id":72,"perfilId":1,"permissaoId":1001607,"permissao":{"id":1001607,"descricao":"Realizar Login Usuário"}},{"id":73,"perfilId":1,"permissaoId":1001801,"permissao":{"id":1001801,"descricao":"Alterar Configuração"}},{"id":74,"perfilId":1,"permissaoId":1001802,"permissao":{"id":1001802,"descricao":"Pegar Configuração"}},{"id":75,"perfilId":1,"permissaoId":1001803,"permissao":{"id":1001803,"descricao":"Listar Configurações"}},{"id":76,"perfilId":1,"permissaoId":1001901,"permissao":{"id":1001901,"descricao":"Listar Alertas"}},{"id":77,"perfilId":1,"permissaoId":1001902,"permissao":{"id":1001902,"descricao":"Pegar Alerta"}},{"id":78,"perfilId":1,"permissaoId":1001903,"permissao":{"id":1001903,"descricao":"Enviar Alerta"}},{"id":79,"perfilId":1,"permissaoId":1001904,"permissao":{"id":1001904,"descricao":"Alterar Alerta"}},{"id":80,"perfilId":1,"permissaoId":1001905,"permissao":{"id":1001905,"descricao":"Enviar Ação"}},{"id":81,"perfilId":1,"permissaoId":1002001,"permissao":{"id":1002001,"descricao":"Listar Mcc"}},{"id":82,"perfilId":1,"permissaoId":1002002,"permissao":{"id":1002002,"descricao":"Pegar Mcc"}},{"id":83,"perfilId":1,"permissaoId":1002101,"permissao":{"id":1002101,"descricao":"Listar Cancelamentos"}},{"id":84,"perfilId":1,"permissaoId":1002102,"permissao":{"id":1002102,"descricao":"Pegar Cancelamento"}},{"id":85,"perfilId":1,"permissaoId":1002103,"permissao":{"id":1002103,"descricao":"Enviar Cancelamento"}},{"id":86,"perfilId":1,"permissaoId":1002104,"permissao":{"id":1002104,"descricao":"Alterar Cancelamento By CapturaId"}},{"id":87,"perfilId":1,"permissaoId":1002201,"permissao":{"id":1002201,"descricao":"Listar Vales"}},{"id":88,"perfilId":1,"permissaoId":1002202,"permissao":{"id":1002202,"descricao":"Pegar Vale"}},{"id":89,"perfilId":1,"permissaoId":1002203,"permissao":{"id":1002203,"descricao":"Enviar Vale"}},{"id":90,"perfilId":1,"permissaoId":1002204,"permissao":{"id":1002204,"descricao":"Alterar Vale By CapturaId"}},{"id":91,"perfilId":1,"permissaoId":1002301,"permissao":{"id":1002301,"descricao":"Listar Todos CashIn"}},{"id":92,"perfilId":1,"permissaoId":1002302,"permissao":{"id":1002302,"descricao":"Pegar CashIn"}},{"id":93,"perfilId":1,"permissaoId":1002303,"permissao":{"id":1002303,"descricao":"Enviar CashIn"}},{"id":94,"perfilId":1,"permissaoId":1002304,"permissao":{"id":1002304,"descricao":"Alterar CashIn By CapturaId"}},{"id":95,"perfilId":1,"permissaoId":1002401,"permissao":{"id":1002401,"descricao":"Listar Parcelas"}},{"id":96,"perfilId":1,"permissaoId":1002402,"permissao":{"id":1002402,"descricao":"Pegar Parcela"}},{"id":97,"perfilId":1,"permissaoId":1002403,"permissao":{"id":1002403,"descricao":"Enviar Parcela"}},{"id":98,"perfilId":1,"permissaoId":1002404,"permissao":{"id":1002404,"descricao":"Alterar Parcela"}},{"id":99,"perfilId":1,"permissaoId":1002501,"permissao":{"id":1002501,"descricao":"Pegar Autbank em TXT"}},{"id":100,"perfilId":1,"permissaoId":1002502,"permissao":{"id":1002502,"descricao":"Enviar Autbank em TXT"}},{"id":101,"perfilId":1,"permissaoId":1002503,"permissao":{"id":1002503,"descricao":"Pegar Autbank"}},{"id":102,"perfilId":1,"permissaoId":1002504,"permissao":{"id":1002504,"descricao":"Enviar Autbank"}},{"id":103,"perfilId":1,"permissaoId":1002601,"permissao":{"id":1002601,"descricao":"Pegar Dashboard_Comum"}},{"id":104,"perfilId":1,"permissaoId":1002602,"permissao":{"id":1002602,"descricao":"Pegar Dashboard_Avancado"}},{"id":105,"perfilId":1,"permissaoId":1002701,"permissao":{"id":1002701,"descricao":"Pegar Rubricas"}},{"id":106,"perfilId":1,"permissaoId":1002702,"permissao":{"id":1002702,"descricao":"Enviar Rubrica"}},{"id":107,"perfilId":1,"permissaoId":1002801,"permissao":{"id":1002801,"descricao":"Pegar AdquirenteMcc"}},{"id":108,"perfilId":1,"permissaoId":1002802,"permissao":{"id":1002802,"descricao":"Listar AdquirenteMcc"}},{"id":109,"perfilId":1,"permissaoId":1002803,"permissao":{"id":1002803,"descricao":"Enviar AdquirenteMcc"}},{"id":110,"perfilId":1,"permissaoId":1002804,"permissao":{"id":1002804,"descricao":"Alterar AdquirenteMcc"}},{"id":111,"perfilId":1,"permissaoId":2000101,"permissao":{"id":2000101,"descricao":"Enviar Captura Temporária"}},{"id":112,"perfilId":1,"permissaoId":3000101,"permissao":{"id":3000101,"descricao":"Recarregar Vale"}},{"id":113,"perfilId":1,"permissaoId":3000201,"permissao":{"id":3000201,"descricao":"Autorizar Transação"}},{"id":114,"perfilId":1,"permissaoId":3000301,"permissao":{"id":3000301,"descricao":"Cancelar Transação"}},{"id":115,"perfilId":1,"permissaoId":4000101,"permissao":{"id":4000101,"descricao":"Agenda Pagamento"}},{"id":116,"perfilId":1,"permissaoId":4000201,"permissao":{"id":4000201,"descricao":"Retira Agendamento"}}],"id":1,"dataCriacao":"2019-04-23T10:47:59+00:00","dataModificacao":"1980-01-01T00:00:00+00:00","ativo":true,"responsavelCriacao":0,"responsavelModificacao":0},"token":"eyJhbGciOiJIUzI1NiIsInR5cCI6IkpXVCJ9.eyJ1bmlxdWVfbmFtZSI6Ikx1aXogUm9vdCIsInJvbGUiOiJSb290IEFjY2VzcyIsIm5iZiI6MTU5MzMwODAyMCwiZXhwIjoxNTk1OTAwMDIwLCJpYXQiOjE1OTMzMDgwMjB9.so9NyoilMrVs1cFcshrQY1A5327JrKCXMgEU-Azl9rg","permissoes":[{"id":1000101,"descricao":"Listar Adiantamentos"},{"id":1000102,"descricao":"Pegar Adiantamento"},{"id":1000103,"descricao":"Enviar Adiantamento"},{"id":1000104,"descricao":"Alterar Adiantamento"},{"id":1000201,"descricao":"Listar Adquirentes"},{"id":1000202,"descricao":"Pegar Adquirente"},{"id":1000203,"descricao":"Enviar Adquirente"},{"id":1000204,"descricao":"Alterar Adquirente"},{"id":1000301,"descricao":"Listar Agendamentos"},{"id":1000302,"descricao":"Pegar Agendamento"},{"id":1000303,"descricao":"Pegar Agendamento By Captura"},{"id":1000304,"descricao":"Pegar Agendamentos By Captura"},{"id":1000305,"descricao":"Enviar Agendamento By Captura"},{"id":1000306,"descricao":"Enviar Agendamentos By Captura"},{"id":1000307,"descricao":"Liquidar Agendamento"},{"id":1000308,"descricao":"Vincular Transação em Agendamento"},{"id":1000309,"descricao":"Cancelar Transação em Agendamento"},{"id":1000401,"descricao":"Listar Capturas"},{"id":1000402,"descricao":"Pegar Captura"},{"id":1000403,"descricao":"Enviar Captura"},{"id":1000404,"descricao":"Alterar Captura"},{"id":1000405,"descricao":"Enviar Captura Incompleta"},{"id":1000501,"descricao":"Listar Equipamentos"},{"id":1000502,"descricao":"Pegar Equipamento"},{"id":1000503,"descricao":"Enviar Equipamento"},{"id":1000504,"descricao":"Alterar Equipamento"},{"id":1000505,"descricao":"Listar Equipamento Check Atrasado"},{"id":1000506,"descricao":"Pegar Equipamento By Token"},{"id":1000507,"descricao":"Atualizar Equipamento Check"},{"id":1000508,"descricao":"Pegar Equipamento To Estabelecimento"},{"id":1000601,"descricao":"Listar Erros"},{"id":1000602,"descricao":"Pegar Erro"},{"id":1000603,"descricao":"Enviar Erro"},{"id":1000701,"descricao":"Listar Estabelecimentos PJ"},{"id":1000702,"descricao":"Pegar Estabelecimento PJ"},{"id":1000703,"descricao":"Enviar Estabelecimento PJ"},{"id":1000704,"descricao":"Alterar Estabelecimento PJ"},{"id":1001001,"descricao":"Listar Localidade"},{"id":1001002,"descricao":"Pegar Localidade"},{"id":1001003,"descricao":"Pegar Estados"},{"id":1001004,"descricao":"Pegar Cidades Por Estado"},{"id":1001101,"descricao":"Listar Perfis"},{"id":1001102,"descricao":"Pegar Perfil"},{"id":1001103,"descricao":"Enviar Perfil"},{"id":1001104,"descricao":"Alterar Perfil"},{"id":1001201,"descricao":"Listar Personalizacoes"},{"id":1001202,"descricao":"Pegar Personalizacao"},{"id":1001203,"descricao":"Enviar Personalizacao"},{"id":1001204,"descricao":"Alterar Personalizacao"},{"id":1001301,"descricao":"Listar Regras"},{"id":1001302,"descricao":"Pegar Regra"},{"id":1001303,"descricao":"Enviar Regra"},{"id":1001304,"descricao":"Alterar Regra"},{"id":1001401,"descricao":"Listar Taxas"},{"id":1001402,"descricao":"Pegar Taxa"},{"id":1001403,"descricao":"Pegar Taxa By Equipamento Token"},{"id":1001404,"descricao":"Enviar Taxa"},{"id":1001405,"descricao":"Alterar Taxa"},{"id":1001501,"descricao":"Listar Transacoes"},{"id":1001502,"descricao":"Pegar Transacao"},{"id":1001503,"descricao":"Enviar Transacao"},{"id":1001504,"descricao":"Alterar Transacao"},{"id":1001505,"descricao":"Pegar Trasacao Pld"},{"id":1001506,"descricao":"Pegar Trasacao By Protocolo e Equipamento"},{"id":1001507,"descricao":"Pegar Trasações Atuais"},{"id":1001601,"descricao":"Listar Usuários"},{"id":1001602,"descricao":"Pegar Usuário"},{"id":1001603,"descricao":"Enviar Usuário"},{"id":1001604,"descricao":"Alterar Usuário"},{"id":1001605,"descricao":"Alterar Senha Usuário"},{"id":1001606,"descricao":"Realizar Logout Usuário"},{"id":1001607,"descricao":"Realizar Login Usuário"},{"id":1001801,"descricao":"Alterar Configuração"},{"id":1001802,"descricao":"Pegar Configuração"},{"id":1001803,"descricao":"Listar Configurações"},{"id":1001901,"descricao":"Listar Alertas"},{"id":1001902,"descricao":"Pegar Alerta"},{"id":1001903,"descricao":"Enviar Alerta"},{"id":1001904,"descricao":"Alterar Alerta"},{"id":1001905,"descricao":"Enviar Ação"},{"id":1002001,"descricao":"Listar Mcc"},{"id":1002002,"descricao":"Pegar Mcc"},{"id":1002101,"descricao":"Listar Cancelamentos"},{"id":1002102,"descricao":"Pegar Cancelamento"},{"id":1002103,"descricao":"Enviar Cancelamento"},{"id":1002104,"descricao":"Alterar Cancelamento By CapturaId"},{"id":1002201,"descricao":"Listar Vales"},{"id":1002202,"descricao":"Pegar Vale"},{"id":1002203,"descricao":"Enviar Vale"},{"id":1002204,"descricao":"Alterar Vale By CapturaId"},{"id":1002301,"descricao":"Listar Todos CashIn"},{"id":1002302,"descricao":"Pegar CashIn"},{"id":1002303,"descricao":"Enviar CashIn"},{"id":1002304,"descricao":"Alterar CashIn By CapturaId"},{"id":1002401,"descricao":"Listar Parcelas"},{"id":1002402,"descricao":"Pegar Parcela"},{"id":1002403,"descricao":"Enviar Parcela"},{"id":1002404,"descricao":"Alterar Parcela"},{"id":1002501,"descricao":"Pegar Autbank em TXT"},{"id":1002502,"descricao":"Enviar Autbank em TXT"},{"id":1002503,"descricao":"Pegar Autbank"},{"id":1002504,"descricao":"Enviar Autbank"},{"id":1002601,"descricao":"Pegar Dashboard_Comum"},{"id":1002602,"descricao":"Pegar Dashboard_Avancado"},{"id":1002701,"descricao":"Pegar Rubricas"},{"id":1002702,"descricao":"Enviar Rubrica"},{"id":1002801,"descricao":"Pegar AdquirenteMcc"},{"id":1002802,"descricao":"Listar AdquirenteMcc"},{"id":1002803,"descricao":"Enviar AdquirenteMcc"},{"id":1002804,"descricao":"Alterar AdquirenteMcc"},{"id":2000101,"descricao":"Enviar Captura Temporária"},{"id":3000101,"descricao":"Recarregar Vale"},{"id":3000201,"descricao":"Autorizar Transação"},{"id":3000301,"descricao":"Cancelar Transação"},{"id":4000101,"descricao":"Agenda Pagamento"},{"id":4000201,"descricao":"Retira Agendamento"}]}}</msg>
<status status="PASS" starttime="20200627 22:33:40.849" endtime="20200627 22:33:40.851"></status>
</kw>
<kw name="Set Test Variable" library="BuiltIn">
<doc>Makes a variable available everywhere within the scope of the current test.</doc>
<arguments>
<arg>${POST_TOKEN}</arg>
</arguments>
<msg timestamp="20200627 22:33:40.852" level="INFO">${POST_TOKEN} = &lt;Response [200]&gt;</msg>
<status status="PASS" starttime="20200627 22:33:40.851" endtime="20200627 22:33:40.852"></status>
</kw>
<status status="PASS" starttime="20200627 22:33:40.495" endtime="20200627 22:33:40.852"></status>
</kw>
<tags>
<tag>caso01</tag>
</tags>
<status status="PASS" starttime="20200627 22:33:40.494" endtime="20200627 22:33:40.852" critical="yes"></status>
</test>
<doc>http://18.230.42.118:5100/subadquirencia/cadastro/swagger/index.html#/</doc>
<status status="PASS" starttime="20200627 22:33:40.341" endtime="20200627 22:33:40.853"></status>
</suite>
<statistics>
<total>
<stat pass="1" fail="0">Critical Tests</stat>
<stat pass="1" fail="0">All Tests</stat>
</total>
<tag>
<stat pass="1" fail="0">caso01</stat>
</tag>
<suite>
<stat pass="1" fail="0" id="s1" name="testAPI">testAPI</stat>
</suite>
</statistics>
<errors>
</errors>
</robot>
