<?xml version="1.0" encoding="UTF-8"?>
<robot generator="Robot 3.2.1 (Python 3.6.9 on linux)" generated="20200630 17:42:52.373" rpa="false">
<suite id="s1" name="testAPI" source="/home/cndr/workspace/Robot/suiteCaruana/adquirenciaAPI/tests/testAPI.robot">
<kw name="Connect to API" library="resourceAPI" type="setup">
<kw name="Create Session" library="RequestsLibrary">
<doc>Create Session: create a HTTP session to a server</doc>
<arguments>
<arg>Adquirencia_API</arg>
<arg>${URL_API}</arg>
</arguments>
<msg timestamp="20200630 17:42:52.532" level="INFO">Creating Session using : alias=Adquirencia_API, url=http://18.230.42.118:5100/api, headers={},                     cookies={}, auth=None, timeout=None, proxies=None, verify=False,                     debug=0 </msg>
<status status="PASS" starttime="20200630 17:42:52.531" endtime="20200630 17:42:52.536"></status>
</kw>
<status status="PASS" starttime="20200630 17:42:52.531" endtime="20200630 17:42:52.536"></status>
</kw>
<test id="s1-t1" name="Listar todos os vendedores (GET)">
<kw name="Listar todos os vendedores" library="resourceAPI">
<kw name="Get Request" library="RequestsLibrary">
<doc>Send a GET request on the session object found using the
given `alias`</doc>
<arguments>
<arg>Adquirencia_API</arg>
<arg>Vendedor</arg>
</arguments>
<assign>
<var>${REQUEST}</var>
</assign>
<msg timestamp="20200630 17:42:52.876" level="INFO">GET Request : url=http://18.230.42.118:5100/api/Vendedor 
 path_url=/api/Vendedor 
 headers={'User-Agent': 'python-requests/2.23.0', 'Accept-Encoding': 'gzip, deflate', 'Accept': '*/*', 'Connection': 'keep-alive'} 
 body=None 
 </msg>
<msg timestamp="20200630 17:42:52.878" level="INFO">GET Response : url=http://18.230.42.118:5100/api/Vendedor 
 status=200, reason=OK 
 body=[{"login":"Sdo","nome":"Suellen de Oliveira","cpf":"09307156436","telefone":"92988789789","email":"conrado+01008@b2ml.com.br","metaMensal":5,"localidadeId":162,"compromissos":[],"localidade":{"id":162,"cidade":"Manaus","estado":"AM","vendedores":[{"login":"Ksa","nome":"Katia Sampaio","cpf":"89575866438","telefone":"9298878789978","email":"conrado+01006@b2ml.com.br","metaMensal":5,"localidadeId":162,"compromissos":[],"status":1,"id":30054,"dataCriacao":"2020-06-28T01:41:04.1537066+00:00","dataModificacao":"0001-01-01T00:00:00+00:00","ip":"","geolocalizacao":"","ativo":true,"responsavelCriacao":1,"responsavelModificacao":0},{"login":"Afe","nome":"Angelica Fernandes","cpf":"57895866438","telefone":"9298789878978","email":"conrado+01007@b2ml.com.br","metaMensal":5,"localidadeId":162,"compromissos":[],"status":1,"id":30053,"dataCriacao":"2020-06-28T01:36:39.7466173+00:00","dataModificacao":"0001-01-01T00:00:00+00:00","ip":"","geolocalizacao":"","ativo":true,"responsavelCriacao":1,"responsavelModificacao":0},{"login":"Go","nome":"Glenda Otto","cpf":"07895385664","telefone":"9298787898978","email":"conrado+01003@b2ml.com.br","metaMensal":5,"localidadeId":162,"compromissos":[],"status":1,"id":30052,"dataCriacao":"2020-06-27T22:49:18.0299155+00:00","dataModificacao":"0001-01-01T00:00:00+00:00","ip":"","geolocalizacao":"","ativo":true,"responsavelCriacao":1,"responsavelModificacao":0},{"login":"Wd","nome":"Wanda Damaceno","cpf":"00795313664","telefone":"9298787898978","email":"conrado+01002@b2ml.com.br","metaMensal":5,"localidadeId":162,"compromissos":[],"status":1,"id":30051,"dataCriacao":"2020-06-26T23:55:52.2991352+00:00","dataModificacao":"0001-01-01T00:00:00+00:00","ip":"","geolocalizacao":"","ativo":true,"responsavelCriacao":1,"responsavelModificacao":0},{"login":"Rr","nome":"Raissa Reis","cpf":"09530716436","telefone":"92987898789","email":"conrado+01001@b2ml.com.br","metaMensal":5,"localidadeId":162,"compromissos":[],"status":1,"id":30050,"dataCriacao":"2020-06-26T23:34:07.282465+00:00","dataModificacao":"0001-01-01T00:00:00+00:00","ip":"","geolocalizacao":"","ativo":true,"responsavelCriacao":1,"responsavelModificacao":0},{"login":"Pp","nome":"Paula Pereira","cpf":"09564363071","telefone":"92987898789","email":"conrado+01000@b2ml.com.br","metaMensal":5,"localidadeId":162,"compromissos":[],"status":1,"id":30049,"dataCriacao":"2020-06-24T19:31:36.2262244+00:00","dataModificacao":"2020-06-24T16:34:34.51+00:00","ip":"","geolocalizacao":"","ativo":true,"responsavelCriacao":1,"responsavelModificacao":0},{"login":"Ma","nome":"Maria Antonieta","cpf":"45648945698","telefone":"65498765432","email":"conrado+00097@b2ml.com.br","metaMensal":5,"localidadeId":162,"compromissos":[],"status":1,"id":20046,"dataCriacao":"2020-05-04T18:47:46.8815299+00:00","dataModificacao":"0001-01-01T00:00:00+00:00","ativo":true,"responsavelCriacao":1,"responsavelModificacao":0},{"login":"Cs","nome":"Cristina Souza","cpf":"45698765432","telefone":"45698765432","email":"conrado+00096@b2ml.com.br","metaMensal":5,"localidadeId":162,"compromissos":[{"dataCompromisso":"2020-04-29T17:20:14.999+00:00","status":3,"vendedorId":10052,"acaoId":24,"prioridade":2,"id":21,"dataCriacao":"2020-04-27T20:06:02.1881721+00:00","dataModificacao":"2020-04-30T06:32:02.8708328+00:00","ativo":false,"responsavelCriacao":1,"responsavelModificacao":1},{"dataCompromisso":"2020-04-30T06:34:02+00:00","status":1,"vendedorId":10052,"acaoId":20076,"prioridade":1,"id":20033,"dataCriacao":"2020-04-30T06:34:07.7687592+00:00","dataModificacao":"2020-04-30T06:34:07.7687594+00:00","ativo":false,"responsavelCriacao":1,"responsavelModificacao":1}],"status":1,"id":10052,"dataCriacao":"2020-04-29T16:49:59.1758404+00:00","dataModificacao":"0001-01-01T00:00:00+00:00","ativo":true,"responsavelCriacao":1,"responsavelModificacao":0},{"login":"Ca","nome":"Carla Almeida","cpf":"32165498765","telefone":"45678945612","email":"conrado+00095@b2ml.com.br","metaMensal":5,"localidadeId":162,"compromissos":[{"dataCompromisso":"2020-04-29T17:19:47.17+00:00","status":1,"vendedorId":10051,"acaoId":65,"prioridade":2,"id":36,"dataCriacao":"2020-04-27T20:20:09.8308644+00:00","dataModificacao":"2020-04-29T17:19:52.3160311+00:00","ativo":false,"responsavelCriacao":1,"responsavelModificacao":1},{"dataCompromisso":"2020-04-29T18:31:14+00:00","status":1,"vendedorId":10051,"acaoId":11,"prioridade":2,"id":47,"dataCriacao":"2020-04-27T20:31:05.974337+00:00","dataModificacao":"2020-04-29T18:31:46.4691933+00:00","ativo":false,"responsavelCriacao":1,"responsavelModificacao":1}],"status":1,"id":10051,"dataCriacao":"2020-04-29T16:49:24.4187138+00:00","dataModificacao":"0001-01-01T00:00:00+00:00","ativo":true,"responsavelCriacao":1,"responsavelModificacao":0},{"login":"Bo","nome":"Breno de Oliveira","cpf":"65498765432","telefone":"32165498765","email":"conrado+00094@b2ml.com.br","metaMensal":5,"localidadeId":162,"compromissos":[{"dataCompromisso":"2020-04-29T17:20:01.25+00:00","status":3,"vendedorId":10050,"acaoId":40,"prioridade":2,"id":38,"dataCriacao":"2020-04-27T20:20:20.5149386+00:00","dataModificacao":"2020-04-29T20:34:58.8471994+00:00","ativo":false,"responsavelCriacao":1,"responsavelModificacao":1},{"dataCompromisso":"2020-04-29T17:21:40.066+00:00","status":4,"vendedorId":10050,"acaoId":29,"observacao":"Texto teste","prioridade":1,"id":41,"dataCriacao":"2020-04-27T20:20:46.6488123+00:00","dataModificacao":"2020-04-29T20:38:51.7347231+00:00","ativo":false,"responsavelCriacao":1,"responsavelModificacao":1}],"status":1,"id":10050,"dataCriacao":"2020-04-29T16:48:23.1613858+00:00","dataModificacao":"2020-05-04T18:28:13.3652586+00:00","ativo":true,"responsavelCriacao":1,"responsavelModificacao":1},{"login":"Bg","nome":"Bruna Gomes","cpf":"65498765432","telefone":"32165498765","email":"conrado+00093@b2ml.com.br","metaMensal":5,"localidadeId":162,"compromissos":[{"dataCompromisso":"2020-04-29T17:19:31.042+00:00","status":3,"vendedorId":10049,"acaoId":34,"prioridade":2,"id":26,"dataCriacao":"2020-04-27T20:08:31.1209271+00:00","dataModificacao":"2020-04-29T20:45:10.7668784+00:00","ativo":false,"responsavelCriacao":1,"responsavelModificacao":1},{"dataCompromisso":"2020-04-29T17:20:47.349+00:00","status":3,"vendedorId":10049,"acaoId":114,"prioridade":2,"id":48,"dataCriacao":"2020-04-27T20:31:27.5281481+00:00","dataModificacao":"2020-04-29T20:51:12.2621887+00:00","ativo":false,"responsavelCriacao":1,"responsavelModificacao":1},{"dataCompromisso":"2020-04-29T20:53:17+00:00","status":4,"vendedorId":10049,"acaoId":20073,"observacao":"Texto texto","prioridade":1,"id":20031,"dataCriacao":"2020-04-29T20:53:22.8251634+00:00","dataModificacao":"2020-04-29T20:55:08.0251584+00:00","ativo":false,"responsavelCriacao":1,"responsavelModificacao":1}],"status":1,"id":10049,"dataCriacao":"2020-04-29T16:47:24.9990482+00:00","dataModificacao":"2020-04-29T21:04:48.4963527+00:00","ativo":true,"responsavelCriacao":1,"responsavelModificacao":1},{"login":"Aj","nome":"Alisia Jesus","cpf":"15975365987","telefone":"32165498765","email":"conrado+00092@b2ml.com.br","metaMensal":5,"localidadeId":162,"compromissos":[{"dataCompromisso":"2020-04-29T17:18:57.015+00:00","status":3,"vendedorId":10048,"acaoId":45,"prioridade":2,"id":22,"dataCriacao":"2020-04-27T20:06:05.9562904+00:00","dataModificacao":"2020-04-29T17:57:47.0389111+00:00","ativo":false,"responsavelCriacao":1,"responsavelModificacao":1},{"dataCompromisso":"2020-04-29T17:21:54.054+00:00","status":4,"vendedorId":10048,"acaoId":10072,"observacao":"Texto de teste texto de teste","prioridade":1,"id":49,"dataCriacao":"2020-04-27T20:31:31.3579953+00:00","dataModificacao":"2020-04-29T17:54:49.0930901+00:00","ativo":false,"responsavelCriacao":1,"responsavelModificacao":1},{"dataCompromisso":"2020-04-29T17:18:21.355+00:00","status":3,"vendedorId":10048,"acaoId":10091,"prioridade":1,"id":10032,"dataCriacao":"2020-04-29T15:18:55.9488517+00:00","dataModificacao":"2020-04-29T17:41:48.0999463+00:00","ativo":false,"responsavelCriacao":1,"responsavelModificacao":1},{"dataCompromisso":"2020-04-29T17:18:38.14+00:00","status":3,"vendedorId":10048,"acaoId":10090,"prioridade":0,"id":10033,"dataCriacao":"2020-04-29T15:19:25.191664+00:00","dataModificacao":"2020-04-29T17:48:34.3882075+00:00","ativo":false,"responsavelCriacao":1,"responsavelModificacao":1},{"dataCompromisso":"2020-04-29T20:08:09+00:00","status":4,"vendedorId":10048,"acaoId":20072,"observacao":"Texto de teste","prioridade":1,"id":20030,"dataCriacao":"2020-04-29T20:08:15.5923758+00:00","dataModificacao":"2020-04-29T20:26:16.4095902+00:00","ativo":false,"responsavelCriacao":1,"responsavelModificacao":1}],"status":1,"id":10048,"dataCriacao":"2020-04-29T16:46:51.8727329+00:00","dataModificacao":"2020-05-05T14:07:58.9316927+00:00","ativo":true,"responsavelCriacao":1,"responsavelModificacao":1},{"login":"Af","nome":"Amanda Feitosa","cpf":"32165498654","telefone":"12365478965","email":"conrado+00091@b2ml.com.br","metaMensal":5,"localidadeId":162,"compromissos":[{"dataCompromisso":"2020-04-29T17:20:29.038+00:00","status":4,"vendedorId":10047,"acaoId":19,"observacao":"Texto texto","prioridade":2,"id":20,"dataCriacao":"2020-04-27T20:05:29.7883603+00:00","dataModificacao":"2020-04-29T21:25:11.0935484+00:00","ativo":false,"responsavelCriacao":1,"responsavelModificacao":1},{"dataCompromisso":"2020-04-29T17:17:44+00:00","status":4,"vendedorId":10047,"acaoId":44,"observacao":"Texto texto","prioridade":2,"id":23,"dataCriacao":"2020-04-27T20:06:17.1536497+00:00","dataModificacao":"2020-04-29T21:27:36.3371725+00:00","ativo":false,"responsavelCriacao":1,"responsavelModificacao":1},{"dataCompromisso":"2020-04-29T17:19:13.132+00:00","status":3,"vendedorId":10047,"acaoId":10074,"prioridade":1,"id":10031,"dataCriacao":"2020-04-29T15:18:16.225177+00:00","dataModificacao":"2020-04-29T21:21:50.8381511+00:00","ativo":false,"responsavelCriacao":1,"responsavelModificacao":1}],"status":1,"id":10047,"dataCriacao":"2020-04-29T16:46:01.0341279+00:00","dataModificacao":"0001-01-01T00:00:00+0... (set the log level to DEBUG or TRACE to see the full content) 
 </msg>
<msg timestamp="20200630 17:42:52.878" level="INFO">${REQUEST} = &lt;Response [200]&gt;</msg>
<status status="PASS" starttime="20200630 17:42:52.538" endtime="20200630 17:42:52.878"></status>
</kw>
<kw name="Set Test Variable" library="BuiltIn">
<doc>Makes a variable available everywhere within the scope of the current test.</doc>
<arguments>
<arg>${REQUEST}</arg>
</arguments>
<msg timestamp="20200630 17:42:52.880" level="INFO">${REQUEST} = &lt;Response [200]&gt;</msg>
<status status="PASS" starttime="20200630 17:42:52.879" endtime="20200630 17:42:52.880"></status>
</kw>
<status status="PASS" starttime="20200630 17:42:52.537" endtime="20200630 17:42:52.880"></status>
</kw>
<kw name="Conferir o status code" library="resourceAPI">
<arguments>
<arg>200</arg>
</arguments>
<kw name="Should Be Equal As Strings" library="BuiltIn">
<doc>Fails if objects are unequal after converting them to strings.</doc>
<arguments>
<arg>${REQUEST.status_code}</arg>
<arg>${STATUS_CODE}</arg>
</arguments>
<msg timestamp="20200630 17:42:52.882" level="INFO">Argument types are:
&lt;class 'int'&gt;
&lt;type 'unicode'&gt;</msg>
<status status="PASS" starttime="20200630 17:42:52.881" endtime="20200630 17:42:52.882"></status>
</kw>
<status status="PASS" starttime="20200630 17:42:52.880" endtime="20200630 17:42:52.882"></status>
</kw>
<kw name="Conferir o reason" library="resourceAPI">
<arguments>
<arg>OK</arg>
</arguments>
<kw name="Should Be Equal As Strings" library="BuiltIn">
<doc>Fails if objects are unequal after converting them to strings.</doc>
<arguments>
<arg>${REQUEST.reason}</arg>
<arg>${REASON_MESSAGE}</arg>
</arguments>
<status status="PASS" starttime="20200630 17:42:52.883" endtime="20200630 17:42:52.884"></status>
</kw>
<status status="PASS" starttime="20200630 17:42:52.883" endtime="20200630 17:42:52.885"></status>
</kw>
<kw name="Exibir os dados dos vendedores" library="resourceAPI">
<kw name="Log" library="BuiltIn">
<doc>Logs the given message with the given level.</doc>
<arguments>
<arg>${REQUEST.json()}</arg>
</arguments>
<msg timestamp="20200630 17:42:52.908" level="INFO">[{'login': 'Sdo', 'nome': 'Suellen de Oliveira', 'cpf': '09307156436', 'telefone': '92988789789', 'email': 'conrado+01008@b2ml.com.br', 'metaMensal': 5, 'localidadeId': 162, 'compromissos': [], 'localidade': {'id': 162, 'cidade': 'Manaus', 'estado': 'AM', 'vendedores': [{'login': 'Ksa', 'nome': 'Katia Sampaio', 'cpf': '89575866438', 'telefone': '9298878789978', 'email': 'conrado+01006@b2ml.com.br', 'metaMensal': 5, 'localidadeId': 162, 'compromissos': [], 'status': 1, 'id': 30054, 'dataCriacao': '2020-06-28T01:41:04.1537066+00:00', 'dataModificacao': '0001-01-01T00:00:00+00:00', 'ip': '', 'geolocalizacao': '', 'ativo': True, 'responsavelCriacao': 1, 'responsavelModificacao': 0}, {'login': 'Afe', 'nome': 'Angelica Fernandes', 'cpf': '57895866438', 'telefone': '9298789878978', 'email': 'conrado+01007@b2ml.com.br', 'metaMensal': 5, 'localidadeId': 162, 'compromissos': [], 'status': 1, 'id': 30053, 'dataCriacao': '2020-06-28T01:36:39.7466173+00:00', 'dataModificacao': '0001-01-01T00:00:00+00:00', 'ip': '', 'geolocalizacao': '', 'ativo': True, 'responsavelCriacao': 1, 'responsavelModificacao': 0}, {'login': 'Go', 'nome': 'Glenda Otto', 'cpf': '07895385664', 'telefone': '9298787898978', 'email': 'conrado+01003@b2ml.com.br', 'metaMensal': 5, 'localidadeId': 162, 'compromissos': [], 'status': 1, 'id': 30052, 'dataCriacao': '2020-06-27T22:49:18.0299155+00:00', 'dataModificacao': '0001-01-01T00:00:00+00:00', 'ip': '', 'geolocalizacao': '', 'ativo': True, 'responsavelCriacao': 1, 'responsavelModificacao': 0}, {'login': 'Wd', 'nome': 'Wanda Damaceno', 'cpf': '00795313664', 'telefone': '9298787898978', 'email': 'conrado+01002@b2ml.com.br', 'metaMensal': 5, 'localidadeId': 162, 'compromissos': [], 'status': 1, 'id': 30051, 'dataCriacao': '2020-06-26T23:55:52.2991352+00:00', 'dataModificacao': '0001-01-01T00:00:00+00:00', 'ip': '', 'geolocalizacao': '', 'ativo': True, 'responsavelCriacao': 1, 'responsavelModificacao': 0}, {'login': 'Rr', 'nome': 'Raissa Reis', 'cpf': '09530716436', 'telefone': '92987898789', 'email': 'conrado+01001@b2ml.com.br', 'metaMensal': 5, 'localidadeId': 162, 'compromissos': [], 'status': 1, 'id': 30050, 'dataCriacao': '2020-06-26T23:34:07.282465+00:00', 'dataModificacao': '0001-01-01T00:00:00+00:00', 'ip': '', 'geolocalizacao': '', 'ativo': True, 'responsavelCriacao': 1, 'responsavelModificacao': 0}, {'login': 'Pp', 'nome': 'Paula Pereira', 'cpf': '09564363071', 'telefone': '92987898789', 'email': 'conrado+01000@b2ml.com.br', 'metaMensal': 5, 'localidadeId': 162, 'compromissos': [], 'status': 1, 'id': 30049, 'dataCriacao': '2020-06-24T19:31:36.2262244+00:00', 'dataModificacao': '2020-06-24T16:34:34.51+00:00', 'ip': '', 'geolocalizacao': '', 'ativo': True, 'responsavelCriacao': 1, 'responsavelModificacao': 0}, {'login': 'Ma', 'nome': 'Maria Antonieta', 'cpf': '45648945698', 'telefone': '65498765432', 'email': 'conrado+00097@b2ml.com.br', 'metaMensal': 5, 'localidadeId': 162, 'compromissos': [], 'status': 1, 'id': 20046, 'dataCriacao': '2020-05-04T18:47:46.8815299+00:00', 'dataModificacao': '0001-01-01T00:00:00+00:00', 'ativo': True, 'responsavelCriacao': 1, 'responsavelModificacao': 0}, {'login': 'Cs', 'nome': 'Cristina Souza', 'cpf': '45698765432', 'telefone': '45698765432', 'email': 'conrado+00096@b2ml.com.br', 'metaMensal': 5, 'localidadeId': 162, 'compromissos': [{'dataCompromisso': '2020-04-29T17:20:14.999+00:00', 'status': 3, 'vendedorId': 10052, 'acaoId': 24, 'prioridade': 2, 'id': 21, 'dataCriacao': '2020-04-27T20:06:02.1881721+00:00', 'dataModificacao': '2020-04-30T06:32:02.8708328+00:00', 'ativo': False, 'responsavelCriacao': 1, 'responsavelModificacao': 1}, {'dataCompromisso': '2020-04-30T06:34:02+00:00', 'status': 1, 'vendedorId': 10052, 'acaoId': 20076, 'prioridade': 1, 'id': 20033, 'dataCriacao': '2020-04-30T06:34:07.7687592+00:00', 'dataModificacao': '2020-04-30T06:34:07.7687594+00:00', 'ativo': False, 'responsavelCriacao': 1, 'responsavelModificacao': 1}], 'status': 1, 'id': 10052, 'dataCriacao': '2020-04-29T16:49:59.1758404+00:00', 'dataModificacao': '0001-01-01T00:00:00+00:00', 'ativo': True, 'responsavelCriacao': 1, 'responsavelModificacao': 0}, {'login': 'Ca', 'nome': 'Carla Almeida', 'cpf': '32165498765', 'telefone': '45678945612', 'email': 'conrado+00095@b2ml.com.br', 'metaMensal': 5, 'localidadeId': 162, 'compromissos': [{'dataCompromisso': '2020-04-29T17:19:47.17+00:00', 'status': 1, 'vendedorId': 10051, 'acaoId': 65, 'prioridade': 2, 'id': 36, 'dataCriacao': '2020-04-27T20:20:09.8308644+00:00', 'dataModificacao': '2020-04-29T17:19:52.3160311+00:00', 'ativo': False, 'responsavelCriacao': 1, 'responsavelModificacao': 1}, {'dataCompromisso': '2020-04-29T18:31:14+00:00', 'status': 1, 'vendedorId': 10051, 'acaoId': 11, 'prioridade': 2, 'id': 47, 'dataCriacao': '2020-04-27T20:31:05.974337+00:00', 'dataModificacao': '2020-04-29T18:31:46.4691933+00:00', 'ativo': False, 'responsavelCriacao': 1, 'responsavelModificacao': 1}], 'status': 1, 'id': 10051, 'dataCriacao': '2020-04-29T16:49:24.4187138+00:00', 'dataModificacao': '0001-01-01T00:00:00+00:00', 'ativo': True, 'responsavelCriacao': 1, 'responsavelModificacao': 0}, {'login': 'Bo', 'nome': 'Breno de Oliveira', 'cpf': '65498765432', 'telefone': '32165498765', 'email': 'conrado+00094@b2ml.com.br', 'metaMensal': 5, 'localidadeId': 162, 'compromissos': [{'dataCompromisso': '2020-04-29T17:20:01.25+00:00', 'status': 3, 'vendedorId': 10050, 'acaoId': 40, 'prioridade': 2, 'id': 38, 'dataCriacao': '2020-04-27T20:20:20.5149386+00:00', 'dataModificacao': '2020-04-29T20:34:58.8471994+00:00', 'ativo': False, 'responsavelCriacao': 1, 'responsavelModificacao': 1}, {'dataCompromisso': '2020-04-29T17:21:40.066+00:00', 'status': 4, 'vendedorId': 10050, 'acaoId': 29, 'observacao': 'Texto teste', 'prioridade': 1, 'id': 41, 'dataCriacao': '2020-04-27T20:20:46.6488123+00:00', 'dataModificacao': '2020-04-29T20:38:51.7347231+00:00', 'ativo': False, 'responsavelCriacao': 1, 'responsavelModificacao': 1}], 'status': 1, 'id': 10050, 'dataCriacao': '2020-04-29T16:48:23.1613858+00:00', 'dataModificacao': '2020-05-04T18:28:13.3652586+00:00', 'ativo': True, 'responsavelCriacao': 1, 'responsavelModificacao': 1}, {'login': 'Bg', 'nome': 'Bruna Gomes', 'cpf': '65498765432', 'telefone': '32165498765', 'email': 'conrado+00093@b2ml.com.br', 'metaMensal': 5, 'localidadeId': 162, 'compromissos': [{'dataCompromisso': '2020-04-29T17:19:31.042+00:00', 'status': 3, 'vendedorId': 10049, 'acaoId': 34, 'prioridade': 2, 'id': 26, 'dataCriacao': '2020-04-27T20:08:31.1209271+00:00', 'dataModificacao': '2020-04-29T20:45:10.7668784+00:00', 'ativo': False, 'responsavelCriacao': 1, 'responsavelModificacao': 1}, {'dataCompromisso': '2020-04-29T17:20:47.349+00:00', 'status': 3, 'vendedorId': 10049, 'acaoId': 114, 'prioridade': 2, 'id': 48, 'dataCriacao': '2020-04-27T20:31:27.5281481+00:00', 'dataModificacao': '2020-04-29T20:51:12.2621887+00:00', 'ativo': False, 'responsavelCriacao': 1, 'responsavelModificacao': 1}, {'dataCompromisso': '2020-04-29T20:53:17+00:00', 'status': 4, 'vendedorId': 10049, 'acaoId': 20073, 'observacao': 'Texto texto', 'prioridade': 1, 'id': 20031, 'dataCriacao': '2020-04-29T20:53:22.8251634+00:00', 'dataModificacao': '2020-04-29T20:55:08.0251584+00:00', 'ativo': False, 'responsavelCriacao': 1, 'responsavelModificacao': 1}], 'status': 1, 'id': 10049, 'dataCriacao': '2020-04-29T16:47:24.9990482+00:00', 'dataModificacao': '2020-04-29T21:04:48.4963527+00:00', 'ativo': True, 'responsavelCriacao': 1, 'responsavelModificacao': 1}, {'login': 'Aj', 'nome': 'Alisia Jesus', 'cpf': '15975365987', 'telefone': '32165498765', 'email': 'conrado+00092@b2ml.com.br', 'metaMensal': 5, 'localidadeId': 162, 'compromissos': [{'dataCompromisso': '2020-04-29T17:18:57.015+00:00', 'status': 3, 'vendedorId': 10048, 'acaoId': 45, 'prioridade': 2, 'id': 22, 'dataCriacao': '2020-04-27T20:06:05.9562904+00:00', 'dataModificacao': '2020-04-29T17:57:47.0389111+00:00', 'ativo': False, 'responsavelCriacao': 1, 'responsavelModificacao': 1}, {'dataCompromisso': '2020-04-29T17:21:54.054+00:00', 'status': 4, 'vendedorId': 10048, 'acaoId': 10072, 'observacao': 'Texto de teste texto de teste', 'prioridade': 1, 'id': 49, 'dataCriacao': '2020-04-27T20:31:31.3579953+00:00', 'dataModificacao': '2020-04-29T17:54:49.0930901+00:00', 'ativo': False, 'responsavelCriacao': 1, 'responsavelModificacao': 1}, {'dataCompromisso': '2020-04-29T17:18:21.355+00:00', 'status': 3, 'vendedorId': 10048, 'acaoId': 10091, 'prioridade': 1, 'id': 10032, 'dataCriacao': '2020-04-29T15:18:55.9488517+00:00', 'dataModificacao': '2020-04-29T17:41:48.0999463+00:00', 'ativo': False, 'responsavelCriacao': 1, 'responsavelModificacao': 1}, {'dataCompromisso': '2020-04-29T17:18:38.14+00:00', 'status': 3, 'vendedorId': 10048, 'acaoId': 10090, 'prioridade': 0, 'id': 10033, 'dataCriacao': '2020-04-29T15:19:25.191664+00:00', 'dataModificacao': '2020-04-29T17:48:34.3882075+00:00', 'ativo': False, 'responsavelCriacao': 1, 'responsavelModificacao': 1}, {'dataCompromisso': '2020-04-29T20:08:09+00:00', 'status': 4, 'vendedorId': 10048, 'acaoId': 20072, 'observacao': 'Texto de teste', 'prioridade': 1, 'id': 20030, 'dataCriacao': '2020-04-29T20:08:15.5923758+00:00', 'dataModificacao': '2020-04-29T20:26:16.4095902+00:00', 'ativo': False, 'responsavelCriacao': 1, 'responsavelModificacao': 1}], 'status': 1, 'id': 10048, 'dataCriacao': '2020-04-29T16:46:51.8727329+00:00', 'dataModificacao': '2020-05-05T14:07:58.9316927+00:00', 'ativo': True, 'responsavelCriacao': 1, 'responsavelModificacao': 1}, {'login': 'Af', 'nome': 'Amanda Feitosa', 'cpf': '32165498654', 'telefone': '12365478965', 'email': 'conrado+00091@b2ml.com.br', 'metaMensal': 5, 'localidadeId': 162, 'compromissos': [{'dataCompromisso': '2020-04-29T17:20:29.038+00:00', 'status': 4, 'vendedorId': 10047, 'acaoId': 19, 'observacao': 'Texto texto', 'prioridade': 2, 'id': 20, 'dataCriacao': '2020-04-27T20:05:29.7883603+00:00', 'dataModificacao': '2020-04-29T21:25:11.0935484+00:00', 'ativo': False, 'responsavelCriacao': 1, 'responsavelModificacao': 1}, {'dataCompromisso': '2020-04-29T17:17:44+00:00', 'status': 4, 'vendedorId': 10047, 'acaoId': 44, 'observacao': 'Texto texto', 'prioridade': 2, 'id': 23, 'dataCriacao': '2020-04-27T20:06:17.1536497+00:00', 'dataModificacao': '2020-04-29T21:27:36.3371725+00:00', 'ativo': False, 'responsavelCriacao': 1, 'responsavelModificacao': 1}, {'dataCompromisso': '2020-04-29T17:19:13.132+00:00', 'status': 3, 'vendedorId': 10047, 'acaoId': 10074, 'prioridade': 1, 'id': 10031, 'dataCriacao': '2020-04-29T15:18:16.225177+00:00', 'dataModificacao': '2020-04-29T21:21:50.8381511+00:00', 'ativo': False, 'responsavelCriacao': 1, 'responsavelModificacao': 1}], 'status': 1, 'id': 10047, 'dataCriacao': '2020-04-29T16:46:01.0341279+00:00', 'dataModificacao': '0001-01-01T00:00:00+00:00', 'ativo': True, 'responsavelCriacao': 1, 'responsavelModificacao': 0}, {'login': 'Ff', 'nome': 'Fernanda Freitas', 'cpf': '12365448964', 'telefone': '12365478965', 'email': 'conrado+00090@b2ml.com.br', 'metaMensal': 5, 'localidadeId': 162, 'compromissos': [], 'status': 1, 'id': 10046, 'dataCriacao': '2020-04-29T15:52:10.0563379+00:00', 'dataModificacao': '2020-05-05T03:50:00.1734295+00:00', 'ativo': True, 'responsavelCriacao': 1, 'responsavelModificacao': 1}, {'login': 'Ws', 'nome': 'Walena Silva', 'cpf': '45698764321', 'telefone': '32165498654', 'email': 'conrado+00102@b2ml.com.br', 'metaMensal': 5, 'localidadeId': 162, 'compromissos': [{'dataCompromisso': '2020-04-29T21:49:29+00:00', 'status': 1, 'vendedorId': 76, 'acaoId': 20075, 'prioridade': 3, 'id': 20032, 'dataCriacao': '2020-04-29T21:49:44.4585871+00:00', 'dataModificacao': '2020-04-29T21:49:44.4585875+00:00', 'ativo': False, 'responsavelCriacao': 1, 'responsavelModificacao': 1}], 'status': 1, 'id': 76, 'dataCriacao': '2020-04-27T20:18:39.6741364+00:00', 'dataModificacao': '2020-04-29T21:43:30.1852875+00:00', 'ativo': True, 'responsavelCriacao': 1, 'responsavelModificacao': 1}, {'login': 'Ak', 'nome': 'Wariana Katarina', 'cpf': '12365478965', 'telefone': '12365498765', 'email': 'conrado+00101@b2ml.com.br', 'metaMensal': 5, 'localidadeId': 162, 'compromissos': [], 'status': 1, 'id': 35, 'dataCriacao': '2020-04-27T20:05:02.319521+00:00', 'dataModificacao': '2020-04-30T04:44:57.4776041+00:00', 'ativo': True, 'responsavelCriacao': 1, 'responsavelModificacao': 1}, {'login': 'As', 'nome': 'Jose Antonio Silvino', 'cpf': '15880177729', 'telefone': '1588017772', 'email': 'conrado+001000000000@b2ml.com.br', 'metaMensal': 5, 'localidadeId': 162, 'compromissos': [], 'status': 1, 'id': 29, 'dataCriacao': '2020-04-27T20:02:51.6261935+00:00', 'dataModificacao': '2020-04-30T04:30:23.7247665+00:00', 'ativo': True, 'responsavelCriacao': 1, 'responsavelModificacao': 1}, {'login': 'Mm', 'nome': 'Maisa Malta', 'cpf': '15975365478', 'telefone': '32165498645', 'email': 'conrado+00046@b2ml.com.br', 'metaMensal': 5, 'localidadeId': 162, 'compromissos': [{'dataCompromisso': '2020-04-24T14:11:21.157+00:00', 'status': 1, 'vendedorId': 5, 'acaoId': 11, 'prioridade': 1, 'id': 11, 'dataCriacao': '2020-04-24T14:11:25.5571059+00:00', 'dataModificacao': '2020-04-24T14:11:25.5571063+00:00', 'ativo': False, 'responsavelCriacao': 0, 'responsavelModificacao': 0}, {'dataCompromisso': '2020-04-24T14:11:55+00:00', 'status': 1, 'vendedorId': 5, 'acaoId': 11, 'prioridade': 1, 'id': 12, 'dataCriacao': '2020-04-24T14:12:04.5050473+00:00', 'dataModificacao': '2020-04-24T14:12:04.5050477+00:00', 'ativo': False, 'responsavelCriacao': 0, 'responsavelModificacao': 0}, {'dataCompromisso': '2020-04-24T14:15:43+00:00', 'status': 1, 'vendedorId': 5, 'acaoId': 11, 'prioridade': 0, 'id': 13, 'dataCriacao': '2020-04-24T14:12:53.6111529+00:00', 'dataModificacao': '2020-04-24T14:12:53.6111533+00:00', 'ativo': False, 'responsavelCriacao': 0, 'responsavelModificacao': 0}, {'dataCompromisso': '2020-04-24T14:15:12+00:00', 'status': 1, 'vendedorId': 5, 'acaoId': 11, 'prioridade': 2, 'id': 14, 'dataCriacao': '2020-04-24T14:15:18.4299346+00:00', 'dataModificacao': '2020-04-24T14:15:18.4299351+00:00', 'ativo': False, 'responsavelCriacao': 0, 'responsavelModificacao': 0}, {'dataCompromisso': '2020-04-24T14:19:53+00:00', 'status': 1, 'vendedorId': 5, 'acaoId': 11, 'prioridade': 1, 'id': 15, 'dataCriacao': '2020-04-24T14:20:17.6164666+00:00', 'dataModificacao': '2020-04-24T14:20:17.616467+00:00', 'ativo': False, 'responsavelCriacao': 0, 'responsavelModificacao': 0}, {'dataCompromisso': '2020-04-24T14:23:54+00:00', 'status': 1, 'vendedorId': 5, 'acaoId': 12, 'prioridade': 1, 'id': 16, 'dataCriacao': '2020-04-24T14:24:01.4080887+00:00', 'dataModificacao': '2020-04-24T14:24:01.408089+00:00', 'ativo': False, 'responsavelCriacao': 0, 'responsavelModificacao': 0}], 'status': 1, 'id': 5, 'dataCriacao': '2020-04-24T14:00:50.1750279+00:00', 'dataModificacao': '0001-01-01T00:00:00+00:00', 'ativo': True, 'responsavelCriacao': 10019, 'responsavelModificacao': 0}, {'login': 'Ev', 'nome': 'Erica Vieira', 'cpf': '45678946513', 'telefone': '98765432132', 'email': 'conrado+00022@b2ml.com.br', 'metaMensal': 5, 'localidadeId': 162, 'compromissos': [{'dataCompromisso': '2020-04-24T14:46:22.17+00:00', 'status': 1, 'vendedorId': 4, 'acaoId': 8, 'prioridade': 1, 'id': 17, 'dataCriacao': '2020-04-24T14:45:40.1351473+00:00', 'dataModificacao': '2020-04-24T14:45:40.1351475+00:00', 'ativo': False, 'responsavelCriacao': 0, 'responsavelModificacao': 0}], 'status': 1, 'id': 4, 'dataCriacao': '2020-04-17T14:57:35.2701369+00:00', 'dataModificacao': '0001-01-01T00:00:00+00:00', 'ativo': True, 'responsavelCriacao': 1, 'responsavelModificacao': 0}, {'login': 'Rv', 'nome': 'Roberta Vasquez', 'cpf': '12345678461', 'telefone': '32165498765', 'email': 'conrado+00014@b2ml.com.br', 'metaMensal': 5, 'localidadeId': 162, 'compromissos': [{'dataCompromisso': '2020-04-17T15:06:05.167+00:00', 'status': 4, 'vendedorId': 3, 'acaoId': 6, 'observacao': 'Texto de teste texto de teste', 'prioridade': 1, 'id': 6, 'dataCriacao': '2020-04-17T15:06:08.3347481+00:00', 'dataModificacao': '2020-04-17T18:26:50.6729095+00:00', 'ativo': False, 'responsavelCriacao': 0, 'responsavelModificacao': 0}, {'dataCompromisso': '2020-04-17T15:06:28.525+00:00', 'status': 4, 'vendedorId': 3, 'acaoId': 7, 'observacao': 'Texto de teste texto de teste', 'prioridade': 1, 'id': 7, 'dataCriacao': '2020-04-17T15:06:31.650562+00:00', 'dataModificacao': '2020-04-17T18:31:00.8109052+00:00', 'ativo': False, 'responsavelCriacao': 0, 'responsavelModificacao': 0}, {'dataCompromisso': '2020-04-17T15:06:48.492+00:00', 'status': 4, 'vendedorId': 3, 'acaoId': 8, 'observacao': 'Texto de teste texto de teste', 'prioridade': 1, 'id': 8, 'dataCriacao': '2020-04-17T15:06:53.0653116+00:00', 'dataModificacao': '2020-04-21T16:33:22.6292411+00:00', 'ativo': False, 'responsavelCriacao': 0, 'responsavelModificacao': 0}, {'dataCompromisso': '2020-04-17T15:07:17.899+00:00', 'status': 4, 'vendedorId': 3, 'acaoId': 9, 'observacao': 'Texto de teste texto de teste', 'prioridade': 1, 'id': 9, 'dataCriacao': '2020-04-17T15:07:21.1900746+00:00', 'dataModificacao': '2020-04-21T16:45:21.3410993+00:00', 'ativo': False, 'responsavelCriacao': 0, 'responsavelModificacao': 0}, {'dataCompromisso': '2020-04-28T18:40:19+00:00', 'status': 4, 'vendedorId': 3, 'acaoId': 10, 'observacao': 'Texto de teste texto de teste', 'prioridade': 1, 'id': 10, 'dataCriacao': '2020-04-17T15:07:40.158016+00:00', 'dataModificacao': '2020-04-28T18:53:42.7361714+00:00', 'ativo': False, 'responsavelCriacao': 0, 'responsavelModificacao': 0}, {'dataCompromisso': '2020-04-29T13:37:10+00:00', 'status': 4, 'vendedorId': 3, 'acaoId': 10072, 'prioridade': 1, 'id': 27, 'dataCriacao': '2020-04-27T20:08:39.8450578+00:00', 'dataModificacao': '2020-04-29T13:48:06.776146+00:00', 'ativo': False, 'responsavelCriacao': 1, 'responsavelModificacao': 1}, {'dataCompromisso': '2020-04-29T13:18:17+00:00', 'status': 4, 'vendedorId': 3, 'acaoId': 10072, 'prioridade': 1, 'id': 10030, 'dataCriacao': '2020-04-29T13:18:23.1408241+00:00', 'dataModificacao': '2020-04-29T13:18:54.3647629+00:00', 'ativo': False, 'responsavelCriacao': 1, 'responsavelModificacao': 1}], 'status': 1, 'id': 3, 'dataCriacao': '2020-04-17T14:56:13.4842306+00:00', 'dataModificacao': '2020-04-17T14:56:21.7448473+00:00', 'ativo': True, 'responsavelCriacao': 1, 'responsavelModificacao': 1}]}, 'status': 1, 'id': 30055, 'dataCriacao': '2020-06-28T02:12:04.6288103+00:00', 'dataModificacao': '2020-06-24T16:34:34.51+00:00', 'ip': '', 'geolocalizacao': '', 'ativo': True, 'responsavelCriacao': 1, 'responsavelModificacao': 0}, {'login': 'Ksa', 'nome': 'Katia Sampaio', 'cpf': '89575866438', 'telefone': '9298878789978', 'email': 'conrado+01006@b2ml.com.br', 'metaMensal': 5, 'localidadeId': 162, 'compromissos': [], 'localidade': {'id': 162, 'cidade': 'Manaus', 'estado': 'AM', 'vendedores': [{'login': 'Sdo', 'nome': 'Suellen de Oliveira', 'cpf': '09307156436', 'telefone': '92988789789', 'email': 'conrado+01008@b2ml.com.br', 'metaMensal': 5, 'localidadeId': 162, 'compromissos': [], 'status': 1, 'id': 30055, 'dataCriacao': '2020-06-28T02:12:04.6288103+00:00', 'dataModificacao': '2020-06-24T16:34:34.51+00:00', 'ip': '', 'geolocalizacao': '', 'ativo': True, 'responsavelCriacao': 1, 'responsavelModificacao': 0}, {'login': 'Afe', 'nome': 'Angelica Fernandes', 'cpf': '57895866438', 'telefone': '9298789878978', 'email': 'conrado+01007@b2ml.com.br', 'metaMensal': 5, 'localidadeId': 162, 'compromissos': [], 'status': 1, 'id': 30053, 'dataCriacao': '2020-06-28T01:36:39.7466173+00:00', 'dataModificacao': '0001-01-01T00:00:00+00:00', 'ip': '', 'geolocalizacao': '', 'ativo': True, 'responsavelCriacao': 1, 'responsavelModificacao': 0}, {'login': 'Go', 'nome': 'Glenda Otto', 'cpf': '07895385664', 'telefone': '9298787898978', 'email': 'conrado+01003@b2ml.com.br', 'metaMensal': 5, 'localidadeId': 162, 'compromissos': [], 'status': 1, 'id': 30052, 'dataCriacao': '2020-06-27T22:49:18.0299155+00:00', 'dataModificacao': '0001-01-01T00:00:00+00:00', 'ip': '', 'geolocalizacao': '', 'ativo': True, 'responsavelCriacao': 1, 'responsavelModificacao': 0}, {'login': 'Wd', 'nome': 'Wanda Damaceno', 'cpf': '00795313664', 'telefone': '9298787898978', 'email': 'conrado+01002@b2ml.com.br', 'metaMensal': 5, 'localidadeId': 162, 'compromissos': [], 'status': 1, 'id': 30051, 'dataCriacao': '2020-06-26T23:55:52.2991352+00:00', 'dataModificacao': '0001-01-01T00:00:00+00:00', 'ip': '', 'geolocalizacao': '', 'ativo': True, 'responsavelCriacao': 1, 'responsavelModificacao': 0}, {'login': 'Rr', 'nome': 'Raissa Reis', 'cpf': '09530716436', 'telefone': '92987898789', 'email': 'conrado+01001@b2ml.com.br', 'metaMensal': 5, 'localidadeId': 162, 'compromissos': [], 'status': 1, 'id': 30050, 'dataCriacao': '2020-06-26T23:34:07.282465+00:00', 'dataModificacao': '0001-01-01T00:00:00+00:00', 'ip': '', 'geolocalizacao': '', 'ativo': True, 'responsavelCriacao': 1, 'responsavelModificacao': 0}, {'login': 'Pp', 'nome': 'Paula Pereira', 'cpf': '09564363071', 'telefone': '92987898789', 'email': 'conrado+01000@b2ml.com.br', 'metaMensal': 5, 'localidadeId': 162, 'compromissos': [], 'status': 1, 'id': 30049, 'dataCriacao': '2020-06-24T19:31:36.2262244+00:00', 'dataModificacao': '2020-06-24T16:34:34.51+00:00', 'ip': '', 'geolocalizacao': '', 'ativo': True, 'responsavelCriacao': 1, 'responsavelModificacao': 0}, {'login': 'Ma', 'nome': 'Maria Antonieta', 'cpf': '45648945698', 'telefone': '65498765432', 'email': 'conrado+00097@b2ml.com.br', 'metaMensal': 5, 'localidadeId': 162, 'compromissos': [], 'status': 1, 'id': 20046, 'dataCriacao': '2020-05-04T18:47:46.8815299+00:00', 'dataModificacao': '0001-01-01T00:00:00+00:00', 'ativo': True, 'responsavelCriacao': 1, 'responsavelModificacao': 0}, {'login': 'Cs', 'nome': 'Cristina Souza', 'cpf': '45698765432', 'telefone': '45698765432', 'email': 'conrado+00096@b2ml.com.br', 'metaMensal': 5, 'localidadeId': 162, 'compromissos': [{'dataCompromisso': '2020-04-29T17:20:14.999+00:00', 'status': 3, 'vendedorId': 10052, 'acaoId': 24, 'prioridade': 2, 'id': 21, 'dataCriacao': '2020-04-27T20:06:02.1881721+00:00', 'dataModificacao': '2020-04-30T06:32:02.8708328+00:00', 'ativo': False, 'responsavelCriacao': 1, 'responsavelModificacao': 1}, {'dataCompromisso': '2020-04-30T06:34:02+00:00', 'status': 1, 'vendedorId': 10052, 'acaoId': 20076, 'prioridade': 1, 'id': 20033, 'dataCriacao': '2020-04-30T06:34:07.7687592+00:00', 'dataModificacao': '2020-04-30T06:34:07.7687594+00:00', 'ativo': False, 'responsavelCriacao': 1, 'responsavelModificacao': 1}], 'status': 1, 'id': 10052, 'dataCriacao': '2020-04-29T16:49:59.1758404+00:00', 'dataModificacao': '0001-01-01T00:00:00+00:00', 'ativo': True, 'responsavelCriacao': 1, 'responsavelModificacao': 0}, {'login': 'Ca', 'nome': 'Carla Almeida', 'cpf': '32165498765', 'telefone': '45678945612', 'email': 'conrado+00095@b2ml.com.br', 'metaMensal': 5, 'localidadeId': 162, 'compromissos': [{'dataCompromisso': '2020-04-29T17:19:47.17+00:00', 'status': 1, 'vendedorId': 10051, 'acaoId': 65, 'prioridade': 2, 'id': 36, 'dataCriacao': '2020-04-27T20:20:09.8308644+00:00', 'dataModificacao': '2020-04-29T17:19:52.3160311+00:00', 'ativo': False, 'responsavelCriacao': 1, 'responsavelModificacao': 1}, {'dataCompromisso': '2020-04-29T18:31:14+00:00', 'status': 1, 'vendedorId': 10051, 'acaoId': 11, 'prioridade': 2, 'id': 47, 'dataCriacao': '2020-04-27T20:31:05.974337+00:00', 'dataModificacao': '2020-04-29T18:31:46.4691933+00:00', 'ativo': False, 'responsavelCriacao': 1, 'responsavelModificacao': 1}], 'status': 1, 'id': 10051, 'dataCriacao': '2020-04-29T16:49:24.4187138+00:00', 'dataModificacao': '0001-01-01T00:00:00+00:00', 'ativo': True, 'responsavelCriacao': 1, 'responsavelModificacao': 0}, {'login': 'Bo', 'nome': 'Breno de Oliveira', 'cpf': '65498765432', 'telefone': '32165498765', 'email': 'conrado+00094@b2ml.com.br', 'metaMensal': 5, 'localidadeId': 162, 'compromissos': [{'dataCompromisso': '2020-04-29T17:20:01.25+00:00', 'status': 3, 'vendedorId': 10050, 'acaoId': 40, 'prioridade': 2, 'id': 38, 'dataCriacao': '2020-04-27T20:20:20.5149386+00:00', 'dataModificacao': '2020-04-29T20:34:58.8471994+00:00', 'ativo': False, 'responsavelCriacao': 1, 'responsavelModificacao': 1}, {'dataCompromisso': '2020-04-29T17:21:40.066+00:00', 'status': 4, 'vendedorId': 10050, 'acaoId': 29, 'observacao': 'Texto teste', 'prioridade': 1, 'id': 41, 'dataCriacao': '2020-04-27T20:20:46.6488123+00:00', 'dataModificacao': '2020-04-29T20:38:51.7347231+00:00', 'ativo': False, 'responsavelCriacao': 1, 'responsavelModificacao': 1}], 'status': 1, 'id': 10050, 'dataCriacao': '2020-04-29T16:48:23.1613858+00:00', 'dataModificacao': '2020-05-04T18:28:13.3652586+00:00', 'ativo': True, 'responsavelCriacao': 1, 'responsavelModificacao': 1}, {'login': 'Bg', 'nome': 'Bruna Gomes', 'cpf': '65498765432', 'telefone': '32165498765', 'email': 'conrado+00093@b2ml.com.br', 'metaMensal': 5, 'localidadeId': 162, 'compromissos': [{'dataCompromisso': '2020-04-29T17:19:31.042+00:00', 'status': 3, 'vendedorId': 10049, 'acaoId': 34, 'prioridade': 2, 'id': 26, 'dataCriacao': '2020-04-27T20:08:31.1209271+00:00', 'dataModificacao': '2020-04-29T20:45:10.7668784+00:00', 'ativo': False, 'responsavelCriacao': 1, 'responsavelModificacao': 1}, {'dataCompromisso': '2020-04-29T17:20:47.349+00:00', 'status': 3, 'vendedorId': 10049, 'acaoId': 114, 'prioridade': 2, 'id': 48, 'dataCriacao': '2020-04-27T20:31:27.5281481+00:00', 'dataModificacao': '2020-04-29T20:51:12.2621887+00:00', 'ativo': False, 'responsavelCriacao': 1, 'responsavelModificacao': 1}, {'dataCompromisso': '2020-04-29T20:53:17+00:00', 'status': 4, 'vendedorId': 10049, 'acaoId': 20073, 'observacao': 'Texto texto', 'prioridade': 1, 'id': 20031, 'dataCriacao': '2020-04-29T20:53:22.8251634+00:00', 'dataModificacao': '2020-04-29T20:55:08.0251584+00:00', 'ativo': False, 'responsavelCriacao': 1, 'responsavelModificacao': 1}], 'status': 1, 'id': 10049, 'dataCriacao': '2020-04-29T16:47:24.9990482+00:00', 'dataModificacao': '2020-04-29T21:04:48.4963527+00:00', 'ativo': True, 'responsavelCriacao': 1, 'responsavelModificacao': 1}, {'login': 'Aj', 'nome': 'Alisia Jesus', 'cpf': '15975365987', 'telefone': '32165498765', 'email': 'conrado+00092@b2ml.com.br', 'metaMensal': 5, 'localidadeId': 162, 'compromissos': [{'dataCompromisso': '2020-04-29T17:18:57.015+00:00', 'status': 3, 'vendedorId': 10048, 'acaoId': 45, 'prioridade': 2, 'id': 22, 'dataCriacao': '2020-04-27T20:06:05.9562904+00:00', 'dataModificacao': '2020-04-29T17:57:47.0389111+00:00', 'ativo': False, 'responsavelCriacao': 1, 'responsavelModificacao': 1}, {'dataCompromisso': '2020-04-29T17:21:54.054+00:00', 'status': 4, 'vendedorId': 10048, 'acaoId': 10072, 'observacao': 'Texto de teste texto de teste', 'prioridade': 1, 'id': 49, 'dataCriacao': '2020-04-27T20:31:31.3579953+00:00', 'dataModificacao': '2020-04-29T17:54:49.0930901+00:00', 'ativo': False, 'responsavelCriacao': 1, 'responsavelModificacao': 1}, {'dataCompromisso': '2020-04-29T17:18:21.355+00:00', 'status': 3, 'vendedorId': 10048, 'acaoId': 10091, 'prioridade': 1, 'id': 10032, 'dataCriacao': '2020-04-29T15:18:55.9488517+00:00', 'dataModificacao': '2020-04-29T17:41:48.0999463+00:00', 'ativo': False, 'responsavelCriacao': 1, 'responsavelModificacao': 1}, {'dataCompromisso': '2020-04-29T17:18:38.14+00:00', 'status': 3, 'vendedorId': 10048, 'acaoId': 10090, 'prioridade': 0, 'id': 10033, 'dataCriacao': '2020-04-29T15:19:25.191664+00:00', 'dataModificacao': '2020-04-29T17:48:34.3882075+00:00', 'ativo': False, 'responsavelCriacao': 1, 'responsavelModificacao': 1}, {'dataCompromisso': '2020-04-29T20:08:09+00:00', 'status': 4, 'vendedorId': 10048, 'acaoId': 20072, 'observacao': 'Texto de teste', 'prioridade': 1, 'id': 20030, 'dataCriacao': '2020-04-29T20:08:15.5923758+00:00', 'dataModificacao': '2020-04-29T20:26:16.4095902+00:00', 'ativo': False, 'responsavelCriacao': 1, 'responsavelModificacao': 1}], 'status': 1, 'id': 10048, 'dataCriacao': '2020-04-29T16:46:51.8727329+00:00', 'dataModificacao': '2020-05-05T14:07:58.9316927+00:00', 'ativo': True, 'responsavelCriacao': 1, 'responsavelModificacao': 1}, {'login': 'Af', 'nome': 'Amanda Feitosa', 'cpf': '32165498654', 'telefone': '12365478965', 'email': 'conrado+00091@b2ml.com.br', 'metaMensal': 5, 'localidadeId': 162, 'compromissos': [{'dataCompromisso': '2020-04-29T17:20:29.038+00:00', 'status': 4, 'vendedorId': 10047, 'acaoId': 19, 'observacao': 'Texto texto', 'prioridade': 2, 'id': 20, 'dataCriacao': '2020-04-27T20:05:29.7883603+00:00', 'dataModificacao': '2020-04-29T21:25:11.0935484+00:00', 'ativo': False, 'responsavelCriacao': 1, 'responsavelModificacao': 1}, {'dataCompromisso': '2020-04-29T17:17:44+00:00', 'status': 4, 'vendedorId': 10047, 'acaoId': 44, 'observacao': 'Texto texto', 'prioridade': 2, 'id': 23, 'dataCriacao': '2020-04-27T20:06:17.1536497+00:00', 'dataModificacao': '2020-04-29T21:27:36.3371725+00:00', 'ativo': False, 'responsavelCriacao': 1, 'responsavelModificacao': 1}, {'dataCompromisso': '2020-04-29T17:19:13.132+00:00', 'status': 3, 'vendedorId': 10047, 'acaoId': 10074, 'prioridade': 1, 'id': 10031, 'dataCriacao': '2020-04-29T15:18:16.225177+00:00', 'dataModificacao': '2020-04-29T21:21:50.8381511+00:00', 'ativo': False, 'responsavelCriacao': 1, 'responsavelModificacao': 1}], 'status': 1, 'id': 10047, 'dataCriacao': '2020-04-29T16:46:01.0341279+00:00', 'dataModificacao': '0001-01-01T00:00:00+00:00', 'ativo': True, 'responsavelCriacao': 1, 'responsavelModificacao': 0}, {'login': 'Ff', 'nome': 'Fernanda Freitas', 'cpf': '12365448964', 'telefone': '12365478965', 'email': 'conrado+00090@b2ml.com.br', 'metaMensal': 5, 'localidadeId': 162, 'compromissos': [], 'status': 1, 'id': 10046, 'dataCriacao': '2020-04-29T15:52:10.0563379+00:00', 'dataModificacao': '2020-05-05T03:50:00.1734295+00:00', 'ativo': True, 'responsavelCriacao': 1, 'responsavelModificacao': 1}, {'login': 'Ws', 'nome': 'Walena Silva', 'cpf': '45698764321', 'telefone': '32165498654', 'email': 'conrado+00102@b2ml.com.br', 'metaMensal': 5, 'localidadeId': 162, 'compromissos': [{'dataCompromisso': '2020-04-29T21:49:29+00:00', 'status': 1, 'vendedorId': 76, 'acaoId': 20075, 'prioridade': 3, 'id': 20032, 'dataCriacao': '2020-04-29T21:49:44.4585871+00:00', 'dataModificacao': '2020-04-29T21:49:44.4585875+00:00', 'ativo': False, 'responsavelCriacao': 1, 'responsavelModificacao': 1}], 'status': 1, 'id': 76, 'dataCriacao': '2020-04-27T20:18:39.6741364+00:00', 'dataModificacao': '2020-04-29T21:43:30.1852875+00:00', 'ativo': True, 'responsavelCriacao': 1, 'responsavelModificacao': 1}, {'login': 'Ak', 'nome': 'Wariana Katarina', 'cpf': '12365478965', 'telefone': '12365498765', 'email': 'conrado+00101@b2ml.com.br', 'metaMensal': 5, 'localidadeId': 162, 'compromissos': [], 'status': 1, 'id': 35, 'dataCriacao': '2020-04-27T20:05:02.319521+00:00', 'dataModificacao': '2020-04-30T04:44:57.4776041+00:00', 'ativo': True, 'responsavelCriacao': 1, 'responsavelModificacao': 1}, {'login': 'As', 'nome': 'Jose Antonio Silvino', 'cpf': '15880177729', 'telefone': '1588017772', 'email': 'conrado+001000000000@b2ml.com.br', 'metaMensal': 5, 'localidadeId': 162, 'compromissos': [], 'status': 1, 'id': 29, 'dataCriacao': '2020-04-27T20:02:51.6261935+00:00', 'dataModificacao': '2020-04-30T04:30:23.7247665+00:00', 'ativo': True, 'responsavelCriacao': 1, 'responsavelModificacao': 1}, {'login': 'Mm', 'nome': 'Maisa Malta', 'cpf': '15975365478', 'telefone': '32165498645', 'email': 'conrado+00046@b2ml.com.br', 'metaMensal': 5, 'localidadeId': 162, 'compromissos': [{'dataCompromisso': '2020-04-24T14:11:21.157+00:00', 'status': 1, 'vendedorId': 5, 'acaoId': 11, 'prioridade': 1, 'id': 11, 'dataCriacao': '2020-04-24T14:11:25.5571059+00:00', 'dataModificacao': '2020-04-24T14:11:25.5571063+00:00', 'ativo': False, 'responsavelCriacao': 0, 'responsavelModificacao': 0}, {'dataCompromisso': '2020-04-24T14:11:55+00:00', 'status': 1, 'vendedorId': 5, 'acaoId': 11, 'prioridade': 1, 'id': 12, 'dataCriacao': '2020-04-24T14:12:04.5050473+00:00', 'dataModificacao': '2020-04-24T14:12:04.5050477+00:00', 'ativo': False, 'responsavelCriacao': 0, 'responsavelModificacao': 0}, {'dataCompromisso': '2020-04-24T14:15:43+00:00', 'status': 1, 'vendedorId': 5, 'acaoId': 11, 'prioridade': 0, 'id': 13, 'dataCriacao': '2020-04-24T14:12:53.6111529+00:00', 'dataModificacao': '2020-04-24T14:12:53.6111533+00:00', 'ativo': False, 'responsavelCriacao': 0, 'responsavelModificacao': 0}, {'dataCompromisso': '2020-04-24T14:15:12+00:00', 'status': 1, 'vendedorId': 5, 'acaoId': 11, 'prioridade': 2, 'id': 14, 'dataCriacao': '2020-04-24T14:15:18.4299346+00:00', 'dataModificacao': '2020-04-24T14:15:18.4299351+00:00', 'ativo': False, 'responsavelCriacao': 0, 'responsavelModificacao': 0}, {'dataCompromisso': '2020-04-24T14:19:53+00:00', 'status': 1, 'vendedorId': 5, 'acaoId': 11, 'prioridade': 1, 'id': 15, 'dataCriacao': '2020-04-24T14:20:17.6164666+00:00', 'dataModificacao': '2020-04-24T14:20:17.616467+00:00', 'ativo': False, 'responsavelCriacao': 0, 'responsavelModificacao': 0}, {'dataCompromisso': '2020-04-24T14:23:54+00:00', 'status': 1, 'vendedorId': 5, 'acaoId': 12, 'prioridade': 1, 'id': 16, 'dataCriacao': '2020-04-24T14:24:01.4080887+00:00', 'dataModificacao': '2020-04-24T14:24:01.408089+00:00', 'ativo': False, 'responsavelCriacao': 0, 'responsavelModificacao': 0}], 'status': 1, 'id': 5, 'dataCriacao': '2020-04-24T14:00:50.1750279+00:00', 'dataModificacao': '0001-01-01T00:00:00+00:00', 'ativo': True, 'responsavelCriacao': 10019, 'responsavelModificacao': 0}, {'login': 'Ev', 'nome': 'Erica Vieira', 'cpf': '45678946513', 'telefone': '98765432132', 'email': 'conrado+00022@b2ml.com.br', 'metaMensal': 5, 'localidadeId': 162, 'compromissos': [{'dataCompromisso': '2020-04-24T14:46:22.17+00:00', 'status': 1, 'vendedorId': 4, 'acaoId': 8, 'prioridade': 1, 'id': 17, 'dataCriacao': '2020-04-24T14:45:40.1351473+00:00', 'dataModificacao': '2020-04-24T14:45:40.1351475+00:00', 'ativo': False, 'responsavelCriacao': 0, 'responsavelModificacao': 0}], 'status': 1, 'id': 4, 'dataCriacao': '2020-04-17T14:57:35.2701369+00:00', 'dataModificacao': '0001-01-01T00:00:00+00:00', 'ativo': True, 'responsavelCriacao': 1, 'responsavelModificacao': 0}, {'login': 'Rv', 'nome': 'Roberta Vasquez', 'cpf': '12345678461', 'telefone': '32165498765', 'email': 'conrado+00014@b2ml.com.br', 'metaMensal': 5, 'localidadeId': 162, 'compromissos': [{'dataCompromisso': '2020-04-17T15:06:05.167+00:00', 'status': 4, 'vendedorId': 3, 'acaoId': 6, 'observacao': 'Texto de teste texto de teste', 'prioridade': 1, 'id': 6, 'dataCriacao': '2020-04-17T15:06:08.3347481+00:00', 'dataModificacao': '2020-04-17T18:26:50.6729095+00:00', 'ativo': False, 'responsavelCriacao': 0, 'responsavelModificacao': 0}, {'dataCompromisso': '2020-04-17T15:06:28.525+00:00', 'status': 4, 'vendedorId': 3, 'acaoId': 7, 'observacao': 'Texto de teste texto de teste', 'prioridade': 1, 'id': 7, 'dataCriacao': '2020-04-17T15:06:31.650562+00:00', 'dataModificacao': '2020-04-17T18:31:00.8109052+00:00', 'ativo': False, 'responsavelCriacao': 0, 'responsavelModificacao': 0}, {'dataCompromisso': '2020-04-17T15:06:48.492+00:00', 'status': 4, 'vendedorId': 3, 'acaoId': 8, 'observacao': 'Texto de teste texto de teste', 'prioridade': 1, 'id': 8, 'dataCriacao': '2020-04-17T15:06:53.0653116+00:00', 'dataModificacao': '2020-04-21T16:33:22.6292411+00:00', 'ativo': False, 'responsavelCriacao': 0, 'responsavelModificacao': 0}, {'dataCompromisso': '2020-04-17T15:07:17.899+00:00', 'status': 4, 'vendedorId': 3, 'acaoId': 9, 'observacao': 'Texto de teste texto de teste', 'prioridade': 1, 'id': 9, 'dataCriacao': '2020-04-17T15:07:21.1900746+00:00', 'dataModificacao': '2020-04-21T16:45:21.3410993+00:00', 'ativo': False, 'responsavelCriacao': 0, 'responsavelModificacao': 0}, {'dataCompromisso': '2020-04-28T18:40:19+00:00', 'status': 4, 'vendedorId': 3, 'acaoId': 10, 'observacao': 'Texto de teste texto de teste', 'prioridade': 1, 'id': 10, 'dataCriacao': '2020-04-17T15:07:40.158016+00:00', 'dataModificacao': '2020-04-28T18:53:42.7361714+00:00', 'ativo': False, 'responsavelCriacao': 0, 'responsavelModificacao': 0}, {'dataCompromisso': '2020-04-29T13:37:10+00:00', 'status': 4, 'vendedorId': 3, 'acaoId': 10072, 'prioridade': 1, 'id': 27, 'dataCriacao': '2020-04-27T20:08:39.8450578+00:00', 'dataModificacao': '2020-04-29T13:48:06.776146+00:00', 'ativo': False, 'responsavelCriacao': 1, 'responsavelModificacao': 1}, {'dataCompromisso': '2020-04-29T13:18:17+00:00', 'status': 4, 'vendedorId': 3, 'acaoId': 10072, 'prioridade': 1, 'id': 10030, 'dataCriacao': '2020-04-29T13:18:23.1408241+00:00', 'dataModificacao': '2020-04-29T13:18:54.3647629+00:00', 'ativo': False, 'responsavelCriacao': 1, 'responsavelModificacao': 1}], 'status': 1, 'id': 3, 'dataCriacao': '2020-04-17T14:56:13.4842306+00:00', 'dataModificacao': '2020-04-17T14:56:21.7448473+00:00', 'ativo': True, 'responsavelCriacao': 1, 'responsavelModificacao': 1}]}, 'status': 1, 'id': 30054, 'dataCriacao': '2020-06-28T01:41:04.1537066+00:00', 'dataModificacao': '0001-01-01T00:00:00+00:00', 'ip': '', 'geolocalizacao': '', 'ativo': True, 'responsavelCriacao': 1, 'responsavelModificacao': 0}, {'login': 'Afe', 'nome': 'Angelica Fernandes', 'cpf': '57895866438', 'telefone': '9298789878978', 'email': 'conrado+01007@b2ml.com.br', 'metaMensal': 5, 'localidadeId': 162, 'compromissos': [], 'localidade': {'id': 162, 'cidade': 'Manaus', 'estado': 'AM', 'vendedores': [{'login': 'Sdo', 'nome': 'Suellen de Oliveira', 'cpf': '09307156436', 'telefone': '92988789789', 'email': 'conrado+01008@b2ml.com.br', 'metaMensal': 5, 'localidadeId': 162, 'compromissos': [], 'status': 1, 'id': 30055, 'dataCriacao': '2020-06-28T02:12:04.6288103+00:00', 'dataModificacao': '2020-06-24T16:34:34.51+00:00', 'ip': '', 'geolocalizacao': '', 'ativo': True, 'responsavelCriacao': 1, 'responsavelModificacao': 0}, {'login': 'Ksa', 'nome': 'Katia Sampaio', 'cpf': '89575866438', 'telefone': '9298878789978', 'email': 'conrado+01006@b2ml.com.br', 'metaMensal': 5, 'localidadeId': 162, 'compromissos': [], 'status': 1, 'id': 30054, 'dataCriacao': '2020-06-28T01:41:04.1537066+00:00', 'dataModificacao': '0001-01-01T00:00:00+00:00', 'ip': '', 'geolocalizacao': '', 'ativo': True, 'responsavelCriacao': 1, 'responsavelModificacao': 0}, {'login': 'Go', 'nome': 'Glenda Otto', 'cpf': '07895385664', 'telefone': '9298787898978', 'email': 'conrado+01003@b2ml.com.br', 'metaMensal': 5, 'localidadeId': 162, 'compromissos': [], 'status': 1, 'id': 30052, 'dataCriacao': '2020-06-27T22:49:18.0299155+00:00', 'dataModificacao': '0001-01-01T00:00:00+00:00', 'ip': '', 'geolocalizacao': '', 'ativo': True, 'responsavelCriacao': 1, 'responsavelModificacao': 0}, {'login': 'Wd', 'nome': 'Wanda Damaceno', 'cpf': '00795313664', 'telefone': '9298787898978', 'email': 'conrado+01002@b2ml.com.br', 'metaMensal': 5, 'localidadeId': 162, 'compromissos': [], 'status': 1, 'id': 30051, 'dataCriacao': '2020-06-26T23:55:52.2991352+00:00', 'dataModificacao': '0001-01-01T00:00:00+00:00', 'ip': '', 'geolocalizacao': '', 'ativo': True, 'responsavelCriacao': 1, 'responsavelModificacao': 0}, {'login': 'Rr', 'nome': 'Raissa Reis', 'cpf': '09530716436', 'telefone': '92987898789', 'email': 'conrado+01001@b2ml.com.br', 'metaMensal': 5, 'localidadeId': 162, 'compromissos': [], 'status': 1, 'id': 30050, 'dataCriacao': '2020-06-26T23:34:07.282465+00:00', 'dataModificacao': '0001-01-01T00:00:00+00:00', 'ip': '', 'geolocalizacao': '', 'ativo': True, 'responsavelCriacao': 1, 'responsavelModificacao': 0}, {'login': 'Pp', 'nome': 'Paula Pereira', 'cpf': '09564363071', 'telefone': '92987898789', 'email': 'conrado+01000@b2ml.com.br', 'metaMensal': 5, 'localidadeId': 162, 'compromissos': [], 'status': 1, 'id': 30049, 'dataCriacao': '2020-06-24T19:31:36.2262244+00:00', 'dataModificacao': '2020-06-24T16:34:34.51+00:00', 'ip': '', 'geolocalizacao': '', 'ativo': True, 'responsavelCriacao': 1, 'responsavelModificacao': 0}, {'login': 'Ma', 'nome': 'Maria Antonieta', 'cpf': '45648945698', 'telefone': '65498765432', 'email': 'conrado+00097@b2ml.com.br', 'metaMensal': 5, 'localidadeId': 162, 'compromissos': [], 'status': 1, 'id': 20046, 'dataCriacao': '2020-05-04T18:47:46.8815299+00:00', 'dataModificacao': '0001-01-01T00:00:00+00:00', 'ativo': True, 'responsavelCriacao': 1, 'responsavelModificacao': 0}, {'login': 'Cs', 'nome': 'Cristina Souza', 'cpf': '45698765432', 'telefone': '45698765432', 'email': 'conrado+00096@b2ml.com.br', 'metaMensal': 5, 'localidadeId': 162, 'compromissos': [{'dataCompromisso': '2020-04-29T17:20:14.999+00:00', 'status': 3, 'vendedorId': 10052, 'acaoId': 24, 'prioridade': 2, 'id': 21, 'dataCriacao': '2020-04-27T20:06:02.1881721+00:00', 'dataModificacao': '2020-04-30T06:32:02.8708328+00:00', 'ativo': False, 'responsavelCriacao': 1, 'responsavelModificacao': 1}, {'dataCompromisso': '2020-04-30T06:34:02+00:00', 'status': 1, 'vendedorId': 10052, 'acaoId': 20076, 'prioridade': 1, 'id': 20033, 'dataCriacao': '2020-04-30T06:34:07.7687592+00:00', 'dataModificacao': '2020-04-30T06:34:07.7687594+00:00', 'ativo': False, 'responsavelCriacao': 1, 'responsavelModificacao': 1}], 'status': 1, 'id': 10052, 'dataCriacao': '2020-04-29T16:49:59.1758404+00:00', 'dataModificacao': '0001-01-01T00:00:00+00:00', 'ativo': True, 'responsavelCriacao': 1, 'responsavelModificacao': 0}, {'login': 'Ca', 'nome': 'Carla Almeida', 'cpf': '32165498765', 'telefone': '45678945612', 'email': 'conrado+00095@b2ml.com.br', 'metaMensal': 5, 'localidadeId': 162, 'compromissos': [{'dataCompromisso': '2020-04-29T17:19:47.17+00:00', 'status': 1, 'vendedorId': 10051, 'acaoId': 65, 'prioridade': 2, 'id': 36, 'dataCriacao': '2020-04-27T20:20:09.8308644+00:00', 'dataModificacao': '2020-04-29T17:19:52.3160311+00:00', 'ativo': False, 'responsavelCriacao': 1, 'responsavelModificacao': 1}, {'dataCompromisso': '2020-04-29T18:31:14+00:00', 'status': 1, 'vendedorId': 10051, 'acaoId': 11, 'prioridade': 2, 'id': 47, 'dataCriacao': '2020-04-27T20:31:05.974337+00:00', 'dataModificacao': '2020-04-29T18:31:46.4691933+00:00', 'ativo': False, 'responsavelCriacao': 1, 'responsavelModificacao': 1}], 'status': 1, 'id': 10051, 'dataCriacao': '2020-04-29T16:49:24.4187138+00:00', 'dataModificacao': '0001-01-01T00:00:00+00:00', 'ativo': True, 'responsavelCriacao': 1, 'responsavelModificacao': 0}, {'login': 'Bo', 'nome': 'Breno de Oliveira', 'cpf': '65498765432', 'telefone': '32165498765', 'email': 'conrado+00094@b2ml.com.br', 'metaMensal': 5, 'localidadeId': 162, 'compromissos': [{'dataCompromisso': '2020-04-29T17:20:01.25+00:00', 'status': 3, 'vendedorId': 10050, 'acaoId': 40, 'prioridade': 2, 'id': 38, 'dataCriacao': '2020-04-27T20:20:20.5149386+00:00', 'dataModificacao': '2020-04-29T20:34:58.8471994+00:00', 'ativo': False, 'responsavelCriacao': 1, 'responsavelModificacao': 1}, {'dataCompromisso': '2020-04-29T17:21:40.066+00:00', 'status': 4, 'vendedorId': 10050, 'acaoId': 29, 'observacao': 'Texto teste', 'prioridade': 1, 'id': 41, 'dataCriacao': '2020-04-27T20:20:46.6488123+00:00', 'dataModificacao': '2020-04-29T20:38:51.7347231+00:00', 'ativo': False, 'responsavelCriacao': 1, 'responsavelModificacao': 1}], 'status': 1, 'id': 10050, 'dataCriacao': '2020-04-29T16:48:23.1613858+00:00', 'dataModificacao': '2020-05-04T18:28:13.3652586+00:00', 'ativo': True, 'responsavelCriacao': 1, 'responsavelModificacao': 1}, {'login': 'Bg', 'nome': 'Bruna Gomes', 'cpf': '65498765432', 'telefone': '32165498765', 'email': 'conrado+00093@b2ml.com.br', 'metaMensal': 5, 'localidadeId': 162, 'compromissos': [{'dataCompromisso': '2020-04-29T17:19:31.042+00:00', 'status': 3, 'vendedorId': 10049, 'acaoId': 34, 'prioridade': 2, 'id': 26, 'dataCriacao': '2020-04-27T20:08:31.1209271+00:00', 'dataModificacao': '2020-04-29T20:45:10.7668784+00:00', 'ativo': False, 'responsavelCriacao': 1, 'responsavelModificacao': 1}, {'dataCompromisso': '2020-04-29T17:20:47.349+00:00', 'status': 3, 'vendedorId': 10049, 'acaoId': 114, 'prioridade': 2, 'id': 48, 'dataCriacao': '2020-04-27T20:31:27.5281481+00:00', 'dataModificacao': '2020-04-29T20:51:12.2621887+00:00', 'ativo': False, 'responsavelCriacao': 1, 'responsavelModificacao': 1}, {'dataCompromisso': '2020-04-29T20:53:17+00:00', 'status': 4, 'vendedorId': 10049, 'acaoId': 20073, 'observacao': 'Texto texto', 'prioridade': 1, 'id': 20031, 'dataCriacao': '2020-04-29T20:53:22.8251634+00:00', 'dataModificacao': '2020-04-29T20:55:08.0251584+00:00', 'ativo': False, 'responsavelCriacao': 1, 'responsavelModificacao': 1}], 'status': 1, 'id': 10049, 'dataCriacao': '2020-04-29T16:47:24.9990482+00:00', 'dataModificacao': '2020-04-29T21:04:48.4963527+00:00', 'ativo': True, 'responsavelCriacao': 1, 'responsavelModificacao': 1}, {'login': 'Aj', 'nome': 'Alisia Jesus', 'cpf': '15975365987', 'telefone': '32165498765', 'email': 'conrado+00092@b2ml.com.br', 'metaMensal': 5, 'localidadeId': 162, 'compromissos': [{'dataCompromisso': '2020-04-29T17:18:57.015+00:00', 'status': 3, 'vendedorId': 10048, 'acaoId': 45, 'prioridade': 2, 'id': 22, 'dataCriacao': '2020-04-27T20:06:05.9562904+00:00', 'dataModificacao': '2020-04-29T17:57:47.0389111+00:00', 'ativo': False, 'responsavelCriacao': 1, 'responsavelModificacao': 1}, {'dataCompromisso': '2020-04-29T17:21:54.054+00:00', 'status': 4, 'vendedorId': 10048, 'acaoId': 10072, 'observacao': 'Texto de teste texto de teste', 'prioridade': 1, 'id': 49, 'dataCriacao': '2020-04-27T20:31:31.3579953+00:00', 'dataModificacao': '2020-04-29T17:54:49.0930901+00:00', 'ativo': False, 'responsavelCriacao': 1, 'responsavelModificacao': 1}, {'dataCompromisso': '2020-04-29T17:18:21.355+00:00', 'status': 3, 'vendedorId': 10048, 'acaoId': 10091, 'prioridade': 1, 'id': 10032, 'dataCriacao': '2020-04-29T15:18:55.9488517+00:00', 'dataModificacao': '2020-04-29T17:41:48.0999463+00:00', 'ativo': False, 'responsavelCriacao': 1, 'responsavelModificacao': 1}, {'dataCompromisso': '2020-04-29T17:18:38.14+00:00', 'status': 3, 'vendedorId': 10048, 'acaoId': 10090, 'prioridade': 0, 'id': 10033, 'dataCriacao': '2020-04-29T15:19:25.191664+00:00', 'dataModificacao': '2020-04-29T17:48:34.3882075+00:00', 'ativo': False, 'responsavelCriacao': 1, 'responsavelModificacao': 1}, {'dataCompromisso': '2020-04-29T20:08:09+00:00', 'status': 4, 'vendedorId': 10048, 'acaoId': 20072, 'observacao': 'Texto de teste', 'prioridade': 1, 'id': 20030, 'dataCriacao': '2020-04-29T20:08:15.5923758+00:00', 'dataModificacao': '2020-04-29T20:26:16.4095902+00:00', 'ativo': False, 'responsavelCriacao': 1, 'responsavelModificacao': 1}], 'status': 1, 'id': 10048, 'dataCriacao': '2020-04-29T16:46:51.8727329+00:00', 'dataModificacao': '2020-05-05T14:07:58.9316927+00:00', 'ativo': True, 'responsavelCriacao': 1, 'responsavelModificacao': 1}, {'login': 'Af', 'nome': 'Amanda Feitosa', 'cpf': '32165498654', 'telefone': '12365478965', 'email': 'conrado+00091@b2ml.com.br', 'metaMensal': 5, 'localidadeId': 162, 'compromissos': [{'dataCompromisso': '2020-04-29T17:20:29.038+00:00', 'status': 4, 'vendedorId': 10047, 'acaoId': 19, 'observacao': 'Texto texto', 'prioridade': 2, 'id': 20, 'dataCriacao': '2020-04-27T20:05:29.7883603+00:00', 'dataModificacao': '2020-04-29T21:25:11.0935484+00:00', 'ativo': False, 'responsavelCriacao': 1, 'responsavelModificacao': 1}, {'dataCompromisso': '2020-04-29T17:17:44+00:00', 'status': 4, 'vendedorId': 10047, 'acaoId': 44, 'observacao': 'Texto texto', 'prioridade': 2, 'id': 23, 'dataCriacao': '2020-04-27T20:06:17.1536497+00:00', 'dataModificacao': '2020-04-29T21:27:36.3371725+00:00', 'ativo': False, 'responsavelCriacao': 1, 'responsavelModificacao': 1}, {'dataCompromisso': '2020-04-29T17:19:13.132+00:00', 'status': 3, 'vendedorId': 10047, 'acaoId': 10074, 'prioridade': 1, 'id': 10031, 'dataCriacao': '2020-04-29T15:18:16.225177+00:00', 'dataModificacao': '2020-04-29T21:21:50.8381511+00:00', 'ativo': False, 'responsavelCriacao': 1, 'responsavelModificacao': 1}], 'status': 1, 'id': 10047, 'dataCriacao': '2020-04-29T16:46:01.0341279+00:00', 'dataModificacao': '0001-01-01T00:00:00+00:00', 'ativo': True, 'responsavelCriacao': 1, 'responsavelModificacao': 0}, {'login': 'Ff', 'nome': 'Fernanda Freitas', 'cpf': '12365448964', 'telefone': '12365478965', 'email': 'conrado+00090@b2ml.com.br', 'metaMensal': 5, 'localidadeId': 162, 'compromissos': [], 'status': 1, 'id': 10046, 'dataCriacao': '2020-04-29T15:52:10.0563379+00:00', 'dataModificacao': '2020-05-05T03:50:00.1734295+00:00', 'ativo': True, 'responsavelCriacao': 1, 'responsavelModificacao': 1}, {'login': 'Ws', 'nome': 'Walena Silva', 'cpf': '45698764321', 'telefone': '32165498654', 'email': 'conrado+00102@b2ml.com.br', 'metaMensal': 5, 'localidadeId': 162, 'compromissos': [{'dataCompromisso': '2020-04-29T21:49:29+00:00', 'status': 1, 'vendedorId': 76, 'acaoId': 20075, 'prioridade': 3, 'id': 20032, 'dataCriacao': '2020-04-29T21:49:44.4585871+00:00', 'dataModificacao': '2020-04-29T21:49:44.4585875+00:00', 'ativo': False, 'responsavelCriacao': 1, 'responsavelModificacao': 1}], 'status': 1, 'id': 76, 'dataCriacao': '2020-04-27T20:18:39.6741364+00:00', 'dataModificacao': '2020-04-29T21:43:30.1852875+00:00', 'ativo': True, 'responsavelCriacao': 1, 'responsavelModificacao': 1}, {'login': 'Ak', 'nome': 'Wariana Katarina', 'cpf': '12365478965', 'telefone': '12365498765', 'email': 'conrado+00101@b2ml.com.br', 'metaMensal': 5, 'localidadeId': 162, 'compromissos': [], 'status': 1, 'id': 35, 'dataCriacao': '2020-04-27T20:05:02.319521+00:00', 'dataModificacao': '2020-04-30T04:44:57.4776041+00:00', 'ativo': True, 'responsavelCriacao': 1, 'responsavelModificacao': 1}, {'login': 'As', 'nome': 'Jose Antonio Silvino', 'cpf': '15880177729', 'telefone': '1588017772', 'email': 'conrado+001000000000@b2ml.com.br', 'metaMensal': 5, 'localidadeId': 162, 'compromissos': [], 'status': 1, 'id': 29, 'dataCriacao': '2020-04-27T20:02:51.6261935+00:00', 'dataModificacao': '2020-04-30T04:30:23.7247665+00:00', 'ativo': True, 'responsavelCriacao': 1, 'responsavelModificacao': 1}, {'login': 'Mm', 'nome': 'Maisa Malta', 'cpf': '15975365478', 'telefone': '32165498645', 'email': 'conrado+00046@b2ml.com.br', 'metaMensal': 5, 'localidadeId': 162, 'compromissos': [{'dataCompromisso': '2020-04-24T14:11:21.157+00:00', 'status': 1, 'vendedorId': 5, 'acaoId': 11, 'prioridade': 1, 'id': 11, 'dataCriacao': '2020-04-24T14:11:25.5571059+00:00', 'dataModificacao': '2020-04-24T14:11:25.5571063+00:00', 'ativo': False, 'responsavelCriacao': 0, 'responsavelModificacao': 0}, {'dataCompromisso': '2020-04-24T14:11:55+00:00', 'status': 1, 'vendedorId': 5, 'acaoId': 11, 'prioridade': 1, 'id': 12, 'dataCriacao': '2020-04-24T14:12:04.5050473+00:00', 'dataModificacao': '2020-04-24T14:12:04.5050477+00:00', 'ativo': False, 'responsavelCriacao': 0, 'responsavelModificacao': 0}, {'dataCompromisso': '2020-04-24T14:15:43+00:00', 'status': 1, 'vendedorId': 5, 'acaoId': 11, 'prioridade': 0, 'id': 13, 'dataCriacao': '2020-04-24T14:12:53.6111529+00:00', 'dataModificacao': '2020-04-24T14:12:53.6111533+00:00', 'ativo': False, 'responsavelCriacao': 0, 'responsavelModificacao': 0}, {'dataCompromisso': '2020-04-24T14:15:12+00:00', 'status': 1, 'vendedorId': 5, 'acaoId': 11, 'prioridade': 2, 'id': 14, 'dataCriacao': '2020-04-24T14:15:18.4299346+00:00', 'dataModificacao': '2020-04-24T14:15:18.4299351+00:00', 'ativo': False, 'responsavelCriacao': 0, 'responsavelModificacao': 0}, {'dataCompromisso': '2020-04-24T14:19:53+00:00', 'status': 1, 'vendedorId': 5, 'acaoId': 11, 'prioridade': 1, 'id': 15, 'dataCriacao': '2020-04-24T14:20:17.6164666+00:00', 'dataModificacao': '2020-04-24T14:20:17.616467+00:00', 'ativo': False, 'responsavelCriacao': 0, 'responsavelModificacao': 0}, {'dataCompromisso': '2020-04-24T14:23:54+00:00', 'status': 1, 'vendedorId': 5, 'acaoId': 12, 'prioridade': 1, 'id': 16, 'dataCriacao': '2020-04-24T14:24:01.4080887+00:00', 'dataModificacao': '2020-04-24T14:24:01.408089+00:00', 'ativo': False, 'responsavelCriacao': 0, 'responsavelModificacao': 0}], 'status': 1, 'id': 5, 'dataCriacao': '2020-04-24T14:00:50.1750279+00:00', 'dataModificacao': '0001-01-01T00:00:00+00:00', 'ativo': True, 'responsavelCriacao': 10019, 'responsavelModificacao': 0}, {'login': 'Ev', 'nome': 'Erica Vieira', 'cpf': '45678946513', 'telefone': '98765432132', 'email': 'conrado+00022@b2ml.com.br', 'metaMensal': 5, 'localidadeId': 162, 'compromissos': [{'dataCompromisso': '2020-04-24T14:46:22.17+00:00', 'status': 1, 'vendedorId': 4, 'acaoId': 8, 'prioridade': 1, 'id': 17, 'dataCriacao': '2020-04-24T14:45:40.1351473+00:00', 'dataModificacao': '2020-04-24T14:45:40.1351475+00:00', 'ativo': False, 'responsavelCriacao': 0, 'responsavelModificacao': 0}], 'status': 1, 'id': 4, 'dataCriacao': '2020-04-17T14:57:35.2701369+00:00', 'dataModificacao': '0001-01-01T00:00:00+00:00', 'ativo': True, 'responsavelCriacao': 1, 'responsavelModificacao': 0}, {'login': 'Rv', 'nome': 'Roberta Vasquez', 'cpf': '12345678461', 'telefone': '32165498765', 'email': 'conrado+00014@b2ml.com.br', 'metaMensal': 5, 'localidadeId': 162, 'compromissos': [{'dataCompromisso': '2020-04-17T15:06:05.167+00:00', 'status': 4, 'vendedorId': 3, 'acaoId': 6, 'observacao': 'Texto de teste texto de teste', 'prioridade': 1, 'id': 6, 'dataCriacao': '2020-04-17T15:06:08.3347481+00:00', 'dataModificacao': '2020-04-17T18:26:50.6729095+00:00', 'ativo': False, 'responsavelCriacao': 0, 'responsavelModificacao': 0}, {'dataCompromisso': '2020-04-17T15:06:28.525+00:00', 'status': 4, 'vendedorId': 3, 'acaoId': 7, 'observacao': 'Texto de teste texto de teste', 'prioridade': 1, 'id': 7, 'dataCriacao': '2020-04-17T15:06:31.650562+00:00', 'dataModificacao': '2020-04-17T18:31:00.8109052+00:00', 'ativo': False, 'responsavelCriacao': 0, 'responsavelModificacao': 0}, {'dataCompromisso': '2020-04-17T15:06:48.492+00:00', 'status': 4, 'vendedorId': 3, 'acaoId': 8, 'observacao': 'Texto de teste texto de teste', 'prioridade': 1, 'id': 8, 'dataCriacao': '2020-04-17T15:06:53.0653116+00:00', 'dataModificacao': '2020-04-21T16:33:22.6292411+00:00', 'ativo': False, 'responsavelCriacao': 0, 'responsavelModificacao': 0}, {'dataCompromisso': '2020-04-17T15:07:17.899+00:00', 'status': 4, 'vendedorId': 3, 'acaoId': 9, 'observacao': 'Texto de teste texto de teste', 'prioridade': 1, 'id': 9, 'dataCriacao': '2020-04-17T15:07:21.1900746+00:00', 'dataModificacao': '2020-04-21T16:45:21.3410993+00:00', 'ativo': False, 'responsavelCriacao': 0, 'responsavelModificacao': 0}, {'dataCompromisso': '2020-04-28T18:40:19+00:00', 'status': 4, 'vendedorId': 3, 'acaoId': 10, 'observacao': 'Texto de teste texto de teste', 'prioridade': 1, 'id': 10, 'dataCriacao': '2020-04-17T15:07:40.158016+00:00', 'dataModificacao': '2020-04-28T18:53:42.7361714+00:00', 'ativo': False, 'responsavelCriacao': 0, 'responsavelModificacao': 0}, {'dataCompromisso': '2020-04-29T13:37:10+00:00', 'status': 4, 'vendedorId': 3, 'acaoId': 10072, 'prioridade': 1, 'id': 27, 'dataCriacao': '2020-04-27T20:08:39.8450578+00:00', 'dataModificacao': '2020-04-29T13:48:06.776146+00:00', 'ativo': False, 'responsavelCriacao': 1, 'responsavelModificacao': 1}, {'dataCompromisso': '2020-04-29T13:18:17+00:00', 'status': 4, 'vendedorId': 3, 'acaoId': 10072, 'prioridade': 1, 'id': 10030, 'dataCriacao': '2020-04-29T13:18:23.1408241+00:00', 'dataModificacao': '2020-04-29T13:18:54.3647629+00:00', 'ativo': False, 'responsavelCriacao': 1, 'responsavelModificacao': 1}], 'status': 1, 'id': 3, 'dataCriacao': '2020-04-17T14:56:13.4842306+00:00', 'dataModificacao': '2020-04-17T14:56:21.7448473+00:00', 'ativo': True, 'responsavelCriacao': 1, 'responsavelModificacao': 1}]}, 'status': 1, 'id': 30053, 'dataCriacao': '2020-06-28T01:36:39.7466173+00:00', 'dataModificacao': '0001-01-01T00:00:00+00:00', 'ip': '', 'geolocalizacao': '', 'ativo': True, 'responsavelCriacao': 1, 'responsavelModificacao': 0}, {'login': 'Go', 'nome': 'Glenda Otto', 'cpf': '07895385664', 'telefone': '9298787898978', 'email': 'conrado+01003@b2ml.com.br', 'metaMensal': 5, 'localidadeId': 162, 'compromissos': [], 'localidade': {'id': 162, 'cidade': 'Manaus', 'estado': 'AM', 'vendedores': [{'login': 'Sdo', 'nome': 'Suellen de Oliveira', 'cpf': '09307156436', 'telefone': '92988789789', 'email': 'conrado+01008@b2ml.com.br', 'metaMensal': 5, 'localidadeId': 162, 'compromissos': [], 'status': 1, 'id': 30055, 'dataCriacao': '2020-06-28T02:12:04.6288103+00:00', 'dataModificacao': '2020-06-24T16:34:34.51+00:00', 'ip': '', 'geolocalizacao': '', 'ativo': True, 'responsavelCriacao': 1, 'responsavelModificacao': 0}, {'login': 'Ksa', 'nome': 'Katia Sampaio', 'cpf': '89575866438', 'telefone': '9298878789978', 'email': 'conrado+01006@b2ml.com.br', 'metaMensal': 5, 'localidadeId': 162, 'compromissos': [], 'status': 1, 'id': 30054, 'dataCriacao': '2020-06-28T01:41:04.1537066+00:00', 'dataModificacao': '0001-01-01T00:00:00+00:00', 'ip': '', 'geolocalizacao': '', 'ativo': True, 'responsavelCriacao': 1, 'responsavelModificacao': 0}, {'login': 'Afe', 'nome': 'Angelica Fernandes', 'cpf': '57895866438', 'telefone': '9298789878978', 'email': 'conrado+01007@b2ml.com.br', 'metaMensal': 5, 'localidadeId': 162, 'compromissos': [], 'status': 1, 'id': 30053, 'dataCriacao': '2020-06-28T01:36:39.7466173+00:00', 'dataModificacao': '0001-01-01T00:00:00+00:00', 'ip': '', 'geolocalizacao': '', 'ativo': True, 'responsavelCriacao': 1, 'responsavelModificacao': 0}, {'login': 'Wd', 'nome': 'Wanda Damaceno', 'cpf': '00795313664', 'telefone': '9298787898978', 'email': 'conrado+01002@b2ml.com.br', 'metaMensal': 5, 'localidadeId': 162, 'compromissos': [], 'status': 1, 'id': 30051, 'dataCriacao': '2020-06-26T23:55:52.2991352+00:00', 'dataModificacao': '0001-01-01T00:00:00+00:00', 'ip': '', 'geolocalizacao': '', 'ativo': True, 'responsavelCriacao': 1, 'responsavelModificacao': 0}, {'login': 'Rr', 'nome': 'Raissa Reis', 'cpf': '09530716436', 'telefone': '92987898789', 'email': 'conrado+01001@b2ml.com.br', 'metaMensal': 5, 'localidadeId': 162, 'compromissos': [], 'status': 1, 'id': 30050, 'dataCriacao': '2020-06-26T23:34:07.282465+00:00', 'dataModificacao': '0001-01-01T00:00:00+00:00', 'ip': '', 'geolocalizacao': '', 'ativo': True, 'responsavelCriacao': 1, 'responsavelModificacao': 0}, {'login': 'Pp', 'nome': 'Paula Pereira', 'cpf': '09564363071', 'telefone': '92987898789', 'email': 'conrado+01000@b2ml.com.br', 'metaMensal': 5, 'localidadeId': 162, 'compromissos': [], 'status': 1, 'id': 30049, 'dataCriacao': '2020-06-24T19:31:36.2262244+00:00', 'dataModificacao': '2020-06-24T16:34:34.51+00:00', 'ip': '', 'geolocalizacao': '', 'ativo': True, 'responsavelCriacao': 1, 'responsavelModificacao': 0}, {'login': 'Ma', 'nome': 'Maria Antonieta', 'cpf': '45648945698', 'telefone': '65498765432', 'email': 'conrado+00097@b2ml.com.br', 'metaMensal': 5, 'localidadeId': 162, 'compromissos': [], 'status': 1, 'id': 20046, 'dataCriacao': '2020-05-04T18:47:46.8815299+00:00', 'dataModificacao': '0001-01-01T00:00:00+00:00', 'ativo': True, 'responsavelCriacao': 1, 'responsavelModificacao': 0}, {'login': 'Cs', 'nome': 'Cristina Souza', 'cpf': '45698765432', 'telefone': '45698765432', 'email': 'conrado+00096@b2ml.com.br', 'metaMensal': 5, 'localidadeId': 162, 'compromissos': [{'dataCompromisso': '2020-04-29T17:20:14.999+00:00', 'status': 3, 'vendedorId': 10052, 'acaoId': 24, 'prioridade': 2, 'id': 21, 'dataCriacao': '2020-04-27T20:06:02.1881721+00:00', 'dataModificacao': '2020-04-30T06:32:02.8708328+00:00', 'ativo': False, 'responsavelCriacao': 1, 'responsavelModificacao': 1}, {'dataCompromisso': '2020-04-30T06:34:02+00:00', 'status': 1, 'vendedorId': 10052, 'acaoId': 20076, 'prioridade': 1, 'id': 20033, 'dataCriacao': '2020-04-30T06:34:07.7687592+00:00', 'dataModificacao': '2020-04-30T06:34:07.7687594+00:00', 'ativo': False, 'responsavelCriacao': 1, 'responsavelModificacao': 1}], 'status': 1, 'id': 10052, 'dataCriacao': '2020-04-29T16:49:59.1758404+00:00', 'dataModificacao': '0001-01-01T00:00:00+00:00', 'ativo': True, 'responsavelCriacao': 1, 'responsavelModificacao': 0}, {'login': 'Ca', 'nome': 'Carla Almeida', 'cpf': '32165498765', 'telefone': '45678945612', 'email': 'conrado+00095@b2ml.com.br', 'metaMensal': 5, 'localidadeId': 162, 'compromissos': [{'dataCompromisso': '2020-04-29T17:19:47.17+00:00', 'status': 1, 'vendedorId': 10051, 'acaoId': 65, 'prioridade': 2, 'id': 36, 'dataCriacao': '2020-04-27T20:20:09.8308644+00:00', 'dataModificacao': '2020-04-29T17:19:52.3160311+00:00', 'ativo': False, 'responsavelCriacao': 1, 'responsavelModificacao': 1}, {'dataCompromisso': '2020-04-29T18:31:14+00:00', 'status': 1, 'vendedorId': 10051, 'acaoId': 11, 'prioridade': 2, 'id': 47, 'dataCriacao': '2020-04-27T20:31:05.974337+00:00', 'dataModificacao': '2020-04-29T18:31:46.4691933+00:00', 'ativo': False, 'responsavelCriacao': 1, 'responsavelModificacao': 1}], 'status': 1, 'id': 10051, 'dataCriacao': '2020-04-29T16:49:24.4187138+00:00', 'dataModificacao': '0001-01-01T00:00:00+00:00', 'ativo': True, 'responsavelCriacao': 1, 'responsavelModificacao': 0}, {'login': 'Bo', 'nome': 'Breno de Oliveira', 'cpf': '65498765432', 'telefone': '32165498765', 'email': 'conrado+00094@b2ml.com.br', 'metaMensal': 5, 'localidadeId': 162, 'compromissos': [{'dataCompromisso': '2020-04-29T17:20:01.25+00:00', 'status': 3, 'vendedorId': 10050, 'acaoId': 40, 'prioridade': 2, 'id': 38, 'dataCriacao': '2020-04-27T20:20:20.5149386+00:00', 'dataModificacao': '2020-04-29T20:34:58.8471994+00:00', 'ativo': False, 'responsavelCriacao': 1, 'responsavelModificacao': 1}, {'dataCompromisso': '2020-04-29T17:21:40.066+00:00', 'status': 4, 'vendedorId': 10050, 'acaoId': 29, 'observacao': 'Texto teste', 'prioridade': 1, 'id': 41, 'dataCriacao': '2020-04-27T20:20:46.6488123+00:00', 'dataModificacao': '2020-04-29T20:38:51.7347231+00:00', 'ativo': False, 'responsavelCriacao': 1, 'responsavelModificacao': 1}], 'status': 1, 'id': 10050, 'dataCriacao': '2020-04-29T16:48:23.1613858+00:00', 'dataModificacao': '2020-05-04T18:28:13.3652586+00:00', 'ativo': True, 'responsavelCriacao': 1, 'responsavelModificacao': 1}, {'login': 'Bg', 'nome': 'Bruna Gomes', 'cpf': '65498765432', 'telefone': '32165498765', 'email': 'conrado+00093@b2ml.com.br', 'metaMensal': 5, 'localidadeId': 162, 'compromissos': [{'dataCompromisso': '2020-04-29T17:19:31.042+00:00', 'status': 3, 'vendedorId': 10049, 'acaoId': 34, 'prioridade': 2, 'id': 26, 'dataCriacao': '2020-04-27T20:08:31.1209271+00:00', 'dataModificacao': '2020-04-29T20:45:10.7668784+00:00', 'ativo': False, 'responsavelCriacao': 1, 'responsavelModificacao': 1}, {'dataCompromisso': '2020-04-29T17:20:47.349+00:00', 'status': 3, 'vendedorId': 10049, 'acaoId': 114, 'prioridade': 2, 'id': 48, 'dataCriacao': '2020-04-27T20:31:27.5281481+00:00', 'dataModificacao': '2020-04-29T20:51:12.2621887+00:00', 'ativo': False, 'responsavelCriacao': 1, 'responsavelModificacao': 1}, {'dataCompromisso': '2020-04-29T20:53:17+00:00', 'status': 4, 'vendedorId': 10049, 'acaoId': 20073, 'observacao': 'Texto texto', 'prioridade': 1, 'id': 20031, 'dataCriacao': '2020-04-29T20:53:22.8251634+00:00', 'dataModificacao': '2020-04-29T20:55:08.0251584+00:00', 'ativo': False, 'responsavelCriacao': 1, 'responsavelModificacao': 1}], 'status': 1, 'id': 10049, 'dataCriacao': '2020-04-29T16:47:24.9990482+00:00', 'dataModificacao': '2020-04-29T21:04:48.4963527+00:00', 'ativo': True, 'responsavelCriacao': 1, 'responsavelModificacao': 1}, {'login': 'Aj', 'nome': 'Alisia Jesus', 'cpf': '15975365987', 'telefone': '32165498765', 'email': 'conrado+00092@b2ml.com.br', 'metaMensal': 5, 'localidadeId': 162, 'compromissos': [{'dataCompromisso': '2020-04-29T17:18:57.015+00:00', 'status': 3, 'vendedorId': 10048, 'acaoId': 45, 'prioridade': 2, 'id': 22, 'dataCriacao': '2020-04-27T20:06:05.9562904+00:00', 'dataModificacao': '2020-04-29T17:57:47.0389111+00:00', 'ativo': False, 'responsavelCriacao': 1, 'responsavelModificacao': 1}, {'dataCompromisso': '2020-04-29T17:21:54.054+00:00', 'status': 4, 'vendedorId': 10048, 'acaoId': 10072, 'observacao': 'Texto de teste texto de teste', 'prioridade': 1, 'id': 49, 'dataCriacao': '2020-04-27T20:31:31.3579953+00:00', 'dataModificacao': '2020-04-29T17:54:49.0930901+00:00', 'ativo': False, 'responsavelCriacao': 1, 'responsavelModificacao': 1}, {'dataCompromisso': '2020-04-29T17:18:21.355+00:00', 'status': 3, 'vendedorId': 10048, 'acaoId': 10091, 'prioridade': 1, 'id': 10032, 'dataCriacao': '2020-04-29T15:18:55.9488517+00:00', 'dataModificacao': '2020-04-29T17:41:48.0999463+00:00', 'ativo': False, 'responsavelCriacao': 1, 'responsavelModificacao': 1}, {'dataCompromisso': '2020-04-29T17:18:38.14+00:00', 'status': 3, 'vendedorId': 10048, 'acaoId': 10090, 'prioridade': 0, 'id': 10033, 'dataCriacao': '2020-04-29T15:19:25.191664+00:00', 'dataModificacao': '2020-04-29T17:48:34.3882075+00:00', 'ativo': False, 'responsavelCriacao': 1, 'responsavelModificacao': 1}, {'dataCompromisso': '2020-04-29T20:08:09+00:00', 'status': 4, 'vendedorId': 10048, 'acaoId': 20072, 'observacao': 'Texto de teste', 'prioridade': 1, 'id': 20030, 'dataCriacao': '2020-04-29T20:08:15.5923758+00:00', 'dataModificacao': '2020-04-29T20:26:16.4095902+00:00', 'ativo': False, 'responsavelCriacao': 1, 'responsavelModificacao': 1}], 'status': 1, 'id': 10048, 'dataCriacao': '2020-04-29T16:46:51.8727329+00:00', 'dataModificacao': '2020-05-05T14:07:58.9316927+00:00', 'ativo': True, 'responsavelCriacao': 1, 'responsavelModificacao': 1}, {'login': 'Af', 'nome': 'Amanda Feitosa', 'cpf': '32165498654', 'telefone': '12365478965', 'email': 'conrado+00091@b2ml.com.br', 'metaMensal': 5, 'localidadeId': 162, 'compromissos': [{'dataCompromisso': '2020-04-29T17:20:29.038+00:00', 'status': 4, 'vendedorId': 10047, 'acaoId': 19, 'observacao': 'Texto texto', 'prioridade': 2, 'id': 20, 'dataCriacao': '2020-04-27T20:05:29.7883603+00:00', 'dataModificacao': '2020-04-29T21:25:11.0935484+00:00', 'ativo': False, 'responsavelCriacao': 1, 'responsavelModificacao': 1}, {'dataCompromisso': '2020-04-29T17:17:44+00:00', 'status': 4, 'vendedorId': 10047, 'acaoId': 44, 'observacao': 'Texto texto', 'prioridade': 2, 'id': 23, 'dataCriacao': '2020-04-27T20:06:17.1536497+00:00', 'dataModificacao': '2020-04-29T21:27:36.3371725+00:00', 'ativo': False, 'responsavelCriac
[...]
rId': 3, 'acaoId': 10072, 'prioridade': 1, 'id': 10030, 'dataCriacao': '2020-04-29T13:18:23.1408241+00:00', 'dataModificacao': '2020-04-29T13:18:54.3647629+00:00', 'ativo': False, 'responsavelCriacao': 1, 'responsavelModificacao': 1}], 'localidade': {'id': 162, 'cidade': 'Manaus', 'estado': 'AM', 'vendedores': [{'login': 'Sdo', 'nome': 'Suellen de Oliveira', 'cpf': '09307156436', 'telefone': '92988789789', 'email': 'conrado+01008@b2ml.com.br', 'metaMensal': 5, 'localidadeId': 162, 'compromissos': [], 'status': 1, 'id': 30055, 'dataCriacao': '2020-06-28T02:12:04.6288103+00:00', 'dataModificacao': '2020-06-24T16:34:34.51+00:00', 'ip': '', 'geolocalizacao': '', 'ativo': True, 'responsavelCriacao': 1, 'responsavelModificacao': 0}, {'login': 'Ksa', 'nome': 'Katia Sampaio', 'cpf': '89575866438', 'telefone': '9298878789978', 'email': 'conrado+01006@b2ml.com.br', 'metaMensal': 5, 'localidadeId': 162, 'compromissos': [], 'status': 1, 'id': 30054, 'dataCriacao': '2020-06-28T01:41:04.1537066+00:00', 'dataModificacao': '0001-01-01T00:00:00+00:00', 'ip': '', 'geolocalizacao': '', 'ativo': True, 'responsavelCriacao': 1, 'responsavelModificacao': 0}, {'login': 'Afe', 'nome': 'Angelica Fernandes', 'cpf': '57895866438', 'telefone': '9298789878978', 'email': 'conrado+01007@b2ml.com.br', 'metaMensal': 5, 'localidadeId': 162, 'compromissos': [], 'status': 1, 'id': 30053, 'dataCriacao': '2020-06-28T01:36:39.7466173+00:00', 'dataModificacao': '0001-01-01T00:00:00+00:00', 'ip': '', 'geolocalizacao': '', 'ativo': True, 'responsavelCriacao': 1, 'responsavelModificacao': 0}, {'login': 'Go', 'nome': 'Glenda Otto', 'cpf': '07895385664', 'telefone': '9298787898978', 'email': 'conrado+01003@b2ml.com.br', 'metaMensal': 5, 'localidadeId': 162, 'compromissos': [], 'status': 1, 'id': 30052, 'dataCriacao': '2020-06-27T22:49:18.0299155+00:00', 'dataModificacao': '0001-01-01T00:00:00+00:00', 'ip': '', 'geolocalizacao': '', 'ativo': True, 'responsavelCriacao': 1, 'responsavelModificacao': 0}, {'login': 'Wd', 'nome': 'Wanda Damaceno', 'cpf': '00795313664', 'telefone': '9298787898978', 'email': 'conrado+01002@b2ml.com.br', 'metaMensal': 5, 'localidadeId': 162, 'compromissos': [], 'status': 1, 'id': 30051, 'dataCriacao': '2020-06-26T23:55:52.2991352+00:00', 'dataModificacao': '0001-01-01T00:00:00+00:00', 'ip': '', 'geolocalizacao': '', 'ativo': True, 'responsavelCriacao': 1, 'responsavelModificacao': 0}, {'login': 'Rr', 'nome': 'Raissa Reis', 'cpf': '09530716436', 'telefone': '92987898789', 'email': 'conrado+01001@b2ml.com.br', 'metaMensal': 5, 'localidadeId': 162, 'compromissos': [], 'status': 1, 'id': 30050, 'dataCriacao': '2020-06-26T23:34:07.282465+00:00', 'dataModificacao': '0001-01-01T00:00:00+00:00', 'ip': '', 'geolocalizacao': '', 'ativo': True, 'responsavelCriacao': 1, 'responsavelModificacao': 0}, {'login': 'Pp', 'nome': 'Paula Pereira', 'cpf': '09564363071', 'telefone': '92987898789', 'email': 'conrado+01000@b2ml.com.br', 'metaMensal': 5, 'localidadeId': 162, 'compromissos': [], 'status': 1, 'id': 30049, 'dataCriacao': '2020-06-24T19:31:36.2262244+00:00', 'dataModificacao': '2020-06-24T16:34:34.51+00:00', 'ip': '', 'geolocalizacao': '', 'ativo': True, 'responsavelCriacao': 1, 'responsavelModificacao': 0}, {'login': 'Ma', 'nome': 'Maria Antonieta', 'cpf': '45648945698', 'telefone': '65498765432', 'email': 'conrado+00097@b2ml.com.br', 'metaMensal': 5, 'localidadeId': 162, 'compromissos': [], 'status': 1, 'id': 20046, 'dataCriacao': '2020-05-04T18:47:46.8815299+00:00', 'dataModificacao': '0001-01-01T00:00:00+00:00', 'ativo': True, 'responsavelCriacao': 1, 'responsavelModificacao': 0}, {'login': 'Cs', 'nome': 'Cristina Souza', 'cpf': '45698765432', 'telefone': '45698765432', 'email': 'conrado+00096@b2ml.com.br', 'metaMensal': 5, 'localidadeId': 162, 'compromissos': [{'dataCompromisso': '2020-04-29T17:20:14.999+00:00', 'status': 3, 'vendedorId': 10052, 'acaoId': 24, 'prioridade': 2, 'id': 21, 'dataCriacao': '2020-04-27T20:06:02.1881721+00:00', 'dataModificacao': '2020-04-30T06:32:02.8708328+00:00', 'ativo': False, 'responsavelCriacao': 1, 'responsavelModificacao': 1}, {'dataCompromisso': '2020-04-30T06:34:02+00:00', 'status': 1, 'vendedorId': 10052, 'acaoId': 20076, 'prioridade': 1, 'id': 20033, 'dataCriacao': '2020-04-30T06:34:07.7687592+00:00', 'dataModificacao': '2020-04-30T06:34:07.7687594+00:00', 'ativo': False, 'responsavelCriacao': 1, 'responsavelModificacao': 1}], 'status': 1, 'id': 10052, 'dataCriacao': '2020-04-29T16:49:59.1758404+00:00', 'dataModificacao': '0001-01-01T00:00:00+00:00', 'ativo': True, 'responsavelCriacao': 1, 'responsavelModificacao': 0}, {'login': 'Ca', 'nome': 'Carla Almeida', 'cpf': '32165498765', 'telefone': '45678945612', 'email': 'conrado+00095@b2ml.com.br', 'metaMensal': 5, 'localidadeId': 162, 'compromissos': [{'dataCompromisso': '2020-04-29T17:19:47.17+00:00', 'status': 1, 'vendedorId': 10051, 'acaoId': 65, 'prioridade': 2, 'id': 36, 'dataCriacao': '2020-04-27T20:20:09.8308644+00:00', 'dataModificacao': '2020-04-29T17:19:52.3160311+00:00', 'ativo': False, 'responsavelCriacao': 1, 'responsavelModificacao': 1}, {'dataCompromisso': '2020-04-29T18:31:14+00:00', 'status': 1, 'vendedorId': 10051, 'acaoId': 11, 'prioridade': 2, 'id': 47, 'dataCriacao': '2020-04-27T20:31:05.974337+00:00', 'dataModificacao': '2020-04-29T18:31:46.4691933+00:00', 'ativo': False, 'responsavelCriacao': 1, 'responsavelModificacao': 1}], 'status': 1, 'id': 10051, 'dataCriacao': '2020-04-29T16:49:24.4187138+00:00', 'dataModificacao': '0001-01-01T00:00:00+00:00', 'ativo': True, 'responsavelCriacao': 1, 'responsavelModificacao': 0}, {'login': 'Bo', 'nome': 'Breno de Oliveira', 'cpf': '65498765432', 'telefone': '32165498765', 'email': 'conrado+00094@b2ml.com.br', 'metaMensal': 5, 'localidadeId': 162, 'compromissos': [{'dataCompromisso': '2020-04-29T17:20:01.25+00:00', 'status': 3, 'vendedorId': 10050, 'acaoId': 40, 'prioridade': 2, 'id': 38, 'dataCriacao': '2020-04-27T20:20:20.5149386+00:00', 'dataModificacao': '2020-04-29T20:34:58.8471994+00:00', 'ativo': False, 'responsavelCriacao': 1, 'responsavelModificacao': 1}, {'dataCompromisso': '2020-04-29T17:21:40.066+00:00', 'status': 4, 'vendedorId': 10050, 'acaoId': 29, 'observacao': 'Texto teste', 'prioridade': 1, 'id': 41, 'dataCriacao': '2020-04-27T20:20:46.6488123+00:00', 'dataModificacao': '2020-04-29T20:38:51.7347231+00:00', 'ativo': False, 'responsavelCriacao': 1, 'responsavelModificacao': 1}], 'status': 1, 'id': 10050, 'dataCriacao': '2020-04-29T16:48:23.1613858+00:00', 'dataModificacao': '2020-05-04T18:28:13.3652586+00:00', 'ativo': True, 'responsavelCriacao': 1, 'responsavelModificacao': 1}, {'login': 'Bg', 'nome': 'Bruna Gomes', 'cpf': '65498765432', 'telefone': '32165498765', 'email': 'conrado+00093@b2ml.com.br', 'metaMensal': 5, 'localidadeId': 162, 'compromissos': [{'dataCompromisso': '2020-04-29T17:19:31.042+00:00', 'status': 3, 'vendedorId': 10049, 'acaoId': 34, 'prioridade': 2, 'id': 26, 'dataCriacao': '2020-04-27T20:08:31.1209271+00:00', 'dataModificacao': '2020-04-29T20:45:10.7668784+00:00', 'ativo': False, 'responsavelCriacao': 1, 'responsavelModificacao': 1}, {'dataCompromisso': '2020-04-29T17:20:47.349+00:00', 'status': 3, 'vendedorId': 10049, 'acaoId': 114, 'prioridade': 2, 'id': 48, 'dataCriacao': '2020-04-27T20:31:27.5281481+00:00', 'dataModificacao': '2020-04-29T20:51:12.2621887+00:00', 'ativo': False, 'responsavelCriacao': 1, 'responsavelModificacao': 1}, {'dataCompromisso': '2020-04-29T20:53:17+00:00', 'status': 4, 'vendedorId': 10049, 'acaoId': 20073, 'observacao': 'Texto texto', 'prioridade': 1, 'id': 20031, 'dataCriacao': '2020-04-29T20:53:22.8251634+00:00', 'dataModificacao': '2020-04-29T20:55:08.0251584+00:00', 'ativo': False, 'responsavelCriacao': 1, 'responsavelModificacao': 1}], 'status': 1, 'id': 10049, 'dataCriacao': '2020-04-29T16:47:24.9990482+00:00', 'dataModificacao': '2020-04-29T21:04:48.4963527+00:00', 'ativo': True, 'responsavelCriacao': 1, 'responsavelModificacao': 1}, {'login': 'Aj', 'nome': 'Alisia Jesus', 'cpf': '15975365987', 'telefone': '32165498765', 'email': 'conrado+00092@b2ml.com.br', 'metaMensal': 5, 'localidadeId': 162, 'compromissos': [{'dataCompromisso': '2020-04-29T17:18:57.015+00:00', 'status': 3, 'vendedorId': 10048, 'acaoId': 45, 'prioridade': 2, 'id': 22, 'dataCriacao': '2020-04-27T20:06:05.9562904+00:00', 'dataModificacao': '2020-04-29T17:57:47.0389111+00:00', 'ativo': False, 'responsavelCriacao': 1, 'responsavelModificacao': 1}, {'dataCompromisso': '2020-04-29T17:21:54.054+00:00', 'status': 4, 'vendedorId': 10048, 'acaoId': 10072, 'observacao': 'Texto de teste texto de teste', 'prioridade': 1, 'id': 49, 'dataCriacao': '2020-04-27T20:31:31.3579953+00:00', 'dataModificacao': '2020-04-29T17:54:49.0930901+00:00', 'ativo': False, 'responsavelCriacao': 1, 'responsavelModificacao': 1}, {'dataCompromisso': '2020-04-29T17:18:21.355+00:00', 'status': 3, 'vendedorId': 10048, 'acaoId': 10091, 'prioridade': 1, 'id': 10032, 'dataCriacao': '2020-04-29T15:18:55.9488517+00:00', 'dataModificacao': '2020-04-29T17:41:48.0999463+00:00', 'ativo': False, 'responsavelCriacao': 1, 'responsavelModificacao': 1}, {'dataCompromisso': '2020-04-29T17:18:38.14+00:00', 'status': 3, 'vendedorId': 10048, 'acaoId': 10090, 'prioridade': 0, 'id': 10033, 'dataCriacao': '2020-04-29T15:19:25.191664+00:00', 'dataModificacao': '2020-04-29T17:48:34.3882075+00:00', 'ativo': False, 'responsavelCriacao': 1, 'responsavelModificacao': 1}, {'dataCompromisso': '2020-04-29T20:08:09+00:00', 'status': 4, 'vendedorId': 10048, 'acaoId': 20072, 'observacao': 'Texto de teste', 'prioridade': 1, 'id': 20030, 'dataCriacao': '2020-04-29T20:08:15.5923758+00:00', 'dataModificacao': '2020-04-29T20:26:16.4095902+00:00', 'ativo': False, 'responsavelCriacao': 1, 'responsavelModificacao': 1}], 'status': 1, 'id': 10048, 'dataCriacao': '2020-04-29T16:46:51.8727329+00:00', 'dataModificacao': '2020-05-05T14:07:58.9316927+00:00', 'ativo': True, 'responsavelCriacao': 1, 'responsavelModificacao': 1}, {'login': 'Af', 'nome': 'Amanda Feitosa', 'cpf': '32165498654', 'telefone': '12365478965', 'email': 'conrado+00091@b2ml.com.br', 'metaMensal': 5, 'localidadeId': 162, 'compromissos': [{'dataCompromisso': '2020-04-29T17:20:29.038+00:00', 'status': 4, 'vendedorId': 10047, 'acaoId': 19, 'observacao': 'Texto texto', 'prioridade': 2, 'id': 20, 'dataCriacao': '2020-04-27T20:05:29.7883603+00:00', 'dataModificacao': '2020-04-29T21:25:11.0935484+00:00', 'ativo': False, 'responsavelCriacao': 1, 'responsavelModificacao': 1}, {'dataCompromisso': '2020-04-29T17:17:44+00:00', 'status': 4, 'vendedorId': 10047, 'acaoId': 44, 'observacao': 'Texto texto', 'prioridade': 2, 'id': 23, 'dataCriacao': '2020-04-27T20:06:17.1536497+00:00', 'dataModificacao': '2020-04-29T21:27:36.3371725+00:00', 'ativo': False, 'responsavelCriacao': 1, 'responsavelModificacao': 1}, {'dataCompromisso': '2020-04-29T17:19:13.132+00:00', 'status': 3, 'vendedorId': 10047, 'acaoId': 10074, 'prioridade': 1, 'id': 10031, 'dataCriacao': '2020-04-29T15:18:16.225177+00:00', 'dataModificacao': '2020-04-29T21:21:50.8381511+00:00', 'ativo': False, 'responsavelCriacao': 1, 'responsavelModificacao': 1}], 'status': 1, 'id': 10047, 'dataCriacao': '2020-04-29T16:46:01.0341279+00:00', 'dataModificacao': '0001-01-01T00:00:00+00:00', 'ativo': True, 'responsavelCriacao': 1, 'responsavelModificacao': 0}, {'login': 'Ff', 'nome': 'Fernanda Freitas', 'cpf': '12365448964', 'telefone': '12365478965', 'email': 'conrado+00090@b2ml.com.br', 'metaMensal': 5, 'localidadeId': 162, 'compromissos': [], 'status': 1, 'id': 10046, 'dataCriacao': '2020-04-29T15:52:10.0563379+00:00', 'dataModificacao': '2020-05-05T03:50:00.1734295+00:00', 'ativo': True, 'responsavelCriacao': 1, 'responsavelModificacao': 1}, {'login': 'Ws', 'nome': 'Walena Silva', 'cpf': '45698764321', 'telefone': '32165498654', 'email': 'conrado+00102@b2ml.com.br', 'metaMensal': 5, 'localidadeId': 162, 'compromissos': [{'dataCompromisso': '2020-04-29T21:49:29+00:00', 'status': 1, 'vendedorId': 76, 'acaoId': 20075, 'prioridade': 3, 'id': 20032, 'dataCriacao': '2020-04-29T21:49:44.4585871+00:00', 'dataModificacao': '2020-04-29T21:49:44.4585875+00:00', 'ativo': False, 'responsavelCriacao': 1, 'responsavelModificacao': 1}], 'status': 1, 'id': 76, 'dataCriacao': '2020-04-27T20:18:39.6741364+00:00', 'dataModificacao': '2020-04-29T21:43:30.1852875+00:00', 'ativo': True, 'responsavelCriacao': 1, 'responsavelModificacao': 1}, {'login': 'Ak', 'nome': 'Wariana Katarina', 'cpf': '12365478965', 'telefone': '12365498765', 'email': 'conrado+00101@b2ml.com.br', 'metaMensal': 5, 'localidadeId': 162, 'compromissos': [], 'status': 1, 'id': 35, 'dataCriacao': '2020-04-27T20:05:02.319521+00:00', 'dataModificacao': '2020-04-30T04:44:57.4776041+00:00', 'ativo': True, 'responsavelCriacao': 1, 'responsavelModificacao': 1}, {'login': 'As', 'nome': 'Jose Antonio Silvino', 'cpf': '15880177729', 'telefone': '1588017772', 'email': 'conrado+001000000000@b2ml.com.br', 'metaMensal': 5, 'localidadeId': 162, 'compromissos': [], 'status': 1, 'id': 29, 'dataCriacao': '2020-04-27T20:02:51.6261935+00:00', 'dataModificacao': '2020-04-30T04:30:23.7247665+00:00', 'ativo': True, 'responsavelCriacao': 1, 'responsavelModificacao': 1}, {'login': 'Mm', 'nome': 'Maisa Malta', 'cpf': '15975365478', 'telefone': '32165498645', 'email': 'conrado+00046@b2ml.com.br', 'metaMensal': 5, 'localidadeId': 162, 'compromissos': [{'dataCompromisso': '2020-04-24T14:11:21.157+00:00', 'status': 1, 'vendedorId': 5, 'acaoId': 11, 'prioridade': 1, 'id': 11, 'dataCriacao': '2020-04-24T14:11:25.5571059+00:00', 'dataModificacao': '2020-04-24T14:11:25.5571063+00:00', 'ativo': False, 'responsavelCriacao': 0, 'responsavelModificacao': 0}, {'dataCompromisso': '2020-04-24T14:11:55+00:00', 'status': 1, 'vendedorId': 5, 'acaoId': 11, 'prioridade': 1, 'id': 12, 'dataCriacao': '2020-04-24T14:12:04.5050473+00:00', 'dataModificacao': '2020-04-24T14:12:04.5050477+00:00', 'ativo': False, 'responsavelCriacao': 0, 'responsavelModificacao': 0}, {'dataCompromisso': '2020-04-24T14:15:43+00:00', 'status': 1, 'vendedorId': 5, 'acaoId': 11, 'prioridade': 0, 'id': 13, 'dataCriacao': '2020-04-24T14:12:53.6111529+00:00', 'dataModificacao': '2020-04-24T14:12:53.6111533+00:00', 'ativo': False, 'responsavelCriacao': 0, 'responsavelModificacao': 0}, {'dataCompromisso': '2020-04-24T14:15:12+00:00', 'status': 1, 'vendedorId': 5, 'acaoId': 11, 'prioridade': 2, 'id': 14, 'dataCriacao': '2020-04-24T14:15:18.4299346+00:00', 'dataModificacao': '2020-04-24T14:15:18.4299351+00:00', 'ativo': False, 'responsavelCriacao': 0, 'responsavelModificacao': 0}, {'dataCompromisso': '2020-04-24T14:19:53+00:00', 'status': 1, 'vendedorId': 5, 'acaoId': 11, 'prioridade': 1, 'id': 15, 'dataCriacao': '2020-04-24T14:20:17.6164666+00:00', 'dataModificacao': '2020-04-24T14:20:17.616467+00:00', 'ativo': False, 'responsavelCriacao': 0, 'responsavelModificacao': 0}, {'dataCompromisso': '2020-04-24T14:23:54+00:00', 'status': 1, 'vendedorId': 5, 'acaoId': 12, 'prioridade': 1, 'id': 16, 'dataCriacao': '2020-04-24T14:24:01.4080887+00:00', 'dataModificacao': '2020-04-24T14:24:01.408089+00:00', 'ativo': False, 'responsavelCriacao': 0, 'responsavelModificacao': 0}], 'status': 1, 'id': 5, 'dataCriacao': '2020-04-24T14:00:50.1750279+00:00', 'dataModificacao': '0001-01-01T00:00:00+00:00', 'ativo': True, 'responsavelCriacao': 10019, 'responsavelModificacao': 0}, {'login': 'Ev', 'nome': 'Erica Vieira', 'cpf': '45678946513', 'telefone': '98765432132', 'email': 'conrado+00022@b2ml.com.br', 'metaMensal': 5, 'localidadeId': 162, 'compromissos': [{'dataCompromisso': '2020-04-24T14:46:22.17+00:00', 'status': 1, 'vendedorId': 4, 'acaoId': 8, 'prioridade': 1, 'id': 17, 'dataCriacao': '2020-04-24T14:45:40.1351473+00:00', 'dataModificacao': '2020-04-24T14:45:40.1351475+00:00', 'ativo': False, 'responsavelCriacao': 0, 'responsavelModificacao': 0}], 'status': 1, 'id': 4, 'dataCriacao': '2020-04-17T14:57:35.2701369+00:00', 'dataModificacao': '0001-01-01T00:00:00+00:00', 'ativo': True, 'responsavelCriacao': 1, 'responsavelModificacao': 0}]}, 'status': 1, 'id': 3, 'dataCriacao': '2020-04-17T14:56:13.4842306+00:00', 'dataModificacao': '2020-04-17T14:56:21.7448473+00:00', 'ativo': True, 'responsavelCriacao': 1, 'responsavelModificacao': 1}, {'login': 'vendedor1', 'nome': 'José da Silva', 'cpf': '98798765425', 'telefone': '35998563322', 'email': 'vendedor1@b2ml.com.br', 'metaMensal': 150, 'localidadeId': 742, 'compromissos': [], 'localidade': {'id': 742, 'cidade': 'Nova\xa0Russas', 'estado': 'CE', 'vendedores': [{'login': 'vendedor2', 'nome': 'Caio da Silva', 'cpf': '45645646525', 'telefone': '35998563322', 'email': 'vendedor2@b2ml.com.br', 'metaMensal': 150, 'localidadeId': 742, 'compromissos': [{'dataCompromisso': '2020-04-24T15:05:24.733+00:00', 'status': 1, 'vendedorId': 2, 'acaoId': 8, 'prioridade': 1, 'id': 18, 'dataCriacao': '2020-04-24T15:04:41.481488+00:00', 'dataModificacao': '2020-04-24T15:04:41.4814884+00:00', 'ativo': False, 'responsavelCriacao': 0, 'responsavelModificacao': 0}, {'dataCompromisso': '2020-04-24T15:17:05.776+00:00', 'status': 1, 'vendedorId': 2, 'acaoId': 7, 'prioridade': 0, 'id': 19, 'dataCriacao': '2020-04-24T15:16:22.5963919+00:00', 'dataModificacao': '2020-04-24T15:16:22.5963922+00:00', 'ativo': False, 'responsavelCriacao': 0, 'responsavelModificacao': 0}], 'status': 1, 'id': 2, 'dataCriacao': '2019-04-23T10:47:59+00:00', 'dataModificacao': '1980-01-01T00:00:00+00:00', 'ativo': True, 'responsavelCriacao': 1, 'responsavelModificacao': 0}]}, 'status': 1, 'id': 1, 'dataCriacao': '2019-04-23T10:47:59+00:00', 'dataModificacao': '1980-01-01T00:00:00+00:00', 'ativo': True, 'responsavelCriacao': 1, 'responsavelModificacao': 0}, {'login': 'vendedor2', 'nome': 'Caio da Silva', 'cpf': '45645646525', 'telefone': '35998563322', 'email': 'vendedor2@b2ml.com.br', 'metaMensal': 150, 'localidadeId': 742, 'compromissos': [{'dataCompromisso': '2020-04-24T15:05:24.733+00:00', 'status': 1, 'vendedorId': 2, 'acaoId': 8, 'prioridade': 1, 'id': 18, 'dataCriacao': '2020-04-24T15:04:41.481488+00:00', 'dataModificacao': '2020-04-24T15:04:41.4814884+00:00', 'ativo': False, 'responsavelCriacao': 0, 'responsavelModificacao': 0}, {'dataCompromisso': '2020-04-24T15:17:05.776+00:00', 'status': 1, 'vendedorId': 2, 'acaoId': 7, 'prioridade': 0, 'id': 19, 'dataCriacao': '2020-04-24T15:16:22.5963919+00:00', 'dataModificacao': '2020-04-24T15:16:22.5963922+00:00', 'ativo': False, 'responsavelCriacao': 0, 'responsavelModificacao': 0}], 'localidade': {'id': 742, 'cidade': 'Nova\xa0Russas', 'estado': 'CE', 'vendedores': [{'login': 'vendedor1', 'nome': 'José da Silva', 'cpf': '98798765425', 'telefone': '35998563322', 'email': 'vendedor1@b2ml.com.br', 'metaMensal': 150, 'localidadeId': 742, 'compromissos': [], 'status': 1, 'id': 1, 'dataCriacao': '2019-04-23T10:47:59+00:00', 'dataModificacao': '1980-01-01T00:00:00+00:00', 'ativo': True, 'responsavelCriacao': 1, 'responsavelModificacao': 0}]}, 'status': 1, 'id': 2, 'dataCriacao': '2019-04-23T10:47:59+00:00', 'dataModificacao': '1980-01-01T00:00:00+00:00', 'ativo': True, 'responsavelCriacao': 1, 'responsavelModificacao': 0}]</msg>
<status status="PASS" starttime="20200630 17:42:52.888" endtime="20200630 17:42:52.916"></status>
</kw>
<status status="PASS" starttime="20200630 17:42:52.885" endtime="20200630 17:42:52.917"></status>
</kw>
<tags>
<tag>caso02</tag>
</tags>
<status status="PASS" starttime="20200630 17:42:52.536" endtime="20200630 17:42:52.917" critical="yes"></status>
</test>
<doc>http://18.230.42.118:5100/subadquirencia/cadastro/swagger/index.html#/</doc>
<status status="PASS" starttime="20200630 17:42:52.375" endtime="20200630 17:42:52.918"></status>
</suite>
<statistics>
<total>
<stat pass="1" fail="0">Critical Tests</stat>
<stat pass="1" fail="0">All Tests</stat>
</total>
<tag>
<stat pass="1" fail="0">caso02</stat>
</tag>
<suite>
<stat pass="1" fail="0" id="s1" name="testAPI">testAPI</stat>
</suite>
</statistics>
<errors>
</errors>
</robot>
