<?xml version="1.0" encoding="UTF-8"?>
<robot generator="Robot 3.2.1 (Python 3.6.9 on linux)" generated="20200715 17:03:43.278" rpa="false">
<suite id="s1" name="testAPI" source="/home/cndr/workspace/Robot/suiteCaruana/adquirenciaAPI/tests/testAPI.robot">
<kw name="Connect to API" library="resourceAPI" type="setup">
<kw name="Create Session" library="RequestsLibrary">
<doc>Create Session: create a HTTP session to a server</doc>
<arguments>
<arg>Adquirencia_API</arg>
<arg>${URL_API}</arg>
</arguments>
<msg timestamp="20200715 17:03:43.873" level="INFO">Creating Session using : alias=Adquirencia_API, url=http://18.230.42.118:5100/api, headers={},                     cookies={}, auth=None, timeout=None, proxies=None, verify=False,                     debug=0 </msg>
<status status="PASS" starttime="20200715 17:03:43.872" endtime="20200715 17:03:43.876"></status>
</kw>
<status status="PASS" starttime="20200715 17:03:43.872" endtime="20200715 17:03:43.877"></status>
</kw>
<test id="s1-t1" name="Cadastrar EC PJ (POST)">
<kw name="Cadastrar um novo EC PJ" library="resourceAPI">
<kw name="Create Dictionary" library="BuiltIn">
<doc>Creates and returns a dictionary based on the given ``items``.</doc>
<arguments>
<arg>Content-Type=application/json; charset=utf-8</arg>
<arg>AccessToken=eyJhbGciOiJIUzI1NiIsInR5cCI6IkpXVCJ9.eyJ1bmlxdWVfbmFtZSI6Ikx1aXogUm9vdCIsInJvbGUiOiJSb290IEFjY2VzcyIsIm5iZiI6MTU5MzMwODAyMCwiZXhwIjoxNTk1OTAwMDIwLCJpYXQiOjE1OTMzMDgwMjB9.so9NyoilMrVs1cFcshrQY1A5327JrKCXMgEU-Azl9rg</arg>
</arguments>
<assign>
<var>${HEADERS}</var>
</assign>
<msg timestamp="20200715 17:03:43.880" level="INFO">${HEADERS} = {'Content-Type': 'application/json; charset=utf-8', 'AccessToken': 'eyJhbGciOiJIUzI1NiIsInR5cCI6IkpXVCJ9.eyJ1bmlxdWVfbmFtZSI6Ikx1aXogUm9vdCIsInJvbGUiOiJSb290IEFjY2VzcyIsIm5iZiI6MTU5MzMwODAyMCwiZXhwIjo...</msg>
<status status="PASS" starttime="20200715 17:03:43.879" endtime="20200715 17:03:43.881"></status>
</kw>
<kw name="Get Binary File" library="OperatingSystem">
<doc>Returns the contents of a specified file.</doc>
<arguments>
<arg>${JSON_PATH}new_ecpj.json</arg>
</arguments>
<assign>
<var>${BODY}</var>
</assign>
<msg timestamp="20200715 17:03:43.881" level="INFO" html="yes">Getting file '&lt;a href="file:///home/cndr/workspace/Robot/suiteCaruana/adquirenciaAPI/json/new_ecpj.json"&gt;/home/cndr/workspace/Robot/suiteCaruana/adquirenciaAPI/json/new_ecpj.json&lt;/a&gt;'.</msg>
<msg timestamp="20200715 17:03:43.882" level="INFO">${BODY} = {
    "tipo": 1,
    "nomeFantasia": "Totens Bus F\xc3\xa1cil Paygo",
    "razaoSocial": "Totens Bus F\xc3\xa1cil Paygo",
    "patrimonioLiquido": 0,
    "documentoIdentificacao": "87459328888654",
  ...</msg>
<status status="PASS" starttime="20200715 17:03:43.881" endtime="20200715 17:03:43.883"></status>
</kw>
<kw name="Post Request" library="RequestsLibrary">
<doc>Send a POST request on the session object found using the
given `alias`</doc>
<arguments>
<arg>Adquirencia_API</arg>
<arg>Estabelecimentopj</arg>
<arg>headers=${HEADERS}</arg>
<arg>data=${BODY}</arg>
</arguments>
<assign>
<var>${REQUEST}</var>
</assign>
<msg timestamp="20200715 17:03:46.484" level="INFO">POST Request : url=http://18.230.42.118:5100/api/Estabelecimentopj 
 path_url=/api/Estabelecimentopj 
 headers={'User-Agent': 'python-requests/2.23.0', 'Accept-Encoding': 'gzip, deflate', 'Accept': '*/*', 'Connection': 'keep-alive', 'Content-Type': 'application/json; charset=utf-8', 'AccessToken': 'eyJhbGciOiJIUzI1NiIsInR5cCI6IkpXVCJ9.eyJ1bmlxdWVfbmFtZSI6Ikx1aXogUm9vdCIsInJvbGUiOiJSb290IEFjY2VzcyIsIm5iZiI6MTU5MzMwODAyMCwiZXhwIjoxNTk1OTAwMDIwLCJpYXQiOjE1OTMzMDgwMjB9.so9NyoilMrVs1cFcshrQY1A5327JrKCXMgEU-Azl9rg', 'Content-Length': '2484'} 
 body=b'{\n    "tipo": 1,\n    "nomeFantasia": "Totens Bus F\xc3\xa1cil Paygo",\n    "razaoSocial": "Totens Bus F\xc3\xa1cil Paygo",\n    "patrimonioLiquido": 0,\n    "documentoIdentificacao": "87459328888654",\n    "etapa": 5,\n    "email": "rodolfo.rodrigues+00010@b2ml.com.br",\n    "pep": false,\n    "mcc": {\n        "id": 7911,\n        "descricao": "Lojas de Departamentos"\n    },\n    "endereco": {\n        "logradouro": "Avenida Joaquim Nabuco",\n        "numero": 76,\n        "complemento": "at\xc3\xa9 783/784",\n        "cep": 69005080,\n        "cepstr": "69005080",\n        "primario": false,\n        "bairro": "Centro",\n        "localidade": {\n        "id": 162,\n        "cidade": "Manaus",\n        "estado": "AM"\n        },\n        "id": 0,\n        "dataCriacao": "0001-01-01T00:00:00+00:00",\n        "dataModificacao": "0001-01-01T00:00:00+00:00",\n        "ativo": false,\n        "responsavelCriacao": 0,\n        "responsavelModificacao": 0\n    },\n    "contatos": [\n        {\n        "nome": "Castro Alves",\n        "telefone": "(92) 98832-1784",\n        "representanteLegal": false,\n        "id": 0,\n        "dataCriacao": "0001-01-01T00:00:00+00:00",\n        "dataModificacao": "0001-01-01T00:00:00+00:00",\n        "ativo": false,\n        "responsavelCriacao": 0,\n        "responsavelModificacao": 0\n        }\n    ],\n    "faturamentoMensal": {\n        "ticketMedio": 0,\n        "transacoesDiarias": 0,\n        "volumeMensal": 0,\n        "taxaDebito": 0,\n        "taxaCredito": 0,\n        "id": 0,\n        "dataCriacao": "2020-04-17T14:48:27.0088046+00:00",\n        "dataModificacao": "0001-01-01T00:00:00+00:00",\n        "ativo": true,\n        "responsavelCriacao": 0,\n        "responsavelModificacao": 0\n    },\n    "documentos": [],\n    "taxas": [],\n    "domicilio": {\n        "banco": "335",\n        "conta": "000456",\n        "agencia": "401",\n        "tipoConta": "Conta Sal\xc3\xa1rio",\n        "id": 0,\n        "dataCriacao": "0001-01-01T00:00:00+00:00",\n        "dataModificacao": "0001-01-01T00:00:00+00:00",\n        "ativo": false,\n        "responsavelCriacao": 0,\n        "responsavelModificacao": 0\n    },\n        "equipamentos": [],\n        "telefone": "9288564577",\n        "maxParcelas": 3,\n        "aprovadoForca": false,\n        "taxaAntecipacaoMensal": 1,\n        "id": 0,\n        "dataCriacao": "2020-04-17T14:48:27.0088034+00:00",\n        "dataModificacao": "2020-06-24T14:07:53.1135674+00:00",\n        "ativo": true,\n        "responsavelCriacao": 0,\n        "responsavelModificacao": 0\n    }' 
 </msg>
<msg timestamp="20200715 17:03:46.484" level="INFO">POST Response : url=http://18.230.42.118:5100/api/Estabelecimentopj 
 status=201, reason=Created 
 body={"tipo":1,"nomeFantasia":"Totens Bus Fácil Paygo","razaoSocial":"Totens Bus Fácil Paygo","patrimonioLiquido":0.0,"documentoIdentificacao":"87459328888654","etapa":5,"email":"rodolfo.rodrigues+00010@b2ml.com.br","pep":false,"mcc":{"id":7911,"descricao":"Lojas de Departamentos"},"endereco":{"logradouro":"Avenida Joaquim Nabuco","numero":76,"complemento":"até 783/784","cep":69005080,"cepstr":"69005080","primario":false,"bairro":"Centro","localidade":{"id":162,"cidade":"Manaus","estado":"AM"},"id":0,"dataCriacao":"0001-01-01T00:00:00+00:00","dataModificacao":"0001-01-01T00:00:00+00:00","ativo":false,"responsavelCriacao":0,"responsavelModificacao":0},"contatos":[{"nome":"Castro Alves","telefone":"(92) 98832-1784","representanteLegal":false,"id":0,"dataCriacao":"0001-01-01T00:00:00+00:00","dataModificacao":"0001-01-01T00:00:00+00:00","ativo":false,"responsavelCriacao":0,"responsavelModificacao":0}],"faturamentoMensal":{"ticketMedio":0.0,"transacoesDiarias":0,"volumeMensal":0.0,"taxaDebito":0.0,"taxaCredito":0.0,"id":0,"dataCriacao":"2020-04-17T14:48:27.0088046+00:00","dataModificacao":"0001-01-01T00:00:00+00:00","ativo":true,"responsavelCriacao":0,"responsavelModificacao":0},"documentos":[],"taxas":[],"domicilio":{"banco":"335","conta":"000456","agencia":"401","tipoConta":"Conta Salário","id":0,"dataCriacao":"0001-01-01T00:00:00+00:00","dataModificacao":"0001-01-01T00:00:00+00:00","ativo":false,"responsavelCriacao":0,"responsavelModificacao":0},"equipamentos":[],"telefone":"9288564577","maxParcelas":3,"aprovadoForca":false,"taxaAntecipacaoMensal":1.0,"id":0,"dataCriacao":"2020-04-17T14:48:27.0088034+00:00","dataModificacao":"2020-06-24T14:07:53.1135674+00:00","ativo":true,"responsavelCriacao":0,"responsavelModificacao":0} 
 </msg>
<msg timestamp="20200715 17:03:46.484" level="INFO">${REQUEST} = &lt;Response [201]&gt;</msg>
<status status="PASS" starttime="20200715 17:03:43.883" endtime="20200715 17:03:46.484"></status>
</kw>
<kw name="Set Test Variable" library="BuiltIn">
<doc>Makes a variable available everywhere within the scope of the current test.</doc>
<arguments>
<arg>${REQUEST}</arg>
</arguments>
<msg timestamp="20200715 17:03:46.485" level="INFO">${REQUEST} = &lt;Response [201]&gt;</msg>
<status status="PASS" starttime="20200715 17:03:46.485" endtime="20200715 17:03:46.485"></status>
</kw>
<status status="PASS" starttime="20200715 17:03:43.878" endtime="20200715 17:03:46.486"></status>
</kw>
<kw name="Conferir status code" library="resourceAPI">
<arguments>
<arg>201</arg>
</arguments>
<kw name="Should Be Equal As Strings" library="BuiltIn">
<doc>Fails if objects are unequal after converting them to strings.</doc>
<arguments>
<arg>${REQUEST.status_code}</arg>
<arg>${STATUS_CODE}</arg>
</arguments>
<msg timestamp="20200715 17:03:46.488" level="INFO">Argument types are:
&lt;class 'int'&gt;
&lt;type 'unicode'&gt;</msg>
<status status="PASS" starttime="20200715 17:03:46.487" endtime="20200715 17:03:46.488"></status>
</kw>
<status status="PASS" starttime="20200715 17:03:46.486" endtime="20200715 17:03:46.488"></status>
</kw>
<kw name="Conferir reason" library="resourceAPI">
<arguments>
<arg>Created</arg>
</arguments>
<kw name="Should Be Equal As Strings" library="BuiltIn">
<doc>Fails if objects are unequal after converting them to strings.</doc>
<arguments>
<arg>${REQUEST.reason}</arg>
<arg>${REASON_MESSAGE}</arg>
</arguments>
<status status="PASS" starttime="20200715 17:03:46.490" endtime="20200715 17:03:46.490"></status>
</kw>
<status status="PASS" starttime="20200715 17:03:46.489" endtime="20200715 17:03:46.491"></status>
</kw>
<kw name="Exibir dados" library="resourceAPI">
<kw name="Log" library="BuiltIn">
<doc>Logs the given message with the given level.</doc>
<arguments>
<arg>${REQUEST.text}</arg>
</arguments>
<msg timestamp="20200715 17:03:46.494" level="INFO">{"tipo":1,"nomeFantasia":"Totens Bus Fácil Paygo","razaoSocial":"Totens Bus Fácil Paygo","patrimonioLiquido":0.0,"documentoIdentificacao":"87459328888654","etapa":5,"email":"rodolfo.rodrigues+00010@b2ml.com.br","pep":false,"mcc":{"id":7911,"descricao":"Lojas de Departamentos"},"endereco":{"logradouro":"Avenida Joaquim Nabuco","numero":76,"complemento":"até 783/784","cep":69005080,"cepstr":"69005080","primario":false,"bairro":"Centro","localidade":{"id":162,"cidade":"Manaus","estado":"AM"},"id":0,"dataCriacao":"0001-01-01T00:00:00+00:00","dataModificacao":"0001-01-01T00:00:00+00:00","ativo":false,"responsavelCriacao":0,"responsavelModificacao":0},"contatos":[{"nome":"Castro Alves","telefone":"(92) 98832-1784","representanteLegal":false,"id":0,"dataCriacao":"0001-01-01T00:00:00+00:00","dataModificacao":"0001-01-01T00:00:00+00:00","ativo":false,"responsavelCriacao":0,"responsavelModificacao":0}],"faturamentoMensal":{"ticketMedio":0.0,"transacoesDiarias":0,"volumeMensal":0.0,"taxaDebito":0.0,"taxaCredito":0.0,"id":0,"dataCriacao":"2020-04-17T14:48:27.0088046+00:00","dataModificacao":"0001-01-01T00:00:00+00:00","ativo":true,"responsavelCriacao":0,"responsavelModificacao":0},"documentos":[],"taxas":[],"domicilio":{"banco":"335","conta":"000456","agencia":"401","tipoConta":"Conta Salário","id":0,"dataCriacao":"0001-01-01T00:00:00+00:00","dataModificacao":"0001-01-01T00:00:00+00:00","ativo":false,"responsavelCriacao":0,"responsavelModificacao":0},"equipamentos":[],"telefone":"9288564577","maxParcelas":3,"aprovadoForca":false,"taxaAntecipacaoMensal":1.0,"id":0,"dataCriacao":"2020-04-17T14:48:27.0088034+00:00","dataModificacao":"2020-06-24T14:07:53.1135674+00:00","ativo":true,"responsavelCriacao":0,"responsavelModificacao":0}</msg>
<status status="PASS" starttime="20200715 17:03:46.493" endtime="20200715 17:03:46.495"></status>
</kw>
<status status="PASS" starttime="20200715 17:03:46.492" endtime="20200715 17:03:46.495"></status>
</kw>
<tags>
<tag>caso09</tag>
</tags>
<status status="PASS" starttime="20200715 17:03:43.877" endtime="20200715 17:03:46.498" critical="yes"></status>
</test>
<doc>http://18.230.42.118:5100/subadquirencia/cadastro/swagger/index.html#/</doc>
<status status="PASS" starttime="20200715 17:03:43.280" endtime="20200715 17:03:46.500"></status>
</suite>
<statistics>
<total>
<stat pass="1" fail="0">Critical Tests</stat>
<stat pass="1" fail="0">All Tests</stat>
</total>
<tag>
<stat pass="1" fail="0">caso09</stat>
</tag>
<suite>
<stat pass="1" fail="0" id="s1" name="testAPI">testAPI</stat>
</suite>
</statistics>
<errors>
</errors>
</robot>
