<?xml version="1.0" encoding="UTF-8"?>
<robot generator="Robot 3.2.1 (Python 3.6.9 on linux)" generated="20200627 23:22:46.862" rpa="false">
<suite id="s1" name="testAPI" source="/home/cndr/workspace/Robot/suiteCaruana/adquirenciaAPI/tests/testAPI.robot">
<kw name="Connect to API" library="resourceAPI" type="setup">
<kw name="Create Session" library="RequestsLibrary">
<doc>Create Session: create a HTTP session to a server</doc>
<arguments>
<arg>Adquirencia_API</arg>
<arg>${URL_API}</arg>
</arguments>
<msg timestamp="20200627 23:22:47.036" level="INFO">Creating Session using : alias=Adquirencia_API, url=http://18.230.42.118:5100/api, headers={},                     cookies={}, auth=None, timeout=None, proxies=None, verify=False,                     debug=0 </msg>
<status status="PASS" starttime="20200627 23:22:47.036" endtime="20200627 23:22:47.037"></status>
</kw>
<status status="PASS" starttime="20200627 23:22:47.035" endtime="20200627 23:22:47.037"></status>
</kw>
<test id="s1-t1" name="Cadastrar novo EC Pessoa Física">
<kw name="POST em um novo EC" library="resourceAPI">
<kw name="Create Dictionary" library="BuiltIn">
<doc>Creates and returns a dictionary based on the given ``items``.</doc>
<arguments>
<arg>Content-Type=application/json; charset=utf-8</arg>
<arg>AccessToken=eyJhbGciOiJIUzI1NiIsInR5cCI6IkpXVCJ9.eyJ1bmlxdWVfbmFtZSI6Ikx1aXogUm9vdCIsInJvbGUiOiJSb290IEFjY2VzcyIsIm5iZiI6MTU5MzMwODAyMCwiZXhwIjoxNTk1OTAwMDIwLCJpYXQiOjE1OTMzMDgwMjB9.so9NyoilMrVs1cFcshrQY1A5327JrKCXMgEU-Azl9rg</arg>
</arguments>
<assign>
<var>${HEADERS}</var>
</assign>
<msg timestamp="20200627 23:22:47.041" level="INFO">${HEADERS} = {'Content-Type': 'application/json; charset=utf-8', 'AccessToken': 'eyJhbGciOiJIUzI1NiIsInR5cCI6IkpXVCJ9.eyJ1bmlxdWVfbmFtZSI6Ikx1aXogUm9vdCIsInJvbGUiOiJSb290IEFjY2VzcyIsIm5iZiI6MTU5MzMwODAyMCwiZXhwIjo...</msg>
<status status="PASS" starttime="20200627 23:22:47.040" endtime="20200627 23:22:47.041"></status>
</kw>
<kw name="Get Binary File" library="OperatingSystem">
<doc>Returns the contents of a specified file.</doc>
<arguments>
<arg>${JSON_PATH}new_ecpf.json</arg>
</arguments>
<assign>
<var>${BODY}</var>
</assign>
<msg timestamp="20200627 23:22:47.042" level="INFO" html="yes">Getting file '&lt;a href="file:///home/cndr/workspace/Robot/suiteCaruana/adquirenciaAPI/json/new_ecpf.json"&gt;/home/cndr/workspace/Robot/suiteCaruana/adquirenciaAPI/json/new_ecpf.json&lt;/a&gt;'.</msg>
<msg timestamp="20200627 23:22:47.043" level="INFO">${BODY} = {
    "tipo": 2,
    "nomeCompleto": "Academia de Box",
    "nomeMae": "Maria Prado",
    "dataNascimento": "0001-01-01T00:00:00+00:00",
    "documentoIdentificacao": "74188577594",
    "etapa": 5,
  ...</msg>
<status status="PASS" starttime="20200627 23:22:47.041" endtime="20200627 23:22:47.043"></status>
</kw>
<kw name="Post Request" library="RequestsLibrary">
<doc>Send a POST request on the session object found using the
given `alias`</doc>
<arguments>
<arg>Adquirencia_API</arg>
<arg>Estabelecimentopf</arg>
<arg>headers=${HEADERS}</arg>
<arg>data=${BODY}</arg>
</arguments>
<assign>
<var>${POST_NEW_EC_PF}</var>
</assign>
<msg timestamp="20200627 23:22:48.977" level="INFO">POST Request : url=http://18.230.42.118:5100/api/Estabelecimentopf 
 path_url=/api/Estabelecimentopf 
 headers={'User-Agent': 'python-requests/2.23.0', 'Accept-Encoding': 'gzip, deflate', 'Accept': '*/*', 'Connection': 'keep-alive', 'Content-Type': 'application/json; charset=utf-8', 'AccessToken': 'eyJhbGciOiJIUzI1NiIsInR5cCI6IkpXVCJ9.eyJ1bmlxdWVfbmFtZSI6Ikx1aXogUm9vdCIsInJvbGUiOiJSb290IEFjY2VzcyIsIm5iZiI6MTU5MzMwODAyMCwiZXhwIjoxNTk1OTAwMDIwLCJpYXQiOjE1OTMzMDgwMjB9.so9NyoilMrVs1cFcshrQY1A5327JrKCXMgEU-Azl9rg', 'Content-Length': '2499'} 
 body=b'{\n    "tipo": 2,\n    "nomeCompleto": "Academia de Box",\n    "nomeMae": "Maria Prado",\n    "dataNascimento": "0001-01-01T00:00:00+00:00",\n    "documentoIdentificacao": "74188577594",\n    "etapa": 5,\n    "email": "conrado+000307@b2ml.com.br",\n    "pep": false,\n    "mcc": {\n        "id": 7911,\n        "descricao": "Academias/Estudios de Dan\xc3\xa7a - Sal\xc3\xb5es de Baile "\n    },\n    "endereco": {\n        "logradouro": "Avenida Joaquim Nabuco",\n        "numero": 62,\n        "complemento": "at\xc3\xa9 783/784",\n        "cep": 69005080,\n        "cepstr": "69005080",\n        "primario": false,\n        "bairro": "Centro",\n        "localidade": {\n            "id": 162,\n            "cidade": "Manaus",\n            "estado": "AM"\n        },\n        "id": 0,\n        "dataCriacao": "0001-01-01T00:00:00+00:00",\n        "dataModificacao": "0001-01-01T00:00:00+00:00",\n        "ativo": false,\n        "responsavelCriacao": 0,\n        "responsavelModificacao": 0\n    },\n    "contatos": [\n        {\n            "nome": "Herculano Prado",\n            "telefone": "(12) 88567-4577",\n            "representanteLegal": false,\n            "id": 0,\n            "dataCriacao": "0001-01-01T00:00:00+00:00",\n            "dataModificacao": "0001-01-01T00:00:00+00:00",\n            "ativo": true,\n            "responsavelCriacao": 0,\n            "responsavelModificacao": 0\n        }\n    ],\n    "faturamentoMensal": {\n        "ticketMedio": 0,\n        "transacoesDiarias": 0,\n        "volumeMensal": 0,\n        "taxaDebito": 0,\n        "taxaCredito": 0,\n        "id": 0,\n        "dataCriacao": "2020-04-17T14:48:27.0088046+00:00",\n        "dataModificacao": "0001-01-01T00:00:00+00:00",\n        "ativo": true,\n        "responsavelCriacao": 0,\n        "responsavelModificacao": 0\n    },\n    "documentos": [],\n    "taxas": [],\n    "domicilio": {\n        "banco": "335",\n        "conta": "000456",\n        "agencia": "401",\n        "tipoConta": "Conta Sal\xc3\xa1rio",\n        "id": 0,\n        "dataCriacao": "0001-01-01T00:00:00+00:00",\n        "dataModificacao": "0001-01-01T00:00:00+00:00",\n        "ativo": false,\n        "responsavelCriacao": 0,\n        "responsavelModificacao": 0\n    },\n    "equipamentos": [],\n    "telefone": "9288564577",\n    "maxParcelas": 3,\n    "aprovadoForca": false,\n    "taxaAntecipacaoMensal": 1,\n    "id": 0,\n    "dataCriacao": "2020-04-17T14:48:27.0088034+00:00",\n    "dataModificacao": "2020-06-24T14:07:53.1135674+00:00",\n    "ativo": true,\n    "responsavelCriacao": 0,\n    "responsavelModificacao": 0\n}' 
 </msg>
<msg timestamp="20200627 23:22:48.977" level="INFO">POST Response : url=http://18.230.42.118:5100/api/Estabelecimentopf 
 status=201, reason=Created 
 body={"tipo":2,"nomeCompleto":"Academia de Box","nomeMae":"Maria Prado","dataNascimento":"0001-01-01T00:00:00+00:00","documentoIdentificacao":"74188577594","etapa":5,"email":"conrado+000307@b2ml.com.br","pep":false,"mcc":{"id":7911,"descricao":"Academias/Estudios de Dança - Salões de Baile "},"endereco":{"logradouro":"Avenida Joaquim Nabuco","numero":62,"complemento":"até 783/784","cep":69005080,"cepstr":"69005080","primario":false,"bairro":"Centro","localidade":{"id":162,"cidade":"Manaus","estado":"AM"},"id":0,"dataCriacao":"0001-01-01T00:00:00+00:00","dataModificacao":"0001-01-01T00:00:00+00:00","ativo":false,"responsavelCriacao":0,"responsavelModificacao":0},"contatos":[{"nome":"Herculano Prado","telefone":"(12) 88567-4577","representanteLegal":false,"id":0,"dataCriacao":"0001-01-01T00:00:00+00:00","dataModificacao":"0001-01-01T00:00:00+00:00","ativo":true,"responsavelCriacao":0,"responsavelModificacao":0}],"faturamentoMensal":{"ticketMedio":0.0,"transacoesDiarias":0,"volumeMensal":0.0,"taxaDebito":0.0,"taxaCredito":0.0,"id":0,"dataCriacao":"2020-04-17T14:48:27.0088046+00:00","dataModificacao":"0001-01-01T00:00:00+00:00","ativo":true,"responsavelCriacao":0,"responsavelModificacao":0},"documentos":[],"taxas":[],"domicilio":{"banco":"335","conta":"000456","agencia":"401","tipoConta":"Conta Salário","id":0,"dataCriacao":"0001-01-01T00:00:00+00:00","dataModificacao":"0001-01-01T00:00:00+00:00","ativo":false,"responsavelCriacao":0,"responsavelModificacao":0},"equipamentos":[],"telefone":"9288564577","maxParcelas":3,"aprovadoForca":false,"taxaAntecipacaoMensal":1.0,"id":0,"dataCriacao":"2020-04-17T14:48:27.0088034+00:00","dataModificacao":"2020-06-24T14:07:53.1135674+00:00","ativo":true,"responsavelCriacao":0,"responsavelModificacao":0} 
 </msg>
<msg timestamp="20200627 23:22:48.978" level="INFO">${POST_NEW_EC_PF} = &lt;Response [201]&gt;</msg>
<status status="PASS" starttime="20200627 23:22:47.043" endtime="20200627 23:22:48.978"></status>
</kw>
<kw name="Set Test Variable" library="BuiltIn">
<doc>Makes a variable available everywhere within the scope of the current test.</doc>
<arguments>
<arg>${POST_NEW_EC_PF}</arg>
</arguments>
<msg timestamp="20200627 23:22:48.979" level="INFO">${POST_NEW_EC_PF} = &lt;Response [201]&gt;</msg>
<status status="PASS" starttime="20200627 23:22:48.978" endtime="20200627 23:22:48.979"></status>
</kw>
<status status="PASS" starttime="20200627 23:22:47.039" endtime="20200627 23:22:48.979"></status>
</kw>
<kw name="Conferir o status POST EC" library="resourceAPI">
<arguments>
<arg>201</arg>
</arguments>
<kw name="Should Be Equal As Strings" library="BuiltIn">
<doc>Fails if objects are unequal after converting them to strings.</doc>
<arguments>
<arg>${POST_NEW_EC_PF.status_code}</arg>
<arg>${STATUS_EC_VERIFY}</arg>
</arguments>
<msg timestamp="20200627 23:22:48.981" level="INFO">Argument types are:
&lt;class 'int'&gt;
&lt;type 'unicode'&gt;</msg>
<status status="PASS" starttime="20200627 23:22:48.980" endtime="20200627 23:22:48.981"></status>
</kw>
<status status="PASS" starttime="20200627 23:22:48.979" endtime="20200627 23:22:48.981"></status>
</kw>
<kw name="Conferir o reason POST EC" library="resourceAPI">
<arguments>
<arg>Created</arg>
</arguments>
<kw name="Should Be Equal As Strings" library="BuiltIn">
<doc>Fails if objects are unequal after converting them to strings.</doc>
<arguments>
<arg>${POST_NEW_EC_PF.reason}</arg>
<arg>${REASON_EC_VERIFY}</arg>
</arguments>
<status status="PASS" starttime="20200627 23:22:48.983" endtime="20200627 23:22:48.983"></status>
</kw>
<status status="PASS" starttime="20200627 23:22:48.982" endtime="20200627 23:22:48.984"></status>
</kw>
<kw name="Exibir os dados do novo EC" library="resourceAPI">
<kw name="Log" library="BuiltIn">
<doc>Logs the given message with the given level.</doc>
<arguments>
<arg>${POST_NEW_EC_PF.text}</arg>
</arguments>
<msg timestamp="20200627 23:22:48.986" level="INFO">{"tipo":2,"nomeCompleto":"Academia de Box","nomeMae":"Maria Prado","dataNascimento":"0001-01-01T00:00:00+00:00","documentoIdentificacao":"74188577594","etapa":5,"email":"conrado+000307@b2ml.com.br","pep":false,"mcc":{"id":7911,"descricao":"Academias/Estudios de Dança - Salões de Baile "},"endereco":{"logradouro":"Avenida Joaquim Nabuco","numero":62,"complemento":"até 783/784","cep":69005080,"cepstr":"69005080","primario":false,"bairro":"Centro","localidade":{"id":162,"cidade":"Manaus","estado":"AM"},"id":0,"dataCriacao":"0001-01-01T00:00:00+00:00","dataModificacao":"0001-01-01T00:00:00+00:00","ativo":false,"responsavelCriacao":0,"responsavelModificacao":0},"contatos":[{"nome":"Herculano Prado","telefone":"(12) 88567-4577","representanteLegal":false,"id":0,"dataCriacao":"0001-01-01T00:00:00+00:00","dataModificacao":"0001-01-01T00:00:00+00:00","ativo":true,"responsavelCriacao":0,"responsavelModificacao":0}],"faturamentoMensal":{"ticketMedio":0.0,"transacoesDiarias":0,"volumeMensal":0.0,"taxaDebito":0.0,"taxaCredito":0.0,"id":0,"dataCriacao":"2020-04-17T14:48:27.0088046+00:00","dataModificacao":"0001-01-01T00:00:00+00:00","ativo":true,"responsavelCriacao":0,"responsavelModificacao":0},"documentos":[],"taxas":[],"domicilio":{"banco":"335","conta":"000456","agencia":"401","tipoConta":"Conta Salário","id":0,"dataCriacao":"0001-01-01T00:00:00+00:00","dataModificacao":"0001-01-01T00:00:00+00:00","ativo":false,"responsavelCriacao":0,"responsavelModificacao":0},"equipamentos":[],"telefone":"9288564577","maxParcelas":3,"aprovadoForca":false,"taxaAntecipacaoMensal":1.0,"id":0,"dataCriacao":"2020-04-17T14:48:27.0088034+00:00","dataModificacao":"2020-06-24T14:07:53.1135674+00:00","ativo":true,"responsavelCriacao":0,"responsavelModificacao":0}</msg>
<status status="PASS" starttime="20200627 23:22:48.985" endtime="20200627 23:22:48.986"></status>
</kw>
<status status="PASS" starttime="20200627 23:22:48.984" endtime="20200627 23:22:48.986"></status>
</kw>
<tags>
<tag>caso06</tag>
</tags>
<status status="PASS" starttime="20200627 23:22:47.038" endtime="20200627 23:22:48.987" critical="yes"></status>
</test>
<doc>http://18.230.42.118:5100/subadquirencia/cadastro/swagger/index.html#/</doc>
<status status="PASS" starttime="20200627 23:22:46.863" endtime="20200627 23:22:48.988"></status>
</suite>
<statistics>
<total>
<stat pass="1" fail="0">Critical Tests</stat>
<stat pass="1" fail="0">All Tests</stat>
</total>
<tag>
<stat pass="1" fail="0">caso06</stat>
</tag>
<suite>
<stat pass="1" fail="0" id="s1" name="testAPI">testAPI</stat>
</suite>
</statistics>
<errors>
<msg timestamp="20200627 23:22:47.033" level="ERROR">Error in file '/home/cndr/workspace/Robot/suiteCaruana/adquirenciaAPI/resource/resourceAPI.robot' on line 13: Setting variable '&amp;{VENDEDOR}' failed: Variable '${LOCALIDADE}' not found.</msg>
</errors>
</robot>
