<?xml version="1.0" encoding="UTF-8"?>
<robot generator="Robot 3.2.1 (Python 3.6.9 on linux)" generated="20200622 17:37:19.761" rpa="false">
<suite id="s1" name="vendedorTestAPI" source="/home/cndr/workspace/Robot/suiteCaruana/adquirenciaAPI/tests/vendedorTestAPI.robot">
<kw name="Connect to API" library="resourceAPI" type="setup">
<kw name="Create Session" library="RequestsLibrary">
<doc>Create Session: create a HTTP session to a server</doc>
<arguments>
<arg>Adquirencia_API</arg>
<arg>${URL_API}</arg>
</arguments>
<msg timestamp="20200622 17:37:19.895" level="INFO">Creating Session using : alias=Adquirencia_API, url=http://18.230.42.118:5100/api, headers={},                     cookies={}, auth=None, timeout=None, proxies=None, verify=False,                     debug=0 </msg>
<status status="PASS" starttime="20200622 17:37:19.895" endtime="20200622 17:37:19.896"></status>
</kw>
<status status="PASS" starttime="20200622 17:37:19.894" endtime="20200622 17:37:19.896"></status>
</kw>
<test id="s1-t1" name="Listar um vendedor (GET)">
<kw name="GET em um vendedor &quot;5&quot;" library="resourceAPI">
<kw name="Get Request" library="RequestsLibrary">
<doc>Send a GET request on the session object found using the
given `alias`</doc>
<arguments>
<arg>Adquirencia_API</arg>
<arg>Vendedor/${ID_VENDEDOR}</arg>
</arguments>
<assign>
<var>${GET_VENDEDOR}</var>
</assign>
<msg timestamp="20200622 17:37:19.932" level="INFO">GET Request : url=http://18.230.42.118:5100/api/Vendedor/5 
 path_url=/api/Vendedor/5 
 headers={'User-Agent': 'python-requests/2.23.0', 'Accept-Encoding': 'gzip, deflate', 'Accept': '*/*', 'Connection': 'keep-alive'} 
 body=None 
 </msg>
<msg timestamp="20200622 17:37:19.932" level="INFO">GET Response : url=http://18.230.42.118:5100/api/Vendedor/5 
 status=200, reason=OK 
 body={"login":"Mm","nome":"Maisa Malta","cpf":"15975365478","telefone":"32165498645","email":"conrado+00046@b2ml.com.br","metaMensal":5,"localidade":{"id":162,"cidade":"Manaus","estado":"AM"},"status":1,"id":5,"dataCriacao":"2020-04-24T14:00:50.1750279+00:00","dataModificacao":"0001-01-01T00:00:00+00:00","ativo":true,"responsavelCriacao":10019,"responsavelModificacao":0} 
 </msg>
<msg timestamp="20200622 17:37:19.933" level="INFO">${GET_VENDEDOR} = &lt;Response [200]&gt;</msg>
<status status="PASS" starttime="20200622 17:37:19.898" endtime="20200622 17:37:19.933"></status>
</kw>
<kw name="Log" library="BuiltIn">
<doc>Logs the given message with the given level.</doc>
<arguments>
<arg>${GET_VENDEDOR.text}</arg>
</arguments>
<msg timestamp="20200622 17:37:19.934" level="INFO">{"login":"Mm","nome":"Maisa Malta","cpf":"15975365478","telefone":"32165498645","email":"conrado+00046@b2ml.com.br","metaMensal":5,"localidade":{"id":162,"cidade":"Manaus","estado":"AM"},"status":1,"id":5,"dataCriacao":"2020-04-24T14:00:50.1750279+00:00","dataModificacao":"0001-01-01T00:00:00+00:00","ativo":true,"responsavelCriacao":10019,"responsavelModificacao":0}</msg>
<status status="PASS" starttime="20200622 17:37:19.933" endtime="20200622 17:37:19.934"></status>
</kw>
<kw name="Set Test Variable" library="BuiltIn">
<doc>Makes a variable available everywhere within the scope of the current test.</doc>
<arguments>
<arg>${GET_VENDEDOR}</arg>
</arguments>
<msg timestamp="20200622 17:37:19.935" level="INFO">${GET_VENDEDOR} = &lt;Response [200]&gt;</msg>
<status status="PASS" starttime="20200622 17:37:19.934" endtime="20200622 17:37:19.935"></status>
</kw>
<status status="PASS" starttime="20200622 17:37:19.898" endtime="20200622 17:37:19.935"></status>
</kw>
<kw name="Conferir o status code" library="resourceAPI">
<arguments>
<arg>200</arg>
</arguments>
<kw name="Should Be Equal As Strings" library="BuiltIn">
<doc>Fails if objects are unequal after converting them to strings.</doc>
<arguments>
<arg>${GET_VENDEDOR.status_code}</arg>
<arg>${STATUS_CODE_VERIFY}</arg>
</arguments>
<msg timestamp="20200622 17:37:19.938" level="INFO">Argument types are:
&lt;class 'int'&gt;
&lt;type 'unicode'&gt;</msg>
<status status="PASS" starttime="20200622 17:37:19.937" endtime="20200622 17:37:19.938"></status>
</kw>
<status status="PASS" starttime="20200622 17:37:19.936" endtime="20200622 17:37:19.938"></status>
</kw>
<kw name="Conferir o reason" library="resourceAPI">
<arguments>
<arg>OK</arg>
</arguments>
<kw name="Should Be Equal As Strings" library="BuiltIn">
<doc>Fails if objects are unequal after converting them to strings.</doc>
<arguments>
<arg>${GET_VENDEDOR.reason}</arg>
<arg>${REASON_VERIFY}</arg>
</arguments>
<status status="PASS" starttime="20200622 17:37:19.940" endtime="20200622 17:37:19.940"></status>
</kw>
<status status="PASS" starttime="20200622 17:37:19.939" endtime="20200622 17:37:19.941"></status>
</kw>
<kw name="Exibir os dados do vendedor" library="resourceAPI">
<kw name="Log" library="BuiltIn">
<doc>Logs the given message with the given level.</doc>
<arguments>
<arg>${GET_VENDEDOR.json()}</arg>
</arguments>
<msg timestamp="20200622 17:37:19.943" level="INFO">{'login': 'Mm', 'nome': 'Maisa Malta', 'cpf': '15975365478', 'telefone': '32165498645', 'email': 'conrado+00046@b2ml.com.br', 'metaMensal': 5, 'localidade': {'id': 162, 'cidade': 'Manaus', 'estado': 'AM'}, 'status': 1, 'id': 5, 'dataCriacao': '2020-04-24T14:00:50.1750279+00:00', 'dataModificacao': '0001-01-01T00:00:00+00:00', 'ativo': True, 'responsavelCriacao': 10019, 'responsavelModificacao': 0}</msg>
<status status="PASS" starttime="20200622 17:37:19.942" endtime="20200622 17:37:19.943"></status>
</kw>
<status status="PASS" starttime="20200622 17:37:19.941" endtime="20200622 17:37:19.943"></status>
</kw>
<tags>
<tag>caso02</tag>
</tags>
<status status="PASS" starttime="20200622 17:37:19.897" endtime="20200622 17:37:19.945" critical="yes"></status>
</test>
<doc>http://18.230.42.118:5100/subadquirencia/cadastro/swagger/index.html#/</doc>
<status status="PASS" starttime="20200622 17:37:19.763" endtime="20200622 17:37:19.948"></status>
</suite>
<statistics>
<total>
<stat pass="1" fail="0">Critical Tests</stat>
<stat pass="1" fail="0">All Tests</stat>
</total>
<tag>
<stat pass="1" fail="0">caso02</stat>
</tag>
<suite>
<stat pass="1" fail="0" id="s1" name="vendedorTestAPI">vendedorTestAPI</stat>
</suite>
</statistics>
<errors>
</errors>
</robot>
