<?xml version="1.0" encoding="UTF-8"?>
<robot generator="Robot 3.2.1 (Python 3.6.9 on linux)" generated="20200630 18:08:30.348" rpa="false">
<suite id="s1" name="testAPI" source="/home/cndr/workspace/Robot/suiteCaruana/adquirenciaAPI/tests/testAPI.robot">
<kw name="Connect to API" library="resourceAPI" type="setup">
<kw name="Create Session" library="RequestsLibrary">
<doc>Create Session: create a HTTP session to a server</doc>
<arguments>
<arg>Adquirencia_API</arg>
<arg>${URL_API}</arg>
</arguments>
<msg timestamp="20200630 18:08:30.499" level="INFO">Creating Session using : alias=Adquirencia_API, url=http://18.230.42.118:5100/api, headers={},                     cookies={}, auth=None, timeout=None, proxies=None, verify=False,                     debug=0 </msg>
<status status="PASS" starttime="20200630 18:08:30.498" endtime="20200630 18:08:30.502"></status>
</kw>
<status status="PASS" starttime="20200630 18:08:30.497" endtime="20200630 18:08:30.503"></status>
</kw>
<test id="s1-t1" name="Desativar vendedor (POST)">
<kw name="Desativar vendedor id: &quot;30051&quot;" library="resourceAPI">
<kw name="Create Dictionary" library="BuiltIn">
<doc>Creates and returns a dictionary based on the given ``items``.</doc>
<arguments>
<arg>Content-Type=application/json; charset-utf-8</arg>
<arg>AccessToken=eyJhbGciOiJIUzI1NiIsInR5cCI6IkpXVCJ9.eyJ1bmlxdWVfbmFtZSI6Ikx1aXogUm9vdCIsInJvbGUiOiJSb290IEFjY2VzcyIsIm5iZiI6MTU5MzMwODAyMCwiZXhwIjoxNTk1OTAwMDIwLCJpYXQiOjE1OTMzMDgwMjB9.so9NyoilMrVs1cFcshrQY1A5327JrKCXMgEU-Azl9rg</arg>
</arguments>
<assign>
<var>${HEADERS}</var>
</assign>
<msg timestamp="20200630 18:08:30.506" level="INFO">${HEADERS} = {'Content-Type': 'application/json; charset-utf-8', 'AccessToken': 'eyJhbGciOiJIUzI1NiIsInR5cCI6IkpXVCJ9.eyJ1bmlxdWVfbmFtZSI6Ikx1aXogUm9vdCIsInJvbGUiOiJSb290IEFjY2VzcyIsIm5iZiI6MTU5MzMwODAyMCwiZXhwIjo...</msg>
<status status="PASS" starttime="20200630 18:08:30.504" endtime="20200630 18:08:30.506"></status>
</kw>
<kw name="Get Binary File" library="OperatingSystem">
<doc>Returns the contents of a specified file.</doc>
<arguments>
<arg>${JSON_PATH}deactive_vendor.json</arg>
</arguments>
<assign>
<var>${BODY}</var>
</assign>
<msg timestamp="20200630 18:08:30.507" level="INFO" html="yes">Getting file '&lt;a href="file:///home/cndr/workspace/Robot/suiteCaruana/adquirenciaAPI/json/deactive_vendor.json"&gt;/home/cndr/workspace/Robot/suiteCaruana/adquirenciaAPI/json/deactive_vendor.json&lt;/a&gt;'.</msg>
<msg timestamp="20200630 18:08:30.507" level="INFO">${BODY} = {
    "newVendedorId": 30050,
    "oldVendedorId": 30051,
    "equipamentoParaOutroVendedor": true,
    "cartaoParaOutroVendedor": true
  }</msg>
<status status="PASS" starttime="20200630 18:08:30.506" endtime="20200630 18:08:30.507"></status>
</kw>
<kw name="Post Request" library="RequestsLibrary">
<doc>Send a POST request on the session object found using the
given `alias`</doc>
<arguments>
<arg>Adquirencia_API</arg>
<arg>Vendedor/Desativar</arg>
<arg>headers=${HEADERS}</arg>
<arg>data=${BODY}</arg>
</arguments>
<assign>
<var>${REQUEST}</var>
</assign>
<msg timestamp="20200630 18:08:30.557" level="INFO">POST Request : url=http://18.230.42.118:5100/api/Vendedor/Desativar 
 path_url=/api/Vendedor/Desativar 
 headers={'User-Agent': 'python-requests/2.23.0', 'Accept-Encoding': 'gzip, deflate', 'Accept': '*/*', 'Connection': 'keep-alive', 'Content-Type': 'application/json; charset-utf-8', 'AccessToken': 'eyJhbGciOiJIUzI1NiIsInR5cCI6IkpXVCJ9.eyJ1bmlxdWVfbmFtZSI6Ikx1aXogUm9vdCIsInJvbGUiOiJSb290IEFjY2VzcyIsIm5iZiI6MTU5MzMwODAyMCwiZXhwIjoxNTk1OTAwMDIwLCJpYXQiOjE1OTMzMDgwMjB9.so9NyoilMrVs1cFcshrQY1A5327JrKCXMgEU-Azl9rg', 'Content-Length': '139'} 
 body=b'{\n    "newVendedorId": 30050,\n    "oldVendedorId": 30051,\n    "equipamentoParaOutroVendedor": true,\n    "cartaoParaOutroVendedor": true\n  }' 
 </msg>
<msg timestamp="20200630 18:08:30.557" level="INFO">POST Response : url=http://18.230.42.118:5100/api/Vendedor/Desativar 
 status=200, reason=OK 
 body=None 
 </msg>
<msg timestamp="20200630 18:08:30.557" level="INFO">${REQUEST} = &lt;Response [200]&gt;</msg>
<status status="PASS" starttime="20200630 18:08:30.507" endtime="20200630 18:08:30.557"></status>
</kw>
<kw name="Set Test Variable" library="BuiltIn">
<doc>Makes a variable available everywhere within the scope of the current test.</doc>
<arguments>
<arg>${REQUEST}</arg>
</arguments>
<msg timestamp="20200630 18:08:30.558" level="INFO">${REQUEST} = &lt;Response [200]&gt;</msg>
<status status="PASS" starttime="20200630 18:08:30.558" endtime="20200630 18:08:30.558"></status>
</kw>
<status status="PASS" starttime="20200630 18:08:30.504" endtime="20200630 18:08:30.558"></status>
</kw>
<kw name="Conferir status code" library="resourceAPI">
<arguments>
<arg>200</arg>
</arguments>
<kw name="Should Be Equal As Strings" library="BuiltIn">
<doc>Fails if objects are unequal after converting them to strings.</doc>
<arguments>
<arg>${REQUEST.status_code}</arg>
<arg>${STATUS_CODE}</arg>
</arguments>
<msg timestamp="20200630 18:08:30.560" level="INFO">Argument types are:
&lt;class 'int'&gt;
&lt;type 'unicode'&gt;</msg>
<status status="PASS" starttime="20200630 18:08:30.560" endtime="20200630 18:08:30.560"></status>
</kw>
<status status="PASS" starttime="20200630 18:08:30.559" endtime="20200630 18:08:30.560"></status>
</kw>
<kw name="Conferir reason" library="resourceAPI">
<arguments>
<arg>OK</arg>
</arguments>
<kw name="Should Be Equal As Strings" library="BuiltIn">
<doc>Fails if objects are unequal after converting them to strings.</doc>
<arguments>
<arg>${REQUEST.reason}</arg>
<arg>${REASON_MESSAGE}</arg>
</arguments>
<status status="PASS" starttime="20200630 18:08:30.561" endtime="20200630 18:08:30.562"></status>
</kw>
<status status="PASS" starttime="20200630 18:08:30.561" endtime="20200630 18:08:30.562"></status>
</kw>
<kw name="Exibir dados" library="resourceAPI">
<kw name="Log" library="BuiltIn">
<doc>Logs the given message with the given level.</doc>
<arguments>
<arg>${REQUEST.text}</arg>
</arguments>
<msg timestamp="20200630 18:08:30.564" level="INFO"></msg>
<status status="PASS" starttime="20200630 18:08:30.563" endtime="20200630 18:08:30.564"></status>
</kw>
<status status="PASS" starttime="20200630 18:08:30.563" endtime="20200630 18:08:30.565"></status>
</kw>
<tags>
<tag>caso05</tag>
</tags>
<status status="PASS" starttime="20200630 18:08:30.503" endtime="20200630 18:08:30.565" critical="yes"></status>
</test>
<doc>http://18.230.42.118:5100/subadquirencia/cadastro/swagger/index.html#/</doc>
<status status="PASS" starttime="20200630 18:08:30.350" endtime="20200630 18:08:30.566"></status>
</suite>
<statistics>
<total>
<stat pass="1" fail="0">Critical Tests</stat>
<stat pass="1" fail="0">All Tests</stat>
</total>
<tag>
<stat pass="1" fail="0">caso05</stat>
</tag>
<suite>
<stat pass="1" fail="0" id="s1" name="testAPI">testAPI</stat>
</suite>
</statistics>
<errors>
</errors>
</robot>
