<?xml version="1.0" encoding="UTF-8"?>
<robot generator="Robot 3.2.1 (Python 3.6.9 on linux)" generated="20200626 20:55:52.014" rpa="false">
<suite id="s1" name="vendedorTestAPI" source="/home/cndr/workspace/Robot/suiteCaruana/adquirenciaAPI/tests/vendedorTestAPI.robot">
<kw name="Connect to API" library="resourceAPI" type="setup">
<kw name="Create Session" library="RequestsLibrary">
<doc>Create Session: create a HTTP session to a server</doc>
<arguments>
<arg>Adquirencia_API</arg>
<arg>${URL_API}</arg>
</arguments>
<msg timestamp="20200626 20:55:52.157" level="INFO">Creating Session using : alias=Adquirencia_API, url=http://18.230.42.118:5100/api, headers={},                     cookies={}, auth=None, timeout=None, proxies=None, verify=False,                     debug=0 </msg>
<status status="PASS" starttime="20200626 20:55:52.157" endtime="20200626 20:55:52.158"></status>
</kw>
<status status="PASS" starttime="20200626 20:55:52.156" endtime="20200626 20:55:52.158"></status>
</kw>
<test id="s1-t1" name="Cadastrar um vendedor (POST)">
<kw name="POST em um novo vendedor" library="resourceAPI">
<kw name="Create Dictionary" library="BuiltIn">
<doc>Creates and returns a dictionary based on the given ``items``.</doc>
<arguments>
<arg>Content-Type=application/json</arg>
<arg>AccessToken=eyJhbGciOiJIUzI1NiIsInR5cCI6IkpXVCJ9.eyJ1bmlxdWVfbmFtZSI6Ikx1aXogUm9vdCIsInJvbGUiOiJSb290IEFjY2VzcyIsIm5iZiI6MTU5MzAwMzU4NSwiZXhwIjoxNTk1NTk1NTg1LCJpYXQiOjE1OTMwMDM1ODV9.jxqMS5OqZN4Tjel5qWc-vwuOET2uowvdIez_QPWZvY4</arg>
</arguments>
<assign>
<var>${HEADERS}</var>
</assign>
<msg timestamp="20200626 20:55:52.161" level="INFO">${HEADERS} = {'Content-Type': 'application/json', 'AccessToken': 'eyJhbGciOiJIUzI1NiIsInR5cCI6IkpXVCJ9.eyJ1bmlxdWVfbmFtZSI6Ikx1aXogUm9vdCIsInJvbGUiOiJSb290IEFjY2VzcyIsIm5iZiI6MTU5MzAwMzU4NSwiZXhwIjoxNTk1NTk1NTg1LC...</msg>
<status status="PASS" starttime="20200626 20:55:52.160" endtime="20200626 20:55:52.161"></status>
</kw>
<kw name="Create Dictionary" library="BuiltIn">
<doc>Creates and returns a dictionary based on the given ``items``.</doc>
<arguments>
<arg>id=0</arg>
<arg>dataCriacao=</arg>
<arg>dataModificacao=</arg>
<arg>ip=</arg>
<arg>geolocalizacao=</arg>
<arg>ativo=true</arg>
<arg>responsavelCriacao=0</arg>
<arg>responsavelModificacao=0</arg>
<arg>login=Wd</arg>
<arg>Localidade=${LOCAL_GET}</arg>
<arg>senha=</arg>
<arg>senhaNova=</arg>
<arg>senhaConfere=</arg>
<arg>nome=Wanda Damaceno</arg>
<arg>cpf=00795313664</arg>
<arg>telefone=9298787898978</arg>
<arg>email=conrado+01002@b2ml.com.br</arg>
<arg>metaMensal=5</arg>
<arg>compromissos=</arg>
<arg>equipeVendaVendedores=</arg>
<arg>status=1</arg>
</arguments>
<assign>
<var>${BODY}</var>
</assign>
<msg timestamp="20200626 20:55:52.162" level="INFO">${BODY} = {'id': '0', 'dataCriacao': '', 'dataModificacao': '', 'ip': '', 'geolocalizacao': '', 'ativo': 'true', 'responsavelCriacao': '0', 'responsavelModificacao': '0', 'login': 'Wd', 'Localidade': {'id': '16...</msg>
<status status="PASS" starttime="20200626 20:55:52.161" endtime="20200626 20:55:52.162"></status>
</kw>
<kw name="Post Request" library="RequestsLibrary">
<doc>Send a POST request on the session object found using the
given `alias`</doc>
<arguments>
<arg>Adquirencia_API</arg>
<arg>Vendedor</arg>
<arg>data=${BODY}</arg>
<arg>headers=${HEADERS}</arg>
</arguments>
<assign>
<var>${POST_NEW_VENDEDOR}</var>
</assign>
<msg timestamp="20200626 20:55:54.786" level="INFO">POST Request : url=http://18.230.42.118:5100/api/Vendedor 
 path_url=/api/Vendedor 
 headers={'User-Agent': 'python-requests/2.23.0', 'Accept-Encoding': 'gzip, deflate', 'Accept': '*/*', 'Connection': 'keep-alive', 'Content-Type': 'application/json', 'AccessToken': 'eyJhbGciOiJIUzI1NiIsInR5cCI6IkpXVCJ9.eyJ1bmlxdWVfbmFtZSI6Ikx1aXogUm9vdCIsInJvbGUiOiJSb290IEFjY2VzcyIsIm5iZiI6MTU5MzAwMzU4NSwiZXhwIjoxNTk1NTk1NTg1LCJpYXQiOjE1OTMwMDM1ODV9.jxqMS5OqZN4Tjel5qWc-vwuOET2uowvdIez_QPWZvY4', 'Content-Length': '488'} 
 body={"id": "0", "dataCriacao": "", "dataModificacao": "", "ip": "", "geolocalizacao": "", "ativo": "true", "responsavelCriacao": "0", "responsavelModificacao": "0", "login": "Wd", "Localidade": {"id": "162", "cidade": "Manaus", "estado": "AM"}, "senha": "", "senhaNova": "", "senhaConfere": "", "nome": "Wanda Damaceno", "cpf": "00795313664", "telefone": "9298787898978", "email": "conrado+01002@b2ml.com.br", "metaMensal": "5", "compromissos": "", "equipeVendaVendedores": "", "status": "1"} 
 </msg>
<msg timestamp="20200626 20:55:54.787" level="INFO">POST Response : url=http://18.230.42.118:5100/api/Vendedor 
 status=201, reason=Created 
 body={"login":"Wd","senha":"","senhaNova":"","senhaConfere":"","nome":"Wanda Damaceno","cpf":"00795313664","telefone":"9298787898978","email":"conrado+01002@b2ml.com.br","metaMensal":5,"localidade":{"id":162,"cidade":"Manaus","estado":"AM"},"status":1,"id":0,"dataCriacao":"0001-01-01T00:00:00+00:00","dataModificacao":"0001-01-01T00:00:00+00:00","ip":"","geolocalizacao":"","ativo":true,"responsavelCriacao":0,"responsavelModificacao":0} 
 </msg>
<msg timestamp="20200626 20:55:54.787" level="INFO">${POST_NEW_VENDEDOR} = &lt;Response [201]&gt;</msg>
<status status="PASS" starttime="20200626 20:55:52.162" endtime="20200626 20:55:54.787"></status>
</kw>
<kw name="Set Test Variable" library="BuiltIn">
<doc>Makes a variable available everywhere within the scope of the current test.</doc>
<arguments>
<arg>${POST_NEW_VENDEDOR}</arg>
</arguments>
<msg timestamp="20200626 20:55:54.788" level="INFO">${POST_NEW_VENDEDOR} = &lt;Response [201]&gt;</msg>
<status status="PASS" starttime="20200626 20:55:54.787" endtime="20200626 20:55:54.788"></status>
</kw>
<status status="PASS" starttime="20200626 20:55:52.159" endtime="20200626 20:55:54.788"></status>
</kw>
<tags>
<tag>caso03</tag>
</tags>
<status status="PASS" starttime="20200626 20:55:52.158" endtime="20200626 20:55:54.788" critical="yes"></status>
</test>
<doc>http://18.230.42.118:5100/subadquirencia/cadastro/swagger/index.html#/</doc>
<status status="PASS" starttime="20200626 20:55:52.016" endtime="20200626 20:55:54.789"></status>
</suite>
<statistics>
<total>
<stat pass="1" fail="0">Critical Tests</stat>
<stat pass="1" fail="0">All Tests</stat>
</total>
<tag>
<stat pass="1" fail="0">caso03</stat>
</tag>
<suite>
<stat pass="1" fail="0" id="s1" name="vendedorTestAPI">vendedorTestAPI</stat>
</suite>
</statistics>
<errors>
</errors>
</robot>
